<?xml version="1.0" encoding="UTF-8"?>
<coverage generated="1609398051406" clover="3.2.0">
  <project timestamp="1609398051406" name="All files">
    <metrics statements="767" coveredstatements="326" conditionals="399" coveredconditionals="159" methods="142" coveredmethods="55" elements="1308" coveredelements="540" complexity="0" loc="767" ncloc="767" packages="19" files="64" classes="64"/>
    <package name="src">
      <metrics statements="69" coveredstatements="51" conditionals="39" coveredconditionals="20" methods="9" coveredmethods="6"/>
      <file name="UnbxdSearchWrapper.js" path="/Users/vikramgupta/Unbxd/react-search-JS-SDK/src/UnbxdSearchWrapper.js">
        <metrics statements="69" coveredstatements="51" conditionals="39" coveredconditionals="20" methods="9" coveredmethods="6"/>
        <line num="38" count="1" type="stmt"/>
        <line num="51" count="9" type="stmt"/>
        <line num="60" count="9" type="stmt"/>
        <line num="62" count="9" type="stmt"/>
        <line num="63" count="9" type="stmt"/>
        <line num="64" count="9" type="stmt"/>
        <line num="65" count="9" type="stmt"/>
        <line num="68" count="9" type="stmt"/>
        <line num="71" count="9" type="stmt"/>
        <line num="74" count="9" type="stmt"/>
        <line num="75" count="9" type="stmt"/>
        <line num="76" count="9" type="stmt"/>
        <line num="77" count="9" type="stmt"/>
        <line num="78" count="9" type="stmt"/>
        <line num="79" count="9" type="stmt"/>
        <line num="80" count="9" type="stmt"/>
        <line num="81" count="9" type="stmt"/>
        <line num="82" count="9" type="stmt"/>
        <line num="83" count="9" type="stmt"/>
        <line num="85" count="9" type="stmt"/>
        <line num="122" count="9" type="stmt"/>
        <line num="126" count="9" type="stmt"/>
        <line num="127" count="9" type="stmt"/>
        <line num="129" count="9" type="cond" truecount="1" falsecount="1"/>
        <line num="133" count="9" type="cond" truecount="2" falsecount="0"/>
        <line num="134" count="9" type="stmt"/>
        <line num="136" count="9" type="cond" truecount="1" falsecount="1"/>
        <line num="137" count="0" type="stmt"/>
        <line num="138" count="0" type="stmt"/>
        <line num="148" count="9" type="cond" truecount="1" falsecount="1"/>
        <line num="153" count="0" type="stmt"/>
        <line num="154" count="0" type="stmt"/>
        <line num="160" count="0" type="stmt"/>
        <line num="161" count="0" type="stmt"/>
        <line num="162" count="0" type="stmt"/>
        <line num="165" count="9" type="cond" truecount="1" falsecount="1"/>
        <line num="166" count="9" type="stmt"/>
        <line num="171" count="22" type="stmt"/>
        <line num="172" count="22" type="stmt"/>
        <line num="173" count="22" type="stmt"/>
        <line num="174" count="22" type="stmt"/>
        <line num="176" count="22" type="stmt"/>
        <line num="177" count="22" type="stmt"/>
        <line num="178" count="22" type="stmt"/>
        <line num="180" count="22" type="cond" truecount="1" falsecount="1"/>
        <line num="183" count="22" type="cond" truecount="1" falsecount="1"/>
        <line num="189" count="0" type="stmt"/>
        <line num="190" count="0" type="stmt"/>
        <line num="196" count="0" type="stmt"/>
        <line num="197" count="0" type="cond" truecount="0" falsecount="4"/>
        <line num="198" count="0" type="stmt"/>
        <line num="200" count="0" type="stmt"/>
        <line num="201" count="0" type="stmt"/>
        <line num="203" count="0" type="stmt"/>
        <line num="204" count="22" type="cond" truecount="2" falsecount="0"/>
        <line num="208" count="8" type="stmt"/>
        <line num="209" count="14" type="cond" truecount="1" falsecount="1"/>
        <line num="210" count="0" type="stmt"/>
        <line num="211" count="0" type="stmt"/>
        <line num="223" count="31" type="stmt"/>
        <line num="224" count="31" type="stmt"/>
        <line num="235" count="31" type="cond" truecount="1" falsecount="1"/>
        <line num="236" count="0" type="stmt"/>
        <line num="239" count="31" type="stmt"/>
        <line num="243" count="31" type="stmt"/>
        <line num="244" count="31" type="stmt"/>
        <line num="246" count="31" type="stmt"/>
        <line num="264" count="1" type="stmt"/>
        <line num="270" count="1" type="stmt"/>
      </file>
    </package>
    <package name="src.common">
      <metrics statements="46" coveredstatements="15" conditionals="30" coveredconditionals="5" methods="15" coveredmethods="4"/>
      <file name="utils.js" path="/Users/vikramgupta/Unbxd/react-search-JS-SDK/src/common/utils.js">
        <metrics statements="46" coveredstatements="15" conditionals="30" coveredconditionals="5" methods="15" coveredmethods="4"/>
        <line num="5" count="1" type="stmt"/>
        <line num="11" count="71" type="stmt"/>
        <line num="12" count="71" type="cond" truecount="0" falsecount="1"/>
        <line num="14" count="71" type="cond" truecount="1" falsecount="1"/>
        <line num="19" count="0" type="stmt"/>
        <line num="22" count="71" type="cond" truecount="1" falsecount="1"/>
        <line num="33" count="1" type="stmt"/>
        <line num="34" count="0" type="cond" truecount="0" falsecount="2"/>
        <line num="35" count="0" type="cond" truecount="0" falsecount="2"/>
        <line num="36" count="0" type="stmt"/>
        <line num="39" count="0" type="stmt"/>
        <line num="43" count="1" type="stmt"/>
        <line num="45" count="9" type="stmt"/>
        <line num="46" count="0" type="stmt"/>
        <line num="47" count="0" type="stmt"/>
        <line num="48" count="0" type="stmt"/>
        <line num="49" count="0" type="stmt"/>
        <line num="50" count="0" type="cond" truecount="0" falsecount="2"/>
        <line num="52" count="0" type="cond" truecount="0" falsecount="2"/>
        <line num="53" count="0" type="stmt"/>
        <line num="54" count="0" type="stmt"/>
        <line num="55" count="0" type="cond" truecount="0" falsecount="2"/>
        <line num="59" count="1" type="cond" truecount="0" falsecount="1"/>
        <line num="60" count="0" type="stmt"/>
        <line num="63" count="1" type="stmt"/>
        <line num="64" count="0" type="stmt"/>
        <line num="65" count="0" type="stmt"/>
        <line num="66" count="0" type="stmt"/>
        <line num="68" count="0" type="stmt"/>
        <line num="73" count="1" type="stmt"/>
        <line num="74" count="120" type="stmt"/>
        <line num="77" count="1" type="stmt"/>
        <line num="78" count="6" type="stmt"/>
        <line num="81" count="1" type="stmt"/>
        <line num="86" count="0" type="stmt"/>
        <line num="88" count="0" type="stmt"/>
        <line num="89" count="0" type="cond" truecount="0" falsecount="2"/>
        <line num="91" count="0" type="stmt"/>
        <line num="95" count="0" type="stmt"/>
        <line num="96" count="0" type="stmt"/>
        <line num="102" count="0" type="stmt"/>
        <line num="103" count="0" type="cond" truecount="0" falsecount="2"/>
        <line num="104" count="0" type="cond" truecount="0" falsecount="2"/>
        <line num="105" count="0" type="stmt"/>
        <line num="110" count="0" type="stmt"/>
        <line num="113" count="0" type="stmt"/>
      </file>
    </package>
    <package name="src.common.context">
      <metrics statements="3" coveredstatements="3" conditionals="0" coveredconditionals="0" methods="0" coveredmethods="0"/>
      <file name="AppContext.js" path="/Users/vikramgupta/Unbxd/react-search-JS-SDK/src/common/context/AppContext.js">
        <metrics statements="3" coveredstatements="3" conditionals="0" coveredconditionals="0" methods="0" coveredmethods="0"/>
        <line num="3" count="1" type="stmt"/>
        <line num="5" count="1" type="stmt"/>
        <line num="6" count="1" type="stmt"/>
      </file>
      <file name="index.js" path="/Users/vikramgupta/Unbxd/react-search-JS-SDK/src/common/context/index.js">
        <metrics statements="0" coveredstatements="0" conditionals="0" coveredconditionals="0" methods="0" coveredmethods="0"/>
      </file>
    </package>
    <package name="src.components">
      <metrics statements="26" coveredstatements="19" conditionals="24" coveredconditionals="10" methods="8" coveredmethods="5"/>
      <file name="Button.js" path="/Users/vikramgupta/Unbxd/react-search-JS-SDK/src/components/Button.js">
        <metrics statements="2" coveredstatements="2" conditionals="0" coveredconditionals="0" methods="1" coveredmethods="1"/>
        <line num="4" count="40" type="stmt"/>
        <line num="6" count="1" type="stmt"/>
      </file>
      <file name="Input.js" path="/Users/vikramgupta/Unbxd/react-search-JS-SDK/src/components/Input.js">
        <metrics statements="13" coveredstatements="9" conditionals="11" coveredconditionals="6" methods="3" coveredmethods="2"/>
        <line num="5" count="9" type="stmt"/>
        <line num="8" count="9" type="stmt"/>
        <line num="9" count="9" type="cond" truecount="1" falsecount="1"/>
        <line num="10" count="0" type="stmt"/>
        <line num="14" count="9" type="stmt"/>
        <line num="15" count="0" type="stmt"/>
        <line num="16" count="0" type="stmt"/>
        <line num="18" count="0" type="stmt"/>
        <line num="31" count="18" type="stmt"/>
        <line num="32" count="18" type="cond" truecount="3" falsecount="0"/>
        <line num="34" count="18" type="stmt"/>
        <line num="62" count="1" type="stmt"/>
        <line num="70" count="1" type="stmt"/>
      </file>
      <file name="List.js" path="/Users/vikramgupta/Unbxd/react-search-JS-SDK/src/components/List.js">
        <metrics statements="7" coveredstatements="6" conditionals="11" coveredconditionals="4" methods="2" coveredmethods="2"/>
        <line num="7" count="1" type="stmt"/>
        <line num="17" count="147" type="stmt"/>
        <line num="21" count="120" type="cond" truecount="1" falsecount="1"/>
        <line num="24" count="120" type="cond" truecount="1" falsecount="1"/>
        <line num="25" count="0" type="stmt"/>
        <line num="35" count="120" type="stmt"/>
        <line num="50" count="1" type="stmt"/>
      </file>
      <file name="Loader.js" path="/Users/vikramgupta/Unbxd/react-search-JS-SDK/src/components/Loader.js">
        <metrics statements="2" coveredstatements="1" conditionals="0" coveredconditionals="0" methods="1" coveredmethods="0"/>
        <line num="3" count="1" type="stmt"/>
        <line num="4" count="0" type="stmt"/>
      </file>
      <file name="ViewMore.js" path="/Users/vikramgupta/Unbxd/react-search-JS-SDK/src/components/ViewMore.js">
        <metrics statements="2" coveredstatements="1" conditionals="2" coveredconditionals="0" methods="1" coveredmethods="0"/>
        <line num="3" count="1" type="stmt"/>
        <line num="4" count="0" type="cond" truecount="0" falsecount="2"/>
      </file>
      <file name="index.js" path="/Users/vikramgupta/Unbxd/react-search-JS-SDK/src/components/index.js">
        <metrics statements="0" coveredstatements="0" conditionals="0" coveredconditionals="0" methods="0" coveredmethods="0"/>
      </file>
    </package>
    <package name="src.components.utils">
      <metrics statements="1" coveredstatements="1" conditionals="0" coveredconditionals="0" methods="0" coveredmethods="0"/>
      <file name="constants.js" path="/Users/vikramgupta/Unbxd/react-search-JS-SDK/src/components/utils/constants.js">
        <metrics statements="1" coveredstatements="1" conditionals="0" coveredconditionals="0" methods="0" coveredmethods="0"/>
        <line num="1" count="1" type="stmt"/>
      </file>
      <file name="index.js" path="/Users/vikramgupta/Unbxd/react-search-JS-SDK/src/components/utils/index.js">
        <metrics statements="0" coveredstatements="0" conditionals="0" coveredconditionals="0" methods="0" coveredmethods="0"/>
      </file>
    </package>
    <package name="src.config">
      <metrics statements="9" coveredstatements="9" conditionals="0" coveredconditionals="0" methods="2" coveredmethods="0"/>
      <file name="constants.js" path="/Users/vikramgupta/Unbxd/react-search-JS-SDK/src/config/constants.js">
        <metrics statements="8" coveredstatements="8" conditionals="0" coveredconditionals="0" methods="0" coveredmethods="0"/>
        <line num="1" count="1" type="stmt"/>
        <line num="7" count="1" type="stmt"/>
        <line num="14" count="1" type="stmt"/>
        <line num="20" count="1" type="stmt"/>
        <line num="25" count="1" type="stmt"/>
        <line num="30" count="1" type="stmt"/>
        <line num="39" count="1" type="stmt"/>
        <line num="45" count="1" type="stmt"/>
      </file>
      <file name="index.js" path="/Users/vikramgupta/Unbxd/react-search-JS-SDK/src/config/index.js">
        <metrics statements="0" coveredstatements="0" conditionals="0" coveredconditionals="0" methods="0" coveredmethods="0"/>
      </file>
      <file name="searchConfigurations.js" path="/Users/vikramgupta/Unbxd/react-search-JS-SDK/src/config/searchConfigurations.js">
        <metrics statements="1" coveredstatements="1" conditionals="0" coveredconditionals="0" methods="2" coveredmethods="0"/>
        <line num="1" count="1" type="stmt"/>
      </file>
    </package>
    <package name="src.modules.products">
      <metrics statements="50" coveredstatements="45" conditionals="26" coveredconditionals="18" methods="9" coveredmethods="7"/>
      <file name="Products.js" path="/Users/vikramgupta/Unbxd/react-search-JS-SDK/src/modules/products/Products.js">
        <metrics statements="10" coveredstatements="9" conditionals="2" coveredconditionals="1" methods="2" coveredmethods="2"/>
        <line num="12" count="1" type="stmt"/>
        <line num="13" count="9" type="stmt"/>
        <line num="16" count="31" type="cond" truecount="1" falsecount="1"/>
        <line num="17" count="0" type="stmt"/>
        <line num="26" count="31" type="stmt"/>
        <line num="27" count="31" type="stmt"/>
        <line num="29" count="31" type="stmt"/>
        <line num="46" count="1" type="stmt"/>
        <line num="48" count="1" type="stmt"/>
        <line num="59" count="1" type="stmt"/>
      </file>
      <file name="ProductsContainer.js" path="/Users/vikramgupta/Unbxd/react-search-JS-SDK/src/modules/products/ProductsContainer.js">
        <metrics statements="40" coveredstatements="36" conditionals="24" coveredconditionals="17" methods="7" coveredmethods="5"/>
        <line num="19" count="9" type="stmt"/>
        <line num="22" count="9" type="stmt"/>
        <line num="23" count="9" type="stmt"/>
        <line num="27" count="9" type="stmt"/>
        <line num="31" count="9" type="stmt"/>
        <line num="69" count="31" type="stmt"/>
        <line num="71" count="31" type="stmt"/>
        <line num="72" count="31" type="stmt"/>
        <line num="73" count="31" type="stmt"/>
        <line num="74" count="31" type="stmt"/>
        <line num="77" count="31" type="stmt"/>
        <line num="79" count="31" type="cond" truecount="2" falsecount="0"/>
        <line num="81" count="31" type="cond" truecount="2" falsecount="0"/>
        <line num="83" count="31" type="stmt"/>
        <line num="84" count="2" type="stmt"/>
        <line num="85" count="2" type="stmt"/>
        <line num="87" count="2" type="cond" truecount="2" falsecount="1"/>
        <line num="89" count="2" type="cond" truecount="1" falsecount="1"/>
        <line num="93" count="2" type="stmt"/>
        <line num="94" count="2" type="stmt"/>
        <line num="97" count="31" type="stmt"/>
        <line num="98" count="1" type="stmt"/>
        <line num="99" count="1" type="cond" truecount="1" falsecount="1"/>
        <line num="100" count="1" type="stmt"/>
        <line num="101" count="1" type="stmt"/>
        <line num="106" count="1" type="cond" truecount="1" falsecount="1"/>
        <line num="107" count="1" type="cond" truecount="1" falsecount="1"/>
        <line num="108" count="0" type="stmt"/>
        <line num="113" count="1" type="stmt"/>
        <line num="116" count="0" type="stmt"/>
        <line num="124" count="31" type="stmt"/>
        <line num="126" count="0" type="stmt"/>
        <line num="127" count="0" type="stmt"/>
        <line num="132" count="31" type="stmt"/>
        <line num="155" count="31" type="stmt"/>
        <line num="168" count="31" type="stmt"/>
        <line num="172" count="31" type="stmt"/>
        <line num="173" count="31" type="stmt"/>
        <line num="175" count="31" type="stmt"/>
        <line num="184" count="1" type="stmt"/>
      </file>
      <file name="index.js" path="/Users/vikramgupta/Unbxd/react-search-JS-SDK/src/modules/products/index.js">
        <metrics statements="0" coveredstatements="0" conditionals="0" coveredconditionals="0" methods="0" coveredmethods="0"/>
      </file>
    </package>
    <package name="src.modules.products.__tests__.mocks">
      <metrics statements="2" coveredstatements="2" conditionals="0" coveredconditionals="0" methods="0" coveredmethods="0"/>
      <file name="searchMock.js" path="/Users/vikramgupta/Unbxd/react-search-JS-SDK/src/modules/products/__tests__/mocks/searchMock.js">
        <metrics statements="2" coveredstatements="2" conditionals="0" coveredconditionals="0" methods="0" coveredmethods="0"/>
        <line num="1" count="1" type="stmt"/>
        <line num="45" count="1" type="stmt"/>
      </file>
    </package>
    <package name="src.modules.products.productsWrapper">
      <metrics statements="74" coveredstatements="48" conditionals="89" coveredconditionals="61" methods="8" coveredmethods="7"/>
      <file name="NoProducts.js" path="/Users/vikramgupta/Unbxd/react-search-JS-SDK/src/modules/products/productsWrapper/NoProducts.js">
        <metrics statements="2" coveredstatements="2" conditionals="0" coveredconditionals="0" methods="1" coveredmethods="1"/>
        <line num="3" count="1" type="stmt"/>
        <line num="4" count="10" type="stmt"/>
      </file>
      <file name="ProductsWrapper.js" path="/Users/vikramgupta/Unbxd/react-search-JS-SDK/src/modules/products/productsWrapper/ProductsWrapper.js">
        <metrics statements="72" coveredstatements="46" conditionals="89" coveredconditionals="61" methods="7" coveredmethods="6"/>
        <line num="15" count="9" type="stmt"/>
        <line num="17" count="9" type="stmt"/>
        <line num="18" count="9" type="stmt"/>
        <line num="24" count="9" type="stmt"/>
        <line num="27" count="9" type="stmt"/>
        <line num="28" count="0" type="stmt"/>
        <line num="30" count="0" type="stmt"/>
        <line num="32" count="0" type="stmt"/>
        <line num="34" count="0" type="stmt"/>
        <line num="36" count="0" type="cond" truecount="0" falsecount="2"/>
        <line num="40" count="0" type="stmt"/>
        <line num="44" count="9" type="stmt"/>
        <line num="45" count="2" type="stmt"/>
        <line num="46" count="2" type="stmt"/>
        <line num="50" count="9" type="stmt"/>
        <line num="51" count="9" type="cond" truecount="1" falsecount="1"/>
        <line num="52" count="0" type="stmt"/>
        <line num="69" count="30" type="stmt"/>
        <line num="70" count="30" type="stmt"/>
        <line num="72" count="30" type="cond" truecount="1" falsecount="1"/>
        <line num="77" count="30" type="cond" truecount="2" falsecount="0"/>
        <line num="81" count="11" type="cond" truecount="4" falsecount="0"/>
        <line num="82" count="6" type="stmt"/>
        <line num="87" count="6" type="stmt"/>
        <line num="91" count="6" type="stmt"/>
        <line num="94" count="5" type="cond" truecount="1" falsecount="1"/>
        <line num="99" count="0" type="stmt"/>
        <line num="102" count="5" type="cond" truecount="3" falsecount="1"/>
        <line num="103" count="0" type="cond" truecount="0" falsecount="2"/>
        <line num="104" count="0" type="stmt"/>
        <line num="107" count="0" type="cond" truecount="0" falsecount="2"/>
        <line num="108" count="0" type="stmt"/>
        <line num="110" count="0" type="stmt"/>
        <line num="114" count="5" type="cond" truecount="1" falsecount="1"/>
        <line num="115" count="0" type="stmt"/>
        <line num="118" count="5" type="cond" truecount="2" falsecount="0"/>
        <line num="123" count="2" type="stmt"/>
        <line num="128" count="2" type="cond" truecount="1" falsecount="1"/>
        <line num="129" count="0" type="stmt"/>
        <line num="130" count="2" type="cond" truecount="1" falsecount="1"/>
        <line num="134" count="0" type="stmt"/>
        <line num="135" count="0" type="stmt"/>
        <line num="137" count="2" type="cond" truecount="1" falsecount="1"/>
        <line num="149" count="2" type="stmt"/>
        <line num="152" count="3" type="cond" truecount="3" falsecount="1"/>
        <line num="153" count="0" type="stmt"/>
        <line num="157" count="0" type="stmt"/>
        <line num="158" count="0" type="stmt"/>
        <line num="162" count="22" type="cond" truecount="1" falsecount="1"/>
        <line num="167" count="0" type="cond" truecount="0" falsecount="2"/>
        <line num="168" count="0" type="stmt"/>
        <line num="169" count="0" type="stmt"/>
        <line num="172" count="0" type="cond" truecount="0" falsecount="2"/>
        <line num="176" count="0" type="stmt"/>
        <line num="184" count="8" type="stmt"/>
        <line num="185" count="8" type="cond" truecount="1" falsecount="1"/>
        <line num="186" count="0" type="stmt"/>
        <line num="191" count="39" type="stmt"/>
        <line num="214" count="39" type="stmt"/>
        <line num="215" count="39" type="stmt"/>
        <line num="218" count="39" type="cond" truecount="2" falsecount="0"/>
        <line num="223" count="2" type="stmt"/>
        <line num="227" count="37" type="cond" truecount="4" falsecount="0"/>
        <line num="228" count="10" type="cond" truecount="2" falsecount="0"/>
        <line num="229" count="2" type="stmt"/>
        <line num="231" count="10" type="stmt"/>
        <line num="235" count="27" type="cond" truecount="3" falsecount="0"/>
        <line num="239" count="27" type="cond" truecount="2" falsecount="0"/>
        <line num="241" count="27" type="stmt"/>
        <line num="258" count="27" type="stmt"/>
        <line num="265" count="27" type="stmt"/>
        <line num="290" count="1" type="stmt"/>
      </file>
      <file name="index.js" path="/Users/vikramgupta/Unbxd/react-search-JS-SDK/src/modules/products/productsWrapper/index.js">
        <metrics statements="0" coveredstatements="0" conditionals="0" coveredconditionals="0" methods="0" coveredmethods="0"/>
      </file>
    </package>
    <package name="src.modules.products.productsWrapper.productCards">
      <metrics statements="40" coveredstatements="14" conditionals="18" coveredconditionals="4" methods="12" coveredmethods="2"/>
      <file name="GridProductCard.js" path="/Users/vikramgupta/Unbxd/react-search-JS-SDK/src/modules/products/productsWrapper/productCards/GridProductCard.js">
        <metrics statements="20" coveredstatements="13" conditionals="9" coveredconditionals="4" methods="6" coveredmethods="2"/>
        <line num="10" count="60" type="stmt"/>
        <line num="20" count="60" type="stmt"/>
        <line num="23" count="60" type="stmt"/>
        <line num="33" count="60" type="stmt"/>
        <line num="36" count="60" type="stmt"/>
        <line num="37" count="0" type="stmt"/>
        <line num="39" count="0" type="stmt"/>
        <line num="40" count="0" type="stmt"/>
        <line num="45" count="0" type="cond" truecount="0" falsecount="2"/>
        <line num="46" count="0" type="stmt"/>
        <line num="48" count="0" type="stmt"/>
        <line num="58" count="120" type="stmt"/>
        <line num="59" count="120" type="stmt"/>
        <line num="60" count="120" type="stmt"/>
        <line num="61" count="0" type="stmt"/>
        <line num="64" count="120" type="stmt"/>
        <line num="73" count="120" type="stmt"/>
        <line num="75" count="120" type="stmt"/>
        <line num="78" count="120" type="stmt"/>
        <line num="137" count="1" type="stmt"/>
      </file>
      <file name="ListProductCard.js" path="/Users/vikramgupta/Unbxd/react-search-JS-SDK/src/modules/products/productsWrapper/productCards/ListProductCard.js">
        <metrics statements="20" coveredstatements="1" conditionals="9" coveredconditionals="0" methods="6" coveredmethods="0"/>
        <line num="10" count="0" type="stmt"/>
        <line num="20" count="0" type="stmt"/>
        <line num="23" count="0" type="stmt"/>
        <line num="33" count="0" type="stmt"/>
        <line num="36" count="0" type="stmt"/>
        <line num="37" count="0" type="stmt"/>
        <line num="39" count="0" type="stmt"/>
        <line num="40" count="0" type="stmt"/>
        <line num="45" count="0" type="cond" truecount="0" falsecount="2"/>
        <line num="46" count="0" type="stmt"/>
        <line num="48" count="0" type="stmt"/>
        <line num="58" count="0" type="stmt"/>
        <line num="59" count="0" type="stmt"/>
        <line num="60" count="0" type="stmt"/>
        <line num="61" count="0" type="stmt"/>
        <line num="64" count="0" type="stmt"/>
        <line num="73" count="0" type="stmt"/>
        <line num="75" count="0" type="stmt"/>
        <line num="77" count="0" type="stmt"/>
        <line num="134" count="1" type="stmt"/>
      </file>
      <file name="index.js" path="/Users/vikramgupta/Unbxd/react-search-JS-SDK/src/modules/products/productsWrapper/productCards/index.js">
        <metrics statements="0" coveredstatements="0" conditionals="0" coveredconditionals="0" methods="0" coveredmethods="0"/>
      </file>
    </package>
    <package name="src.modules.products.productsWrapper.swatches">
      <metrics statements="4" coveredstatements="2" conditionals="2" coveredconditionals="0" methods="1" coveredmethods="0"/>
      <file name="SwatchItem.js" path="/Users/vikramgupta/Unbxd/react-search-JS-SDK/src/modules/products/productsWrapper/swatches/SwatchItem.js">
        <metrics statements="4" coveredstatements="2" conditionals="2" coveredconditionals="0" methods="1" coveredmethods="0"/>
        <line num="4" count="1" type="stmt"/>
        <line num="5" count="0" type="stmt"/>
        <line num="6" count="0" type="stmt"/>
        <line num="21" count="1" type="stmt"/>
      </file>
      <file name="index.js" path="/Users/vikramgupta/Unbxd/react-search-JS-SDK/src/modules/products/productsWrapper/swatches/index.js">
        <metrics statements="0" coveredstatements="0" conditionals="0" coveredconditionals="0" methods="0" coveredmethods="0"/>
      </file>
    </package>
    <package name="src.modules.products.productsWrapper.views">
      <metrics statements="8" coveredstatements="6" conditionals="6" coveredconditionals="2" methods="2" coveredmethods="1"/>
      <file name="GridView.js" path="/Users/vikramgupta/Unbxd/react-search-JS-SDK/src/modules/products/productsWrapper/views/GridView.js">
        <metrics statements="4" coveredstatements="4" conditionals="3" coveredconditionals="2" methods="1" coveredmethods="1"/>
        <line num="7" count="1" type="stmt"/>
        <line num="22" count="27" type="stmt"/>
        <line num="24" count="27" type="stmt"/>
        <line num="46" count="1" type="stmt"/>
      </file>
      <file name="ListView.js" path="/Users/vikramgupta/Unbxd/react-search-JS-SDK/src/modules/products/productsWrapper/views/ListView.js">
        <metrics statements="4" coveredstatements="2" conditionals="3" coveredconditionals="0" methods="1" coveredmethods="0"/>
        <line num="7" count="1" type="stmt"/>
        <line num="21" count="0" type="stmt"/>
        <line num="23" count="0" type="stmt"/>
        <line num="44" count="1" type="stmt"/>
      </file>
    </package>
    <package name="src.modules.products.utils">
      <metrics statements="39" coveredstatements="19" conditionals="26" coveredconditionals="8" methods="4" coveredmethods="3"/>
      <file name="constants.js" path="/Users/vikramgupta/Unbxd/react-search-JS-SDK/src/modules/products/utils/constants.js">
        <metrics statements="1" coveredstatements="1" conditionals="0" coveredconditionals="0" methods="0" coveredmethods="0"/>
        <line num="1" count="1" type="stmt"/>
      </file>
      <file name="index.js" path="/Users/vikramgupta/Unbxd/react-search-JS-SDK/src/modules/products/utils/index.js">
        <metrics statements="0" coveredstatements="0" conditionals="0" coveredconditionals="0" methods="0" coveredmethods="0"/>
      </file>
      <file name="utils.js" path="/Users/vikramgupta/Unbxd/react-search-JS-SDK/src/modules/products/utils/utils.js">
        <metrics statements="38" coveredstatements="18" conditionals="26" coveredconditionals="8" methods="4" coveredmethods="3"/>
        <line num="1" count="1" type="stmt"/>
        <line num="10" count="60" type="stmt"/>
        <line num="20" count="60" type="stmt"/>
        <line num="21" count="60" type="stmt"/>
        <line num="22" count="60" type="stmt"/>
        <line num="23" count="420" type="stmt"/>
        <line num="24" count="420" type="cond" truecount="2" falsecount="2"/>
        <line num="25" count="0" type="cond" truecount="0" falsecount="2"/>
        <line num="27" count="0" type="stmt"/>
        <line num="28" count="0" type="stmt"/>
        <line num="31" count="0" type="stmt"/>
        <line num="34" count="420" type="cond" truecount="2" falsecount="0"/>
        <line num="35" count="60" type="stmt"/>
        <line num="36" count="60" type="stmt"/>
        <line num="39" count="360" type="stmt"/>
        <line num="44" count="60" type="cond" truecount="1" falsecount="1"/>
        <line num="45" count="0" type="stmt"/>
        <line num="46" count="0" type="stmt"/>
        <line num="47" count="0" type="stmt"/>
        <line num="49" count="0" type="stmt"/>
        <line num="51" count="0" type="stmt"/>
        <line num="53" count="0" type="stmt"/>
        <line num="54" count="0" type="stmt"/>
        <line num="55" count="0" type="stmt"/>
        <line num="57" count="0" type="cond" truecount="0" falsecount="2"/>
        <line num="58" count="0" type="stmt"/>
        <line num="59" count="0" type="stmt"/>
        <line num="62" count="0" type="stmt"/>
        <line num="66" count="0" type="stmt"/>
        <line num="68" count="0" type="cond" truecount="0" falsecount="2"/>
        <line num="69" count="0" type="stmt"/>
        <line num="71" count="0" type="stmt"/>
        <line num="75" count="60" type="stmt"/>
        <line num="76" count="60" type="stmt"/>
        <line num="79" count="1" type="stmt"/>
        <line num="80" count="8" type="stmt"/>
        <line num="81" count="80" type="stmt"/>
        <line num="84" count="8" type="stmt"/>
      </file>
    </package>
    <package name="src.modules.rangeFacets.utils">
      <metrics statements="59" coveredstatements="3" conditionals="12" coveredconditionals="0" methods="9" coveredmethods="0"/>
      <file name="index.js" path="/Users/vikramgupta/Unbxd/react-search-JS-SDK/src/modules/rangeFacets/utils/index.js">
        <metrics statements="0" coveredstatements="0" conditionals="0" coveredconditionals="0" methods="0" coveredmethods="0"/>
      </file>
      <file name="utils.js" path="/Users/vikramgupta/Unbxd/react-search-JS-SDK/src/modules/rangeFacets/utils/utils.js">
        <metrics statements="59" coveredstatements="3" conditionals="12" coveredconditionals="0" methods="9" coveredmethods="0"/>
        <line num="3" count="1" type="stmt"/>
        <line num="4" count="0" type="stmt"/>
        <line num="6" count="0" type="stmt"/>
        <line num="7" count="0" type="stmt"/>
        <line num="8" count="0" type="stmt"/>
        <line num="9" count="0" type="stmt"/>
        <line num="13" count="0" type="cond" truecount="0" falsecount="2"/>
        <line num="14" count="0" type="stmt"/>
        <line num="16" count="0" type="stmt"/>
        <line num="25" count="0" type="stmt"/>
        <line num="28" count="1" type="stmt"/>
        <line num="29" count="0" type="stmt"/>
        <line num="30" count="0" type="stmt"/>
        <line num="32" count="0" type="cond" truecount="0" falsecount="2"/>
        <line num="33" count="0" type="stmt"/>
        <line num="34" count="0" type="stmt"/>
        <line num="35" count="0" type="stmt"/>
        <line num="37" count="0" type="cond" truecount="0" falsecount="2"/>
        <line num="38" count="0" type="stmt"/>
        <line num="49" count="0" type="stmt"/>
        <line num="50" count="0" type="stmt"/>
        <line num="51" count="0" type="stmt"/>
        <line num="52" count="0" type="stmt"/>
        <line num="53" count="0" type="stmt"/>
        <line num="54" count="0" type="stmt"/>
        <line num="56" count="0" type="stmt"/>
        <line num="57" count="0" type="stmt"/>
        <line num="58" count="0" type="stmt"/>
        <line num="59" count="0" type="stmt"/>
        <line num="60" count="0" type="cond" truecount="0" falsecount="2"/>
        <line num="63" count="0" type="cond" truecount="0" falsecount="2"/>
        <line num="64" count="0" type="stmt"/>
        <line num="65" count="0" type="stmt"/>
        <line num="66" count="0" type="stmt"/>
        <line num="74" count="0" type="stmt"/>
        <line num="76" count="0" type="stmt"/>
        <line num="77" count="0" type="stmt"/>
        <line num="79" count="0" type="stmt"/>
        <line num="80" count="0" type="stmt"/>
        <line num="81" count="0" type="stmt"/>
        <line num="82" count="0" type="stmt"/>
        <line num="93" count="0" type="stmt"/>
        <line num="94" count="0" type="stmt"/>
        <line num="95" count="0" type="stmt"/>
        <line num="96" count="0" type="stmt"/>
        <line num="97" count="0" type="stmt"/>
        <line num="98" count="0" type="stmt"/>
        <line num="104" count="0" type="stmt"/>
        <line num="105" count="0" type="stmt"/>
        <line num="108" count="0" type="stmt"/>
        <line num="111" count="1" type="stmt"/>
        <line num="112" count="0" type="stmt"/>
        <line num="113" count="0" type="stmt"/>
        <line num="114" count="0" type="stmt"/>
        <line num="115" count="0" type="stmt"/>
        <line num="116" count="0" type="stmt"/>
        <line num="117" count="0" type="stmt"/>
        <line num="118" count="0" type="stmt"/>
        <line num="120" count="0" type="stmt"/>
      </file>
    </package>
    <package name="src.modules.searchBox">
      <metrics statements="59" coveredstatements="31" conditionals="23" coveredconditionals="6" methods="11" coveredmethods="8"/>
      <file name="SearchBox.js" path="/Users/vikramgupta/Unbxd/react-search-JS-SDK/src/modules/searchBox/SearchBox.js">
        <metrics statements="9" coveredstatements="8" conditionals="2" coveredconditionals="1" methods="2" coveredmethods="2"/>
        <line num="11" count="1" type="stmt"/>
        <line num="12" count="9" type="stmt"/>
        <line num="15" count="31" type="cond" truecount="1" falsecount="1"/>
        <line num="16" count="0" type="stmt"/>
        <line num="24" count="31" type="stmt"/>
        <line num="26" count="31" type="stmt"/>
        <line num="40" count="1" type="stmt"/>
        <line num="42" count="1" type="stmt"/>
        <line num="48" count="1" type="stmt"/>
      </file>
      <file name="SearchBoxContainer.js" path="/Users/vikramgupta/Unbxd/react-search-JS-SDK/src/modules/searchBox/SearchBoxContainer.js">
        <metrics statements="46" coveredstatements="19" conditionals="21" coveredconditionals="5" methods="8" coveredmethods="5"/>
        <line num="13" count="9" type="stmt"/>
        <line num="15" count="9" type="stmt"/>
        <line num="16" count="9" type="stmt"/>
        <line num="17" count="9" type="stmt"/>
        <line num="18" count="9" type="stmt"/>
        <line num="20" count="9" type="stmt"/>
        <line num="26" count="9" type="stmt"/>
        <line num="27" count="9" type="cond" truecount="0" falsecount="1"/>
        <line num="28" count="9" type="cond" truecount="3" falsecount="1"/>
        <line num="29" count="9" type="stmt"/>
        <line num="34" count="0" type="stmt"/>
        <line num="35" count="0" type="stmt"/>
        <line num="39" count="9" type="stmt"/>
        <line num="43" count="0" type="stmt"/>
        <line num="44" count="0" type="stmt"/>
        <line num="46" count="0" type="cond" truecount="0" falsecount="2"/>
        <line num="47" count="0" type="cond" truecount="0" falsecount="2"/>
        <line num="49" count="0" type="stmt"/>
        <line num="54" count="0" type="stmt"/>
        <line num="57" count="0" type="stmt"/>
        <line num="58" count="0" type="stmt"/>
        <line num="59" count="0" type="stmt"/>
        <line num="63" count="0" type="stmt"/>
        <line num="70" count="0" type="stmt"/>
        <line num="71" count="0" type="cond" truecount="0" falsecount="2"/>
        <line num="72" count="0" type="stmt"/>
        <line num="74" count="0" type="stmt"/>
        <line num="78" count="0" type="cond" truecount="0" falsecount="2"/>
        <line num="79" count="0" type="cond" truecount="0" falsecount="4"/>
        <line num="80" count="0" type="stmt"/>
        <line num="81" count="0" type="stmt"/>
        <line num="83" count="0" type="stmt"/>
        <line num="85" count="0" type="cond" truecount="0" falsecount="2"/>
        <line num="86" count="0" type="stmt"/>
        <line num="87" count="0" type="stmt"/>
        <line num="89" count="0" type="stmt"/>
        <line num="91" count="0" type="stmt"/>
        <line num="92" count="0" type="stmt"/>
        <line num="107" count="40" type="stmt"/>
        <line num="109" count="40" type="cond" truecount="2" falsecount="0"/>
        <line num="111" count="40" type="stmt"/>
        <line num="122" count="40" type="stmt"/>
        <line num="132" count="40" type="stmt"/>
        <line num="136" count="40" type="stmt"/>
        <line num="138" count="40" type="stmt"/>
        <line num="146" count="1" type="stmt"/>
      </file>
      <file name="SearchBoxWrapper.js" path="/Users/vikramgupta/Unbxd/react-search-JS-SDK/src/modules/searchBox/SearchBoxWrapper.js">
        <metrics statements="4" coveredstatements="4" conditionals="0" coveredconditionals="0" methods="1" coveredmethods="1"/>
        <line num="7" count="1" type="stmt"/>
        <line num="22" count="40" type="stmt"/>
        <line num="23" count="40" type="stmt"/>
        <line num="49" count="1" type="stmt"/>
      </file>
      <file name="index.js" path="/Users/vikramgupta/Unbxd/react-search-JS-SDK/src/modules/searchBox/index.js">
        <metrics statements="0" coveredstatements="0" conditionals="0" coveredconditionals="0" methods="0" coveredmethods="0"/>
      </file>
    </package>
    <package name="src.modules.searchBox.searchButton">
      <metrics statements="4" coveredstatements="4" conditionals="2" coveredconditionals="1" methods="1" coveredmethods="1"/>
      <file name="SearchButton.js" path="/Users/vikramgupta/Unbxd/react-search-JS-SDK/src/modules/searchBox/searchButton/SearchButton.js">
        <metrics statements="4" coveredstatements="4" conditionals="2" coveredconditionals="1" methods="1" coveredmethods="1"/>
        <line num="7" count="1" type="stmt"/>
        <line num="8" count="40" type="stmt"/>
        <line num="10" count="40" type="cond" truecount="1" falsecount="1"/>
        <line num="19" count="1" type="stmt"/>
      </file>
      <file name="index.js" path="/Users/vikramgupta/Unbxd/react-search-JS-SDK/src/modules/searchBox/searchButton/index.js">
        <metrics statements="0" coveredstatements="0" conditionals="0" coveredconditionals="0" methods="0" coveredmethods="0"/>
      </file>
    </package>
    <package name="src.modules.searchBox.searchInput">
      <metrics statements="13" coveredstatements="12" conditionals="11" coveredconditionals="9" methods="3" coveredmethods="3"/>
      <file name="RenderInput.js" path="/Users/vikramgupta/Unbxd/react-search-JS-SDK/src/modules/searchBox/searchInput/RenderInput.js">
        <metrics statements="8" coveredstatements="7" conditionals="9" coveredconditionals="8" methods="2" coveredmethods="2"/>
        <line num="14" count="31" type="stmt"/>
        <line num="15" count="31" type="cond" truecount="2" falsecount="0"/>
        <line num="20" count="9" type="cond" truecount="1" falsecount="1"/>
        <line num="21" count="0" type="stmt"/>
        <line num="23" count="9" type="cond" truecount="2" falsecount="0"/>
        <line num="37" count="40" type="stmt"/>
        <line num="39" count="40" type="stmt"/>
        <line num="54" count="1" type="stmt"/>
      </file>
      <file name="SearchInput.js" path="/Users/vikramgupta/Unbxd/react-search-JS-SDK/src/modules/searchBox/searchInput/SearchInput.js">
        <metrics statements="5" coveredstatements="5" conditionals="2" coveredconditionals="1" methods="1" coveredmethods="1"/>
        <line num="6" count="1" type="stmt"/>
        <line num="19" count="40" type="stmt"/>
        <line num="21" count="40" type="stmt"/>
        <line num="36" count="40" type="cond" truecount="1" falsecount="1"/>
        <line num="43" count="1" type="stmt"/>
      </file>
      <file name="index.js" path="/Users/vikramgupta/Unbxd/react-search-JS-SDK/src/modules/searchBox/searchInput/index.js">
        <metrics statements="0" coveredstatements="0" conditionals="0" coveredconditionals="0" methods="0" coveredmethods="0"/>
      </file>
    </package>
    <package name="src.modules.textFacets.utils">
      <metrics statements="33" coveredstatements="3" conditionals="4" coveredconditionals="0" methods="8" coveredmethods="0"/>
      <file name="index.js" path="/Users/vikramgupta/Unbxd/react-search-JS-SDK/src/modules/textFacets/utils/index.js">
        <metrics statements="0" coveredstatements="0" conditionals="0" coveredconditionals="0" methods="0" coveredmethods="0"/>
      </file>
      <file name="utils.js" path="/Users/vikramgupta/Unbxd/react-search-JS-SDK/src/modules/textFacets/utils/utils.js">
        <metrics statements="33" coveredstatements="3" conditionals="4" coveredconditionals="0" methods="8" coveredmethods="0"/>
        <line num="3" count="1" type="stmt"/>
        <line num="4" count="0" type="stmt"/>
        <line num="7" count="1" type="stmt"/>
        <line num="8" count="0" type="stmt"/>
        <line num="9" count="0" type="stmt"/>
        <line num="10" count="0" type="cond" truecount="0" falsecount="2"/>
        <line num="11" count="0" type="stmt"/>
        <line num="17" count="0" type="stmt"/>
        <line num="18" count="0" type="stmt"/>
        <line num="19" count="0" type="stmt"/>
        <line num="20" count="0" type="stmt"/>
        <line num="22" count="0" type="cond" truecount="0" falsecount="2"/>
        <line num="23" count="0" type="stmt"/>
        <line num="29" count="0" type="stmt"/>
        <line num="34" count="0" type="stmt"/>
        <line num="35" count="0" type="stmt"/>
        <line num="37" count="0" type="stmt"/>
        <line num="41" count="0" type="stmt"/>
        <line num="42" count="0" type="stmt"/>
        <line num="47" count="0" type="stmt"/>
        <line num="48" count="0" type="stmt"/>
        <line num="51" count="0" type="stmt"/>
        <line num="54" count="1" type="stmt"/>
        <line num="55" count="0" type="stmt"/>
        <line num="56" count="0" type="stmt"/>
        <line num="57" count="0" type="stmt"/>
        <line num="58" count="0" type="stmt"/>
        <line num="59" count="0" type="stmt"/>
        <line num="60" count="0" type="stmt"/>
        <line num="61" count="0" type="stmt"/>
        <line num="62" count="0" type="stmt"/>
        <line num="63" count="0" type="stmt"/>
        <line num="65" count="0" type="stmt"/>
      </file>
    </package>
    <package name="src.utils">
      <metrics statements="228" coveredstatements="39" conditionals="87" coveredconditionals="15" methods="40" coveredmethods="8"/>
      <file name="getActiveFacets.js" path="/Users/vikramgupta/Unbxd/react-search-JS-SDK/src/utils/getActiveFacets.js">
        <metrics statements="22" coveredstatements="1" conditionals="2" coveredconditionals="0" methods="4" coveredmethods="0"/>
        <line num="1" count="1" type="stmt"/>
        <line num="2" count="0" type="stmt"/>
        <line num="3" count="0" type="stmt"/>
        <line num="4" count="0" type="stmt"/>
        <line num="5" count="0" type="stmt"/>
        <line num="6" count="0" type="stmt"/>
        <line num="8" count="0" type="stmt"/>
        <line num="9" count="0" type="stmt"/>
        <line num="10" count="0" type="stmt"/>
        <line num="11" count="0" type="stmt"/>
        <line num="12" count="0" type="stmt"/>
        <line num="13" count="0" type="stmt"/>
        <line num="15" count="0" type="stmt"/>
        <line num="18" count="0" type="stmt"/>
        <line num="20" count="0" type="stmt"/>
        <line num="21" count="0" type="stmt"/>
        <line num="22" count="0" type="stmt"/>
        <line num="23" count="0" type="cond" truecount="0" falsecount="2"/>
        <line num="24" count="0" type="stmt"/>
        <line num="25" count="0" type="stmt"/>
        <line num="29" count="0" type="stmt"/>
        <line num="35" count="0" type="stmt"/>
      </file>
      <file name="getAnalytics.js" path="/Users/vikramgupta/Unbxd/react-search-JS-SDK/src/utils/getAnalytics.js">
        <metrics statements="29" coveredstatements="9" conditionals="10" coveredconditionals="1" methods="7" coveredmethods="2"/>
        <line num="4" count="92" type="stmt"/>
        <line num="6" count="92" type="stmt"/>
        <line num="7" count="0" type="stmt"/>
        <line num="10" count="92" type="stmt"/>
        <line num="11" count="0" type="cond" truecount="0" falsecount="2"/>
        <line num="12" count="0" type="stmt"/>
        <line num="13" count="0" type="stmt"/>
        <line num="15" count="0" type="stmt"/>
        <line num="20" count="92" type="stmt"/>
        <line num="21" count="0" type="cond" truecount="0" falsecount="2"/>
        <line num="22" count="0" type="stmt"/>
        <line num="23" count="0" type="stmt"/>
        <line num="25" count="0" type="stmt"/>
        <line num="30" count="92" type="stmt"/>
        <line num="31" count="0" type="cond" truecount="0" falsecount="2"/>
        <line num="32" count="0" type="stmt"/>
        <line num="33" count="0" type="stmt"/>
        <line num="38" count="0" type="stmt"/>
        <line num="43" count="92" type="stmt"/>
        <line num="44" count="8" type="cond" truecount="1" falsecount="1"/>
        <line num="45" count="0" type="stmt"/>
        <line num="46" count="0" type="stmt"/>
        <line num="51" count="0" type="stmt"/>
        <line num="56" count="92" type="stmt"/>
        <line num="57" count="0" type="cond" truecount="0" falsecount="2"/>
        <line num="58" count="0" type="stmt"/>
        <line num="59" count="0" type="stmt"/>
        <line num="64" count="0" type="stmt"/>
        <line num="69" count="92" type="stmt"/>
      </file>
      <file name="getUpdatedResults.js" path="/Users/vikramgupta/Unbxd/react-search-JS-SDK/src/utils/getUpdatedResults.js">
        <metrics statements="4" coveredstatements="4" conditionals="1" coveredconditionals="0" methods="1" coveredmethods="1"/>
        <line num="2" count="9" type="stmt"/>
        <line num="3" count="9" type="stmt"/>
        <line num="4" count="9" type="stmt"/>
        <line num="5" count="9" type="stmt"/>
      </file>
      <file name="handleViewTypeClick.js" path="/Users/vikramgupta/Unbxd/react-search-JS-SDK/src/utils/handleViewTypeClick.js">
        <metrics statements="10" coveredstatements="0" conditionals="8" coveredconditionals="0" methods="2" coveredmethods="0"/>
        <line num="4" count="0" type="cond" truecount="0" falsecount="2"/>
        <line num="7" count="0" type="stmt"/>
        <line num="8" count="0" type="stmt"/>
        <line num="9" count="0" type="cond" truecount="0" falsecount="2"/>
        <line num="13" count="0" type="stmt"/>
        <line num="15" count="0" type="stmt"/>
        <line num="16" count="0" type="stmt"/>
        <line num="17" count="0" type="cond" truecount="0" falsecount="2"/>
        <line num="18" count="0" type="stmt"/>
        <line num="25" count="0" type="stmt"/>
      </file>
      <file name="index.js" path="/Users/vikramgupta/Unbxd/react-search-JS-SDK/src/utils/index.js">
        <metrics statements="0" coveredstatements="0" conditionals="0" coveredconditionals="0" methods="0" coveredmethods="0"/>
      </file>
      <file name="manageRangeFacets.js" path="/Users/vikramgupta/Unbxd/react-search-JS-SDK/src/utils/manageRangeFacets.js">
        <metrics statements="44" coveredstatements="0" conditionals="18" coveredconditionals="0" methods="4" coveredmethods="0"/>
        <line num="14" count="0" type="stmt"/>
        <line num="15" count="0" type="stmt"/>
        <line num="16" count="0" type="stmt"/>
        <line num="17" count="0" type="stmt"/>
        <line num="18" count="0" type="stmt"/>
        <line num="19" count="0" type="stmt"/>
        <line num="20" count="0" type="stmt"/>
        <line num="23" count="0" type="cond" truecount="0" falsecount="2"/>
        <line num="24" count="0" type="cond" truecount="0" falsecount="2"/>
        <line num="26" count="0" type="cond" truecount="0" falsecount="7"/>
        <line num="32" count="0" type="stmt"/>
        <line num="33" count="0" type="stmt"/>
        <line num="41" count="0" type="stmt"/>
        <line num="42" count="0" type="stmt"/>
        <line num="43" count="0" type="stmt"/>
        <line num="46" count="0" type="stmt"/>
        <line num="57" count="0" type="stmt"/>
        <line num="62" count="0" type="stmt"/>
        <line num="64" count="0" type="stmt"/>
        <line num="71" count="0" type="stmt"/>
        <line num="72" count="0" type="stmt"/>
        <line num="73" count="0" type="stmt"/>
        <line num="79" count="0" type="stmt"/>
        <line num="80" count="0" type="stmt"/>
        <line num="85" count="0" type="stmt"/>
        <line num="96" count="0" type="stmt"/>
        <line num="101" count="0" type="stmt"/>
        <line num="103" count="0" type="stmt"/>
        <line num="106" count="0" type="stmt"/>
        <line num="111" count="0" type="stmt"/>
        <line num="116" count="0" type="stmt"/>
        <line num="118" count="0" type="stmt"/>
        <line num="122" count="0" type="stmt"/>
        <line num="126" count="0" type="stmt"/>
        <line num="131" count="0" type="stmt"/>
        <line num="133" count="0" type="stmt"/>
        <line num="141" count="0" type="stmt"/>
        <line num="147" count="0" type="stmt"/>
        <line num="148" count="0" type="stmt"/>
        <line num="153" count="0" type="stmt"/>
        <line num="156" count="0" type="stmt"/>
        <line num="157" count="0" type="stmt"/>
        <line num="160" count="0" type="stmt"/>
        <line num="163" count="0" type="stmt"/>
      </file>
      <file name="manageTextFacets.js" path="/Users/vikramgupta/Unbxd/react-search-JS-SDK/src/utils/manageTextFacets.js">
        <metrics statements="42" coveredstatements="0" conditionals="14" coveredconditionals="0" methods="4" coveredmethods="0"/>
        <line num="11" count="0" type="stmt"/>
        <line num="12" count="0" type="stmt"/>
        <line num="13" count="0" type="stmt"/>
        <line num="14" count="0" type="stmt"/>
        <line num="15" count="0" type="stmt"/>
        <line num="16" count="0" type="stmt"/>
        <line num="17" count="0" type="stmt"/>
        <line num="19" count="0" type="cond" truecount="0" falsecount="7"/>
        <line num="25" count="0" type="stmt"/>
        <line num="26" count="0" type="stmt"/>
        <line num="34" count="0" type="stmt"/>
        <line num="35" count="0" type="stmt"/>
        <line num="36" count="0" type="stmt"/>
        <line num="39" count="0" type="stmt"/>
        <line num="50" count="0" type="stmt"/>
        <line num="55" count="0" type="stmt"/>
        <line num="57" count="0" type="stmt"/>
        <line num="64" count="0" type="stmt"/>
        <line num="65" count="0" type="stmt"/>
        <line num="66" count="0" type="stmt"/>
        <line num="72" count="0" type="stmt"/>
        <line num="73" count="0" type="stmt"/>
        <line num="78" count="0" type="stmt"/>
        <line num="89" count="0" type="stmt"/>
        <line num="94" count="0" type="stmt"/>
        <line num="96" count="0" type="stmt"/>
        <line num="99" count="0" type="stmt"/>
        <line num="103" count="0" type="stmt"/>
        <line num="108" count="0" type="stmt"/>
        <line num="110" count="0" type="stmt"/>
        <line num="114" count="0" type="stmt"/>
        <line num="119" count="0" type="stmt"/>
        <line num="124" count="0" type="stmt"/>
        <line num="126" count="0" type="stmt"/>
        <line num="134" count="0" type="stmt"/>
        <line num="140" count="0" type="stmt"/>
        <line num="141" count="0" type="stmt"/>
        <line num="146" count="0" type="stmt"/>
        <line num="149" count="0" type="stmt"/>
        <line num="150" count="0" type="stmt"/>
        <line num="153" count="0" type="stmt"/>
        <line num="156" count="0" type="stmt"/>
      </file>
      <file name="resetSearch.js" path="/Users/vikramgupta/Unbxd/react-search-JS-SDK/src/utils/resetSearch.js">
        <metrics statements="10" coveredstatements="0" conditionals="2" coveredconditionals="0" methods="1" coveredmethods="0"/>
        <line num="7" count="0" type="stmt"/>
        <line num="9" count="0" type="cond" truecount="0" falsecount="2"/>
        <line num="10" count="0" type="stmt"/>
        <line num="12" count="0" type="stmt"/>
        <line num="13" count="0" type="stmt"/>
        <line num="14" count="0" type="stmt"/>
        <line num="15" count="0" type="stmt"/>
        <line num="16" count="0" type="stmt"/>
        <line num="17" count="0" type="stmt"/>
        <line num="18" count="0" type="stmt"/>
      </file>
      <file name="setCategoryPath.js" path="/Users/vikramgupta/Unbxd/react-search-JS-SDK/src/utils/setCategoryPath.js">
        <metrics statements="2" coveredstatements="1" conditionals="0" coveredconditionals="0" methods="1" coveredmethods="0"/>
        <line num="1" count="1" type="stmt"/>
        <line num="2" count="0" type="stmt"/>
      </file>
      <file name="setFacetsActionConfiguration.js" path="/Users/vikramgupta/Unbxd/react-search-JS-SDK/src/utils/setFacetsActionConfiguration.js">
        <metrics statements="2" coveredstatements="0" conditionals="1" coveredconditionals="0" methods="1" coveredmethods="0"/>
        <line num="2" count="0" type="cond" truecount="0" falsecount="1"/>
        <line num="3" count="0" type="stmt"/>
      </file>
      <file name="setMultilevelFacetsConfiguration.js" path="/Users/vikramgupta/Unbxd/react-search-JS-SDK/src/utils/setMultilevelFacetsConfiguration.js">
        <metrics statements="3" coveredstatements="0" conditionals="0" coveredconditionals="0" methods="1" coveredmethods="0"/>
        <line num="2" count="0" type="stmt"/>
        <line num="4" count="0" type="stmt"/>
        <line num="7" count="0" type="stmt"/>
      </file>
      <file name="setPageSizeConfiguration.js" path="/Users/vikramgupta/Unbxd/react-search-JS-SDK/src/utils/setPageSizeConfiguration.js">
        <metrics statements="9" coveredstatements="0" conditionals="3" coveredconditionals="0" methods="2" coveredmethods="0"/>
        <line num="2" count="0" type="stmt"/>
        <line num="3" count="0" type="stmt"/>
        <line num="4" count="0" type="stmt"/>
        <line num="5" count="0" type="stmt"/>
        <line num="6" count="0" type="stmt"/>
        <line num="12" count="0" type="cond" truecount="0" falsecount="2"/>
        <line num="13" count="0" type="stmt"/>
        <line num="14" count="0" type="stmt"/>
        <line num="16" count="0" type="stmt"/>
      </file>
      <file name="setProductConfiguration.js" path="/Users/vikramgupta/Unbxd/react-search-JS-SDK/src/utils/setProductConfiguration.js">
        <metrics statements="13" coveredstatements="12" conditionals="9" coveredconditionals="8" methods="2" coveredmethods="2"/>
        <line num="12" count="9" type="stmt"/>
        <line num="14" count="9" type="stmt"/>
        <line num="15" count="9" type="stmt"/>
        <line num="16" count="9" type="stmt"/>
        <line num="17" count="9" type="stmt"/>
        <line num="18" count="9" type="stmt"/>
        <line num="20" count="9" type="cond" truecount="1" falsecount="1"/>
        <line num="25" count="9" type="stmt"/>
        <line num="27" count="0" type="stmt"/>
        <line num="31" count="9" type="cond" truecount="2" falsecount="0"/>
        <line num="35" count="2" type="stmt"/>
        <line num="38" count="9" type="stmt"/>
        <line num="39" count="9" type="stmt"/>
      </file>
      <file name="setRangeFacetsConfiguration.js" path="/Users/vikramgupta/Unbxd/react-search-JS-SDK/src/utils/setRangeFacetsConfiguration.js">
        <metrics statements="3" coveredstatements="0" conditionals="0" coveredconditionals="0" methods="2" coveredmethods="0"/>
        <line num="2" count="0" type="stmt"/>
        <line num="4" count="0" type="stmt"/>
        <line num="5" count="0" type="stmt"/>
      </file>
      <file name="setSearchBoxConfiguration.js" path="/Users/vikramgupta/Unbxd/react-search-JS-SDK/src/utils/setSearchBoxConfiguration.js">
        <metrics statements="5" coveredstatements="5" conditionals="0" coveredconditionals="0" methods="2" coveredmethods="2"/>
        <line num="7" count="9" type="stmt"/>
        <line num="8" count="9" type="stmt"/>
        <line num="9" count="9" type="stmt"/>
        <line num="10" count="9" type="stmt"/>
        <line num="11" count="9" type="stmt"/>
      </file>
      <file name="setSortConfiguration.js" path="/Users/vikramgupta/Unbxd/react-search-JS-SDK/src/utils/setSortConfiguration.js">
        <metrics statements="6" coveredstatements="0" conditionals="3" coveredconditionals="0" methods="2" coveredmethods="0"/>
        <line num="2" count="0" type="stmt"/>
        <line num="3" count="0" type="stmt"/>
        <line num="4" count="0" type="stmt"/>
        <line num="10" count="0" type="cond" truecount="0" falsecount="2"/>
        <line num="11" count="0" type="stmt"/>
        <line num="13" count="0" type="stmt"/>
      </file>
      <file name="setSpellCheckConfiguration.js" path="/Users/vikramgupta/Unbxd/react-search-JS-SDK/src/utils/setSpellCheckConfiguration.js">
        <metrics statements="3" coveredstatements="0" conditionals="1" coveredconditionals="0" methods="1" coveredmethods="0"/>
        <line num="2" count="0" type="cond" truecount="0" falsecount="1"/>
        <line num="3" count="0" type="stmt"/>
        <line num="5" count="0" type="stmt"/>
      </file>
      <file name="setViewTypeConfiguration.js" path="/Users/vikramgupta/Unbxd/react-search-JS-SDK/src/utils/setViewTypeConfiguration.js">
        <metrics statements="7" coveredstatements="0" conditionals="3" coveredconditionals="0" methods="2" coveredmethods="0"/>
        <line num="2" count="0" type="stmt"/>
        <line num="3" count="0" type="stmt"/>
        <line num="4" count="0" type="stmt"/>
        <line num="9" count="0" type="cond" truecount="0" falsecount="2"/>
        <line num="10" count="0" type="stmt"/>
        <line num="11" count="0" type="stmt"/>
        <line num="12" count="0" type="stmt"/>
      </file>
      <file name="unbxdCallBack.js" path="/Users/vikramgupta/Unbxd/react-search-JS-SDK/src/utils/unbxdCallBack.js">
        <metrics statements="14" coveredstatements="7" conditionals="12" coveredconditionals="6" methods="1" coveredmethods="1"/>
        <line num="5" count="26" type="cond" truecount="2" falsecount="0"/>
        <line num="6" count="11" type="stmt"/>
        <line num="12" count="26" type="cond" truecount="2" falsecount="0"/>
        <line num="13" count="11" type="stmt"/>
        <line num="19" count="26" type="cond" truecount="1" falsecount="1"/>
        <line num="20" count="0" type="stmt"/>
        <line num="26" count="26" type="cond" truecount="1" falsecount="1"/>
        <line num="30" count="0" type="stmt"/>
        <line num="31" count="0" type="stmt"/>
        <line num="32" count="0" type="stmt"/>
        <line num="33" count="0" type="cond" truecount="0" falsecount="2"/>
        <line num="34" count="0" type="cond" truecount="0" falsecount="2"/>
        <line num="35" count="0" type="stmt"/>
        <line num="39" count="26" type="stmt"/>
      </file>
    </package>
  </project>
</coverage>
