{"/Users/vikramgupta/Unbxd/react-search-JS-SDK/src/UnbxdSearchWrapper.js": {"path":"/Users/vikramgupta/Unbxd/react-search-JS-SDK/src/UnbxdSearchWrapper.js","statementMap":{"0":{"start":{"line":38,"column":26},"end":{"line":47,"column":1}},"1":{"start":{"line":51,"column":8},"end":{"line":51,"column":21}},"2":{"start":{"line":60,"column":12},"end":{"line":60,"column":22}},"3":{"start":{"line":62,"column":8},"end":{"line":62,"column":54}},"4":{"start":{"line":63,"column":8},"end":{"line":63,"column":76}},"5":{"start":{"line":64,"column":8},"end":{"line":64,"column":68}},"6":{"start":{"line":65,"column":8},"end":{"line":67,"column":10}},"7":{"start":{"line":68,"column":8},"end":{"line":70,"column":10}},"8":{"start":{"line":71,"column":8},"end":{"line":73,"column":10}},"9":{"start":{"line":74,"column":8},"end":{"line":74,"column":74}},"10":{"start":{"line":75,"column":8},"end":{"line":75,"column":78}},"11":{"start":{"line":76,"column":8},"end":{"line":76,"column":80}},"12":{"start":{"line":77,"column":8},"end":{"line":77,"column":76}},"13":{"start":{"line":78,"column":8},"end":{"line":78,"column":60}},"14":{"start":{"line":79,"column":8},"end":{"line":79,"column":62}},"15":{"start":{"line":80,"column":8},"end":{"line":80,"column":66}},"16":{"start":{"line":81,"column":8},"end":{"line":81,"column":62}},"17":{"start":{"line":82,"column":8},"end":{"line":82,"column":50}},"18":{"start":{"line":83,"column":8},"end":{"line":83,"column":52}},"19":{"start":{"line":85,"column":8},"end":{"line":120,"column":10}},"20":{"start":{"line":122,"column":8},"end":{"line":122,"column":38}},"21":{"start":{"line":126,"column":30},"end":{"line":126,"column":40}},"22":{"start":{"line":127,"column":34},"end":{"line":127,"column":53}},"23":{"start":{"line":129,"column":12},"end":{"line":130,"column":45}},"24":{"start":{"line":133,"column":12},"end":{"line":133,"column":79}},"25":{"start":{"line":134,"column":8},"end":{"line":134,"column":61}},"26":{"start":{"line":136,"column":8},"end":{"line":146,"column":9}},"27":{"start":{"line":137,"column":12},"end":{"line":145,"column":15}},"28":{"start":{"line":138,"column":16},"end":{"line":144,"column":18}},"29":{"start":{"line":148,"column":8},"end":{"line":163,"column":9}},"30":{"start":{"line":153,"column":12},"end":{"line":159,"column":15}},"31":{"start":{"line":154,"column":16},"end":{"line":158,"column":18}},"32":{"start":{"line":160,"column":12},"end":{"line":160,"column":66}},"33":{"start":{"line":161,"column":12},"end":{"line":161,"column":35}},"34":{"start":{"line":162,"column":12},"end":{"line":162,"column":53}},"35":{"start":{"line":165,"column":8},"end":{"line":167,"column":9}},"36":{"start":{"line":166,"column":12},"end":{"line":166,"column":77}},"37":{"start":{"line":171,"column":30},"end":{"line":171,"column":39}},"38":{"start":{"line":172,"column":32},"end":{"line":172,"column":42}},"39":{"start":{"line":173,"column":42},"end":{"line":173,"column":52}},"40":{"start":{"line":174,"column":34},"end":{"line":174,"column":53}},"41":{"start":{"line":176,"column":26},"end":{"line":176,"column":52}},"42":{"start":{"line":177,"column":27},"end":{"line":177,"column":63}},"43":{"start":{"line":178,"column":30},"end":{"line":178,"column":69}},"44":{"start":{"line":180,"column":12},"end":{"line":181,"column":45}},"45":{"start":{"line":183,"column":8},"end":{"line":212,"column":9}},"46":{"start":{"line":189,"column":12},"end":{"line":195,"column":15}},"47":{"start":{"line":190,"column":16},"end":{"line":194,"column":18}},"48":{"start":{"line":196,"column":12},"end":{"line":196,"column":66}},"49":{"start":{"line":197,"column":12},"end":{"line":202,"column":13}},"50":{"start":{"line":198,"column":16},"end":{"line":198,"column":32}},"51":{"start":{"line":200,"column":16},"end":{"line":200,"column":35}},"52":{"start":{"line":201,"column":16},"end":{"line":201,"column":29}},"53":{"start":{"line":203,"column":12},"end":{"line":203,"column":53}},"54":{"start":{"line":204,"column":15},"end":{"line":212,"column":9}},"55":{"start":{"line":208,"column":12},"end":{"line":208,"column":28}},"56":{"start":{"line":209,"column":15},"end":{"line":212,"column":9}},"57":{"start":{"line":210,"column":12},"end":{"line":210,"column":31}},"58":{"start":{"line":211,"column":12},"end":{"line":211,"column":25}},"59":{"start":{"line":223,"column":12},"end":{"line":223,"column":22}},"60":{"start":{"line":224,"column":8},"end":{"line":231,"column":10}},"61":{"start":{"line":235,"column":8},"end":{"line":237,"column":9}},"62":{"start":{"line":236,"column":12},"end":{"line":236,"column":54}},"63":{"start":{"line":239,"column":8},"end":{"line":239,"column":20}},"64":{"start":{"line":243,"column":36},"end":{"line":243,"column":46}},"65":{"start":{"line":244,"column":52},"end":{"line":244,"column":62}},"66":{"start":{"line":246,"column":8},"end":{"line":260,"column":10}},"67":{"start":{"line":264,"column":0},"end":{"line":268,"column":2}},"68":{"start":{"line":270,"column":0},"end":{"line":315,"column":2}}},"fnMap":{"0":{"name":"(anonymous_0)","decl":{"start":{"line":50,"column":4},"end":{"line":50,"column":5}},"loc":{"start":{"line":50,"column":23},"end":{"line":123,"column":5}},"line":50},"1":{"name":"(anonymous_1)","decl":{"start":{"line":125,"column":4},"end":{"line":125,"column":5}},"loc":{"start":{"line":125,"column":24},"end":{"line":168,"column":5}},"line":125},"2":{"name":"(anonymous_2)","decl":{"start":{"line":137,"column":26},"end":{"line":137,"column":27}},"loc":{"start":{"line":137,"column":44},"end":{"line":145,"column":13}},"line":137},"3":{"name":"(anonymous_3)","decl":{"start":{"line":153,"column":26},"end":{"line":153,"column":27}},"loc":{"start":{"line":153,"column":44},"end":{"line":159,"column":13}},"line":153},"4":{"name":"(anonymous_4)","decl":{"start":{"line":170,"column":4},"end":{"line":170,"column":5}},"loc":{"start":{"line":170,"column":34},"end":{"line":213,"column":5}},"line":170},"5":{"name":"(anonymous_5)","decl":{"start":{"line":189,"column":26},"end":{"line":189,"column":27}},"loc":{"start":{"line":189,"column":44},"end":{"line":195,"column":13}},"line":189},"6":{"name":"(anonymous_6)","decl":{"start":{"line":215,"column":4},"end":{"line":215,"column":5}},"loc":{"start":{"line":215,"column":15},"end":{"line":232,"column":5}},"line":215},"7":{"name":"(anonymous_7)","decl":{"start":{"line":234,"column":4},"end":{"line":234,"column":5}},"loc":{"start":{"line":234,"column":50},"end":{"line":240,"column":5}},"line":234},"8":{"name":"(anonymous_8)","decl":{"start":{"line":242,"column":4},"end":{"line":242,"column":5}},"loc":{"start":{"line":242,"column":13},"end":{"line":261,"column":5}},"line":242}},"branchMap":{"0":{"loc":{"start":{"line":129,"column":12},"end":{"line":130,"column":45}},"type":"binary-expr","locations":[{"start":{"line":129,"column":12},"end":{"line":129,"column":65}},{"start":{"line":130,"column":12},"end":{"line":130,"column":45}}],"line":129},"1":{"loc":{"start":{"line":133,"column":12},"end":{"line":133,"column":79}},"type":"binary-expr","locations":[{"start":{"line":133,"column":12},"end":{"line":133,"column":61}},{"start":{"line":133,"column":65},"end":{"line":133,"column":79}}],"line":133},"2":{"loc":{"start":{"line":136,"column":8},"end":{"line":146,"column":9}},"type":"if","locations":[{"start":{"line":136,"column":8},"end":{"line":146,"column":9}},{"start":{"line":136,"column":8},"end":{"line":146,"column":9}}],"line":136},"3":{"loc":{"start":{"line":148,"column":8},"end":{"line":163,"column":9}},"type":"if","locations":[{"start":{"line":148,"column":8},"end":{"line":163,"column":9}},{"start":{"line":148,"column":8},"end":{"line":163,"column":9}}],"line":148},"4":{"loc":{"start":{"line":149,"column":12},"end":{"line":151,"column":33}},"type":"binary-expr","locations":[{"start":{"line":149,"column":12},"end":{"line":149,"column":22}},{"start":{"line":150,"column":12},"end":{"line":150,"column":42}},{"start":{"line":151,"column":12},"end":{"line":151,"column":33}}],"line":149},"5":{"loc":{"start":{"line":165,"column":8},"end":{"line":167,"column":9}},"type":"if","locations":[{"start":{"line":165,"column":8},"end":{"line":167,"column":9}},{"start":{"line":165,"column":8},"end":{"line":167,"column":9}}],"line":165},"6":{"loc":{"start":{"line":180,"column":12},"end":{"line":181,"column":45}},"type":"binary-expr","locations":[{"start":{"line":180,"column":12},"end":{"line":180,"column":65}},{"start":{"line":181,"column":12},"end":{"line":181,"column":45}}],"line":180},"7":{"loc":{"start":{"line":183,"column":8},"end":{"line":212,"column":9}},"type":"if","locations":[{"start":{"line":183,"column":8},"end":{"line":212,"column":9}},{"start":{"line":183,"column":8},"end":{"line":212,"column":9}}],"line":183},"8":{"loc":{"start":{"line":184,"column":12},"end":{"line":187,"column":40}},"type":"binary-expr","locations":[{"start":{"line":184,"column":12},"end":{"line":184,"column":44}},{"start":{"line":185,"column":12},"end":{"line":185,"column":49}},{"start":{"line":186,"column":12},"end":{"line":186,"column":49}},{"start":{"line":187,"column":12},"end":{"line":187,"column":40}}],"line":184},"9":{"loc":{"start":{"line":197,"column":12},"end":{"line":202,"column":13}},"type":"if","locations":[{"start":{"line":197,"column":12},"end":{"line":202,"column":13}},{"start":{"line":197,"column":12},"end":{"line":202,"column":13}}],"line":197},"10":{"loc":{"start":{"line":197,"column":16},"end":{"line":197,"column":72}},"type":"binary-expr","locations":[{"start":{"line":197,"column":16},"end":{"line":197,"column":39}},{"start":{"line":197,"column":43},"end":{"line":197,"column":72}}],"line":197},"11":{"loc":{"start":{"line":204,"column":15},"end":{"line":212,"column":9}},"type":"if","locations":[{"start":{"line":204,"column":15},"end":{"line":212,"column":9}},{"start":{"line":204,"column":15},"end":{"line":212,"column":9}}],"line":204},"12":{"loc":{"start":{"line":205,"column":12},"end":{"line":206,"column":57}},"type":"binary-expr","locations":[{"start":{"line":205,"column":12},"end":{"line":205,"column":47}},{"start":{"line":206,"column":12},"end":{"line":206,"column":57}}],"line":205},"13":{"loc":{"start":{"line":209,"column":15},"end":{"line":212,"column":9}},"type":"if","locations":[{"start":{"line":209,"column":15},"end":{"line":212,"column":9}},{"start":{"line":209,"column":15},"end":{"line":212,"column":9}}],"line":209},"14":{"loc":{"start":{"line":235,"column":8},"end":{"line":237,"column":9}},"type":"if","locations":[{"start":{"line":235,"column":8},"end":{"line":237,"column":9}},{"start":{"line":235,"column":8},"end":{"line":237,"column":9}}],"line":235},"15":{"loc":{"start":{"line":248,"column":17},"end":{"line":250,"column":49}},"type":"binary-expr","locations":[{"start":{"line":248,"column":17},"end":{"line":248,"column":57}},{"start":{"line":249,"column":20},"end":{"line":249,"column":35}},{"start":{"line":250,"column":20},"end":{"line":250,"column":49}}],"line":248},"16":{"loc":{"start":{"line":252,"column":17},"end":{"line":254,"column":48}},"type":"binary-expr","locations":[{"start":{"line":252,"column":17},"end":{"line":252,"column":55}},{"start":{"line":253,"column":20},"end":{"line":253,"column":34}},{"start":{"line":254,"column":20},"end":{"line":254,"column":48}}],"line":252}},"s":{"0":1,"1":9,"2":9,"3":9,"4":9,"5":9,"6":9,"7":9,"8":9,"9":9,"10":9,"11":9,"12":9,"13":9,"14":9,"15":9,"16":9,"17":9,"18":9,"19":9,"20":9,"21":9,"22":9,"23":9,"24":9,"25":9,"26":9,"27":0,"28":0,"29":9,"30":0,"31":0,"32":0,"33":0,"34":0,"35":9,"36":9,"37":22,"38":22,"39":22,"40":22,"41":22,"42":22,"43":22,"44":22,"45":22,"46":0,"47":0,"48":0,"49":0,"50":0,"51":0,"52":0,"53":0,"54":22,"55":8,"56":14,"57":0,"58":0,"59":31,"60":31,"61":31,"62":0,"63":31,"64":31,"65":31,"66":31,"67":1,"68":1},"f":{"0":9,"1":9,"2":0,"3":0,"4":22,"5":0,"6":31,"7":31,"8":31},"b":{"0":[9,0],"1":[9,1],"2":[0,9],"3":[0,9],"4":[9,0,0],"5":[9,0],"6":[22,0],"7":[0,22],"8":[22,22,0,0],"9":[0,0],"10":[0,0],"11":[8,14],"12":[22,9],"13":[0,14],"14":[0,31],"15":[31,11,0],"16":[31,0,0]},"_coverageSchema":"1a1c01bbd47fc00a2c39e90264f33305004495a9","hash":"da140efc734bac95e03f888d1067587bbbc7a1ee"}
,"/Users/vikramgupta/Unbxd/react-search-JS-SDK/src/common/utils.js": {"path":"/Users/vikramgupta/Unbxd/react-search-JS-SDK/src/common/utils.js","statementMap":{"0":{"start":{"line":5,"column":35},"end":{"line":31,"column":1}},"1":{"start":{"line":11,"column":23},"end":{"line":11,"column":33}},"2":{"start":{"line":12,"column":65},"end":{"line":12,"column":70}},"3":{"start":{"line":14,"column":4},"end":{"line":20,"column":5}},"4":{"start":{"line":19,"column":8},"end":{"line":19,"column":28}},"5":{"start":{"line":22,"column":4},"end":{"line":30,"column":6}},"6":{"start":{"line":33,"column":31},"end":{"line":41,"column":1}},"7":{"start":{"line":34,"column":4},"end":{"line":40,"column":5}},"8":{"start":{"line":35,"column":8},"end":{"line":37,"column":9}},"9":{"start":{"line":36,"column":12},"end":{"line":36,"column":23}},"10":{"start":{"line":39,"column":8},"end":{"line":39,"column":19}},"11":{"start":{"line":43,"column":24},"end":{"line":57,"column":1}},"12":{"start":{"line":45,"column":4},"end":{"line":56,"column":6}},"13":{"start":{"line":46,"column":24},"end":{"line":46,"column":28}},"14":{"start":{"line":47,"column":21},"end":{"line":47,"column":30}},"15":{"start":{"line":48,"column":22},"end":{"line":51,"column":9}},"16":{"start":{"line":49,"column":12},"end":{"line":49,"column":27}},"17":{"start":{"line":50,"column":12},"end":{"line":50,"column":54}},"18":{"start":{"line":50,"column":28},"end":{"line":50,"column":54}},"19":{"start":{"line":52,"column":24},"end":{"line":52,"column":45}},"20":{"start":{"line":53,"column":8},"end":{"line":53,"column":30}},"21":{"start":{"line":54,"column":8},"end":{"line":54,"column":42}},"22":{"start":{"line":55,"column":8},"end":{"line":55,"column":47}},"23":{"start":{"line":55,"column":21},"end":{"line":55,"column":47}},"24":{"start":{"line":59,"column":44},"end":{"line":61,"column":1}},"25":{"start":{"line":60,"column":4},"end":{"line":60,"column":80}},"26":{"start":{"line":63,"column":31},"end":{"line":71,"column":1}},"27":{"start":{"line":64,"column":4},"end":{"line":70,"column":6}},"28":{"start":{"line":65,"column":8},"end":{"line":69,"column":9}},"29":{"start":{"line":66,"column":12},"end":{"line":66,"column":47}},"30":{"start":{"line":68,"column":12},"end":{"line":68,"column":23}},"31":{"start":{"line":73,"column":25},"end":{"line":75,"column":1}},"32":{"start":{"line":74,"column":4},"end":{"line":74,"column":41}},"33":{"start":{"line":77,"column":28},"end":{"line":79,"column":1}},"34":{"start":{"line":78,"column":4},"end":{"line":78,"column":47}},"35":{"start":{"line":81,"column":27},"end":{"line":114,"column":1}},"36":{"start":{"line":86,"column":35},"end":{"line":86,"column":60}},"37":{"start":{"line":88,"column":4},"end":{"line":99,"column":7}},"38":{"start":{"line":89,"column":33},"end":{"line":89,"column":71}},"39":{"start":{"line":91,"column":8},"end":{"line":98,"column":10}},"40":{"start":{"line":95,"column":16},"end":{"line":97,"column":17}},"41":{"start":{"line":96,"column":38},"end":{"line":96,"column":75}},"42":{"start":{"line":102,"column":4},"end":{"line":112,"column":7}},"43":{"start":{"line":103,"column":30},"end":{"line":103,"column":61}},"44":{"start":{"line":104,"column":8},"end":{"line":111,"column":9}},"45":{"start":{"line":105,"column":12},"end":{"line":108,"column":14}},"46":{"start":{"line":110,"column":12},"end":{"line":110,"column":63}},"47":{"start":{"line":113,"column":4},"end":{"line":113,"column":34}}},"fnMap":{"0":{"name":"(anonymous_0)","decl":{"start":{"line":5,"column":35},"end":{"line":5,"column":36}},"loc":{"start":{"line":10,"column":5},"end":{"line":31,"column":1}},"line":10},"1":{"name":"(anonymous_1)","decl":{"start":{"line":33,"column":31},"end":{"line":33,"column":32}},"loc":{"start":{"line":33,"column":67},"end":{"line":41,"column":1}},"line":33},"2":{"name":"(anonymous_2)","decl":{"start":{"line":43,"column":24},"end":{"line":43,"column":25}},"loc":{"start":{"line":43,"column":51},"end":{"line":57,"column":1}},"line":43},"3":{"name":"(anonymous_3)","decl":{"start":{"line":45,"column":11},"end":{"line":45,"column":12}},"loc":{"start":{"line":45,"column":23},"end":{"line":56,"column":5}},"line":45},"4":{"name":"(anonymous_4)","decl":{"start":{"line":48,"column":22},"end":{"line":48,"column":23}},"loc":{"start":{"line":48,"column":34},"end":{"line":51,"column":9}},"line":48},"5":{"name":"(anonymous_5)","decl":{"start":{"line":59,"column":44},"end":{"line":59,"column":45}},"loc":{"start":{"line":59,"column":77},"end":{"line":61,"column":1}},"line":59},"6":{"name":"(anonymous_6)","decl":{"start":{"line":63,"column":31},"end":{"line":63,"column":32}},"loc":{"start":{"line":63,"column":56},"end":{"line":71,"column":1}},"line":63},"7":{"name":"(anonymous_7)","decl":{"start":{"line":64,"column":11},"end":{"line":64,"column":12}},"loc":{"start":{"line":64,"column":23},"end":{"line":70,"column":5}},"line":64},"8":{"name":"(anonymous_8)","decl":{"start":{"line":73,"column":25},"end":{"line":73,"column":26}},"loc":{"start":{"line":73,"column":38},"end":{"line":75,"column":1}},"line":73},"9":{"name":"(anonymous_9)","decl":{"start":{"line":77,"column":28},"end":{"line":77,"column":29}},"loc":{"start":{"line":77,"column":49},"end":{"line":79,"column":1}},"line":77},"10":{"name":"(anonymous_10)","decl":{"start":{"line":81,"column":27},"end":{"line":81,"column":28}},"loc":{"start":{"line":85,"column":5},"end":{"line":114,"column":1}},"line":85},"11":{"name":"(anonymous_11)","decl":{"start":{"line":88,"column":40},"end":{"line":88,"column":41}},"loc":{"start":{"line":88,"column":55},"end":{"line":99,"column":5}},"line":88},"12":{"name":"(anonymous_12)","decl":{"start":{"line":94,"column":12},"end":{"line":94,"column":13}},"loc":{"start":{"line":95,"column":16},"end":{"line":97,"column":17}},"line":95},"13":{"name":"(anonymous_13)","decl":{"start":{"line":96,"column":20},"end":{"line":96,"column":21}},"loc":{"start":{"line":96,"column":38},"end":{"line":96,"column":75}},"line":96},"14":{"name":"(anonymous_14)","decl":{"start":{"line":102,"column":40},"end":{"line":102,"column":41}},"loc":{"start":{"line":102,"column":51},"end":{"line":112,"column":5}},"line":102}},"branchMap":{"0":{"loc":{"start":{"line":12,"column":12},"end":{"line":12,"column":48}},"type":"default-arg","locations":[{"start":{"line":12,"column":30},"end":{"line":12,"column":48}}],"line":12},"1":{"loc":{"start":{"line":14,"column":4},"end":{"line":20,"column":5}},"type":"if","locations":[{"start":{"line":14,"column":4},"end":{"line":20,"column":5}},{"start":{"line":14,"column":4},"end":{"line":20,"column":5}}],"line":14},"2":{"loc":{"start":{"line":15,"column":8},"end":{"line":17,"column":20}},"type":"binary-expr","locations":[{"start":{"line":15,"column":8},"end":{"line":15,"column":48}},{"start":{"line":16,"column":8},"end":{"line":16,"column":18}},{"start":{"line":17,"column":8},"end":{"line":17,"column":20}}],"line":15},"3":{"loc":{"start":{"line":22,"column":11},"end":{"line":30,"column":5}},"type":"cond-expr","locations":[{"start":{"line":23,"column":8},"end":{"line":27,"column":9}},{"start":{"line":29,"column":8},"end":{"line":29,"column":39}}],"line":22},"4":{"loc":{"start":{"line":23,"column":8},"end":{"line":27,"column":9}},"type":"cond-expr","locations":[{"start":{"line":24,"column":12},"end":{"line":24,"column":27}},{"start":{"line":26,"column":12},"end":{"line":26,"column":20}}],"line":23},"5":{"loc":{"start":{"line":34,"column":4},"end":{"line":40,"column":5}},"type":"if","locations":[{"start":{"line":34,"column":4},"end":{"line":40,"column":5}},{"start":{"line":34,"column":4},"end":{"line":40,"column":5}}],"line":34},"6":{"loc":{"start":{"line":35,"column":8},"end":{"line":37,"column":9}},"type":"if","locations":[{"start":{"line":35,"column":8},"end":{"line":37,"column":9}},{"start":{"line":35,"column":8},"end":{"line":37,"column":9}}],"line":35},"7":{"loc":{"start":{"line":50,"column":12},"end":{"line":50,"column":54}},"type":"if","locations":[{"start":{"line":50,"column":12},"end":{"line":50,"column":54}},{"start":{"line":50,"column":12},"end":{"line":50,"column":54}}],"line":50},"8":{"loc":{"start":{"line":52,"column":24},"end":{"line":52,"column":45}},"type":"binary-expr","locations":[{"start":{"line":52,"column":24},"end":{"line":52,"column":33}},{"start":{"line":52,"column":37},"end":{"line":52,"column":45}}],"line":52},"9":{"loc":{"start":{"line":55,"column":8},"end":{"line":55,"column":47}},"type":"if","locations":[{"start":{"line":55,"column":8},"end":{"line":55,"column":47}},{"start":{"line":55,"column":8},"end":{"line":55,"column":47}}],"line":55},"10":{"loc":{"start":{"line":59,"column":45},"end":{"line":59,"column":72}},"type":"default-arg","locations":[{"start":{"line":59,"column":61},"end":{"line":59,"column":72}}],"line":59},"11":{"loc":{"start":{"line":84,"column":4},"end":{"line":84,"column":24}},"type":"default-arg","locations":[{"start":{"line":84,"column":20},"end":{"line":84,"column":24}}],"line":84},"12":{"loc":{"start":{"line":89,"column":33},"end":{"line":89,"column":71}},"type":"binary-expr","locations":[{"start":{"line":89,"column":33},"end":{"line":89,"column":65}},{"start":{"line":89,"column":69},"end":{"line":89,"column":71}}],"line":89},"13":{"loc":{"start":{"line":103,"column":30},"end":{"line":103,"column":61}},"type":"binary-expr","locations":[{"start":{"line":103,"column":30},"end":{"line":103,"column":55}},{"start":{"line":103,"column":59},"end":{"line":103,"column":61}}],"line":103},"14":{"loc":{"start":{"line":104,"column":8},"end":{"line":111,"column":9}},"type":"if","locations":[{"start":{"line":104,"column":8},"end":{"line":111,"column":9}},{"start":{"line":104,"column":8},"end":{"line":111,"column":9}}],"line":104},"15":{"loc":{"start":{"line":106,"column":20},"end":{"line":106,"column":55}},"type":"binary-expr","locations":[{"start":{"line":106,"column":20},"end":{"line":106,"column":49}},{"start":{"line":106,"column":53},"end":{"line":106,"column":55}}],"line":106}},"s":{"0":1,"1":71,"2":71,"3":71,"4":0,"5":71,"6":1,"7":0,"8":0,"9":0,"10":0,"11":1,"12":9,"13":0,"14":0,"15":0,"16":0,"17":0,"18":0,"19":0,"20":0,"21":0,"22":0,"23":0,"24":1,"25":0,"26":1,"27":0,"28":0,"29":0,"30":0,"31":1,"32":120,"33":1,"34":6,"35":1,"36":0,"37":0,"38":0,"39":0,"40":0,"41":0,"42":0,"43":0,"44":0,"45":0,"46":0,"47":0},"f":{"0":71,"1":0,"2":9,"3":0,"4":0,"5":0,"6":0,"7":0,"8":120,"9":6,"10":0,"11":0,"12":0,"13":0,"14":0},"b":{"0":[0],"1":[0,71],"2":[71,22,1],"3":[0,71],"4":[0,0],"5":[0,0],"6":[0,0],"7":[0,0],"8":[0,0],"9":[0,0],"10":[0],"11":[0],"12":[0,0],"13":[0,0],"14":[0,0],"15":[0,0]},"_coverageSchema":"1a1c01bbd47fc00a2c39e90264f33305004495a9","hash":"ef1bf33be5b0b10d7edb9b81edaf7a5e415478fa"}
,"/Users/vikramgupta/Unbxd/react-search-JS-SDK/src/common/context/AppContext.js": {"path":"/Users/vikramgupta/Unbxd/react-search-JS-SDK/src/common/context/AppContext.js","statementMap":{"0":{"start":{"line":3,"column":19},"end":{"line":3,"column":34}},"1":{"start":{"line":5,"column":27},"end":{"line":5,"column":46}},"2":{"start":{"line":6,"column":27},"end":{"line":6,"column":46}}},"fnMap":{},"branchMap":{},"s":{"0":1,"1":1,"2":1},"f":{},"b":{},"_coverageSchema":"1a1c01bbd47fc00a2c39e90264f33305004495a9","hash":"b6e0e69fe4451e38de9bc28dc334f52faf3e8e11"}
,"/Users/vikramgupta/Unbxd/react-search-JS-SDK/src/common/context/index.js": {"path":"/Users/vikramgupta/Unbxd/react-search-JS-SDK/src/common/context/index.js","statementMap":{},"fnMap":{},"branchMap":{},"s":{},"f":{},"b":{},"_coverageSchema":"1a1c01bbd47fc00a2c39e90264f33305004495a9","hash":"515c6df32d535dc76d3f8750ee33de68fadf88f4"}
,"/Users/vikramgupta/Unbxd/react-search-JS-SDK/src/components/Button.js": {"path":"/Users/vikramgupta/Unbxd/react-search-JS-SDK/src/components/Button.js","statementMap":{"0":{"start":{"line":4,"column":15},"end":{"line":4,"column":70}},"1":{"start":{"line":4,"column":26},"end":{"line":4,"column":70}},"2":{"start":{"line":6,"column":0},"end":{"line":11,"column":2}}},"fnMap":{"0":{"name":"(anonymous_0)","decl":{"start":{"line":4,"column":15},"end":{"line":4,"column":16}},"loc":{"start":{"line":4,"column":26},"end":{"line":4,"column":70}},"line":4}},"branchMap":{},"s":{"0":1,"1":40,"2":1},"f":{"0":40},"b":{},"_coverageSchema":"1a1c01bbd47fc00a2c39e90264f33305004495a9","hash":"a368f41f59fb430f97bde06ed679c50a48e8d5b9"}
,"/Users/vikramgupta/Unbxd/react-search-JS-SDK/src/components/Input.js": {"path":"/Users/vikramgupta/Unbxd/react-search-JS-SDK/src/components/Input.js","statementMap":{"0":{"start":{"line":5,"column":15},"end":{"line":5,"column":26}},"1":{"start":{"line":8,"column":30},"end":{"line":8,"column":40}},"2":{"start":{"line":9,"column":8},"end":{"line":11,"column":9}},"3":{"start":{"line":10,"column":12},"end":{"line":10,"column":42}},"4":{"start":{"line":14,"column":23},"end":{"line":19,"column":5}},"5":{"start":{"line":15,"column":28},"end":{"line":15,"column":38}},"6":{"start":{"line":16,"column":8},"end":{"line":16,"column":18}},"7":{"start":{"line":18,"column":8},"end":{"line":18,"column":38}},"8":{"start":{"line":31,"column":12},"end":{"line":31,"column":22}},"9":{"start":{"line":32,"column":26},"end":{"line":32,"column":64}},"10":{"start":{"line":34,"column":8},"end":{"line":58,"column":10}},"11":{"start":{"line":62,"column":0},"end":{"line":68,"column":2}},"12":{"start":{"line":70,"column":0},"end":{"line":79,"column":2}}},"fnMap":{"0":{"name":"(anonymous_0)","decl":{"start":{"line":7,"column":4},"end":{"line":7,"column":5}},"loc":{"start":{"line":7,"column":24},"end":{"line":12,"column":5}},"line":7},"1":{"name":"(anonymous_1)","decl":{"start":{"line":14,"column":23},"end":{"line":14,"column":24}},"loc":{"start":{"line":14,"column":29},"end":{"line":19,"column":5}},"line":14},"2":{"name":"(anonymous_2)","decl":{"start":{"line":21,"column":4},"end":{"line":21,"column":5}},"loc":{"start":{"line":21,"column":13},"end":{"line":59,"column":5}},"line":21}},"branchMap":{"0":{"loc":{"start":{"line":9,"column":8},"end":{"line":11,"column":9}},"type":"if","locations":[{"start":{"line":9,"column":8},"end":{"line":11,"column":9}},{"start":{"line":9,"column":8},"end":{"line":11,"column":9}}],"line":9},"1":{"loc":{"start":{"line":32,"column":26},"end":{"line":32,"column":64}},"type":"binary-expr","locations":[{"start":{"line":32,"column":26},"end":{"line":32,"column":31}},{"start":{"line":32,"column":35},"end":{"line":32,"column":51}},{"start":{"line":32,"column":55},"end":{"line":32,"column":64}}],"line":32},"2":{"loc":{"start":{"line":40,"column":30},"end":{"line":40,"column":56}},"type":"cond-expr","locations":[{"start":{"line":40,"column":41},"end":{"line":40,"column":49}},{"start":{"line":40,"column":52},"end":{"line":40,"column":56}}],"line":40},"3":{"loc":{"start":{"line":44,"column":17},"end":{"line":56,"column":22}},"type":"binary-expr","locations":[{"start":{"line":44,"column":17},"end":{"line":44,"column":26}},{"start":{"line":45,"column":21},"end":{"line":56,"column":21}}],"line":44},"4":{"loc":{"start":{"line":45,"column":21},"end":{"line":56,"column":21}},"type":"cond-expr","locations":[{"start":{"line":46,"column":24},"end":{"line":48,"column":26}},{"start":{"line":50,"column":24},"end":{"line":55,"column":30}}],"line":45}},"s":{"0":9,"1":9,"2":9,"3":0,"4":9,"5":0,"6":0,"7":0,"8":18,"9":18,"10":18,"11":1,"12":1},"f":{"0":9,"1":0,"2":18},"b":{"0":[0,9],"1":[18,9,9],"2":[18,0],"3":[18,0],"4":[0,0]},"_coverageSchema":"1a1c01bbd47fc00a2c39e90264f33305004495a9","hash":"551bdc7a71f54bae7857a3f94f17ca8ae41ed2dd"}
,"/Users/vikramgupta/Unbxd/react-search-JS-SDK/src/components/List.js": {"path":"/Users/vikramgupta/Unbxd/react-search-JS-SDK/src/components/List.js","statementMap":{"0":{"start":{"line":7,"column":13},"end":{"line":48,"column":1}},"1":{"start":{"line":17,"column":4},"end":{"line":47,"column":6}},"2":{"start":{"line":21,"column":20},"end":{"line":23,"column":43}},"3":{"start":{"line":24,"column":16},"end":{"line":33,"column":17}},"4":{"start":{"line":25,"column":20},"end":{"line":32,"column":23}},"5":{"start":{"line":35,"column":16},"end":{"line":44,"column":18}},"6":{"start":{"line":50,"column":0},"end":{"line":58,"column":2}}},"fnMap":{"0":{"name":"(anonymous_0)","decl":{"start":{"line":7,"column":13},"end":{"line":7,"column":14}},"loc":{"start":{"line":16,"column":6},"end":{"line":48,"column":1}},"line":16},"1":{"name":"(anonymous_1)","decl":{"start":{"line":19,"column":23},"end":{"line":19,"column":24}},"loc":{"start":{"line":19,"column":38},"end":{"line":45,"column":13}},"line":19}},"branchMap":{"0":{"loc":{"start":{"line":10,"column":4},"end":{"line":10,"column":22}},"type":"default-arg","locations":[{"start":{"line":10,"column":18},"end":{"line":10,"column":22}}],"line":10},"1":{"loc":{"start":{"line":11,"column":4},"end":{"line":11,"column":18}},"type":"default-arg","locations":[{"start":{"line":11,"column":16},"end":{"line":11,"column":18}}],"line":11},"2":{"loc":{"start":{"line":13,"column":4},"end":{"line":13,"column":36}},"type":"default-arg","locations":[{"start":{"line":13,"column":16},"end":{"line":13,"column":36}}],"line":13},"3":{"loc":{"start":{"line":21,"column":20},"end":{"line":23,"column":43}},"type":"cond-expr","locations":[{"start":{"line":22,"column":26},"end":{"line":22,"column":30}},{"start":{"line":23,"column":26},"end":{"line":23,"column":43}}],"line":21},"4":{"loc":{"start":{"line":24,"column":16},"end":{"line":33,"column":17}},"type":"if","locations":[{"start":{"line":24,"column":16},"end":{"line":33,"column":17}},{"start":{"line":24,"column":16},"end":{"line":33,"column":17}}],"line":24},"5":{"loc":{"start":{"line":28,"column":33},"end":{"line":28,"column":48}},"type":"binary-expr","locations":[{"start":{"line":28,"column":33},"end":{"line":28,"column":40}},{"start":{"line":28,"column":44},"end":{"line":28,"column":48}}],"line":28},"6":{"loc":{"start":{"line":39,"column":33},"end":{"line":39,"column":48}},"type":"binary-expr","locations":[{"start":{"line":39,"column":33},"end":{"line":39,"column":40}},{"start":{"line":39,"column":44},"end":{"line":39,"column":48}}],"line":39}},"s":{"0":1,"1":147,"2":120,"3":120,"4":0,"5":120,"6":1},"f":{"0":147,"1":120},"b":{"0":[0],"1":[0],"2":[147],"3":[0,120],"4":[0,120],"5":[0,0],"6":[120,0]},"_coverageSchema":"1a1c01bbd47fc00a2c39e90264f33305004495a9","hash":"0022096575623c89b46ef6ee33fdac31660ea53b"}
,"/Users/vikramgupta/Unbxd/react-search-JS-SDK/src/components/Loader.js": {"path":"/Users/vikramgupta/Unbxd/react-search-JS-SDK/src/components/Loader.js","statementMap":{"0":{"start":{"line":3,"column":15},"end":{"line":34,"column":1}},"1":{"start":{"line":4,"column":4},"end":{"line":33,"column":6}}},"fnMap":{"0":{"name":"(anonymous_0)","decl":{"start":{"line":3,"column":15},"end":{"line":3,"column":16}},"loc":{"start":{"line":3,"column":21},"end":{"line":34,"column":1}},"line":3}},"branchMap":{},"s":{"0":1,"1":0},"f":{"0":0},"b":{},"_coverageSchema":"1a1c01bbd47fc00a2c39e90264f33305004495a9","hash":"8352f4b46f9369dc32730a556b9a9a550ba07b3a"}
,"/Users/vikramgupta/Unbxd/react-search-JS-SDK/src/components/ViewMore.js": {"path":"/Users/vikramgupta/Unbxd/react-search-JS-SDK/src/components/ViewMore.js","statementMap":{"0":{"start":{"line":3,"column":17},"end":{"line":21,"column":1}},"1":{"start":{"line":4,"column":4},"end":{"line":20,"column":6}}},"fnMap":{"0":{"name":"(anonymous_0)","decl":{"start":{"line":3,"column":17},"end":{"line":3,"column":18}},"loc":{"start":{"line":3,"column":72},"end":{"line":21,"column":1}},"line":3}},"branchMap":{"0":{"loc":{"start":{"line":4,"column":11},"end":{"line":20,"column":5}},"type":"cond-expr","locations":[{"start":{"line":5,"column":8},"end":{"line":11,"column":14}},{"start":{"line":13,"column":8},"end":{"line":19,"column":14}}],"line":4}},"s":{"0":1,"1":0},"f":{"0":0},"b":{"0":[0,0]},"_coverageSchema":"1a1c01bbd47fc00a2c39e90264f33305004495a9","hash":"6c40d6b52ee69fda643c1c41240fcd34bd6a40ca"}
,"/Users/vikramgupta/Unbxd/react-search-JS-SDK/src/components/index.js": {"path":"/Users/vikramgupta/Unbxd/react-search-JS-SDK/src/components/index.js","statementMap":{},"fnMap":{},"branchMap":{},"s":{},"f":{},"b":{},"_coverageSchema":"1a1c01bbd47fc00a2c39e90264f33305004495a9","hash":"d17041e29d3380f76e27ed4ea2e2ce996ad5f821"}
,"/Users/vikramgupta/Unbxd/react-search-JS-SDK/src/components/utils/constants.js": {"path":"/Users/vikramgupta/Unbxd/react-search-JS-SDK/src/components/utils/constants.js","statementMap":{"0":{"start":{"line":1,"column":29},"end":{"line":4,"column":1}}},"fnMap":{},"branchMap":{},"s":{"0":1},"f":{},"b":{},"_coverageSchema":"1a1c01bbd47fc00a2c39e90264f33305004495a9","hash":"93c5a1bcb02393f26943346e81e60369f9fd5baf"}
,"/Users/vikramgupta/Unbxd/react-search-JS-SDK/src/components/utils/index.js": {"path":"/Users/vikramgupta/Unbxd/react-search-JS-SDK/src/components/utils/index.js","statementMap":{},"fnMap":{},"branchMap":{},"s":{},"f":{},"b":{},"_coverageSchema":"1a1c01bbd47fc00a2c39e90264f33305004495a9","hash":"1d46cb94916ec551c79d56a2ec7dc58681cc2767"}
,"/Users/vikramgupta/Unbxd/react-search-JS-SDK/src/config/constants.js": {"path":"/Users/vikramgupta/Unbxd/react-search-JS-SDK/src/config/constants.js","statementMap":{"0":{"start":{"line":1,"column":28},"end":{"line":5,"column":1}},"1":{"start":{"line":7,"column":28},"end":{"line":12,"column":1}},"2":{"start":{"line":14,"column":28},"end":{"line":18,"column":1}},"3":{"start":{"line":20,"column":28},"end":{"line":23,"column":1}},"4":{"start":{"line":25,"column":25},"end":{"line":28,"column":1}},"5":{"start":{"line":30,"column":32},"end":{"line":37,"column":1}},"6":{"start":{"line":39,"column":31},"end":{"line":43,"column":1}},"7":{"start":{"line":45,"column":26},"end":{"line":49,"column":1}}},"fnMap":{},"branchMap":{},"s":{"0":1,"1":1,"2":1,"3":1,"4":1,"5":1,"6":1,"7":1},"f":{},"b":{},"_coverageSchema":"1a1c01bbd47fc00a2c39e90264f33305004495a9","hash":"7c82bdba1f84141bb4dd0481e6faa68a841d69d5"}
,"/Users/vikramgupta/Unbxd/react-search-JS-SDK/src/config/index.js": {"path":"/Users/vikramgupta/Unbxd/react-search-JS-SDK/src/config/index.js","statementMap":{},"fnMap":{},"branchMap":{},"s":{},"f":{},"b":{},"_coverageSchema":"1a1c01bbd47fc00a2c39e90264f33305004495a9","hash":"cf20ffba6eaa7697b1c293e64924827abf802f52"}
,"/Users/vikramgupta/Unbxd/react-search-JS-SDK/src/config/searchConfigurations.js": {"path":"/Users/vikramgupta/Unbxd/react-search-JS-SDK/src/config/searchConfigurations.js","statementMap":{"0":{"start":{"line":1,"column":29},"end":{"line":36,"column":1}}},"fnMap":{"0":{"name":"(anonymous_0)","decl":{"start":{"line":31,"column":13},"end":{"line":31,"column":14}},"loc":{"start":{"line":31,"column":19},"end":{"line":31,"column":21}},"line":31},"1":{"name":"(anonymous_1)","decl":{"start":{"line":32,"column":19},"end":{"line":32,"column":20}},"loc":{"start":{"line":32,"column":25},"end":{"line":32,"column":27}},"line":32}},"branchMap":{},"s":{"0":1},"f":{"0":0,"1":0},"b":{},"_coverageSchema":"1a1c01bbd47fc00a2c39e90264f33305004495a9","hash":"6ce4278c11eb76fdf4f45d156bd2ed25ef573bca"}
,"/Users/vikramgupta/Unbxd/react-search-JS-SDK/src/modules/products/Products.js": {"path":"/Users/vikramgupta/Unbxd/react-search-JS-SDK/src/modules/products/Products.js","statementMap":{"0":{"start":{"line":12,"column":17},"end":{"line":44,"column":1}},"1":{"start":{"line":13,"column":4},"end":{"line":43,"column":6}},"2":{"start":{"line":16,"column":16},"end":{"line":18,"column":17}},"3":{"start":{"line":17,"column":20},"end":{"line":17,"column":71}},"4":{"start":{"line":26,"column":20},"end":{"line":26,"column":28}},"5":{"start":{"line":27,"column":53},"end":{"line":27,"column":63}},"6":{"start":{"line":29,"column":16},"end":{"line":40,"column":18}},"7":{"start":{"line":46,"column":0},"end":{"line":46,"column":34}},"8":{"start":{"line":48,"column":0},"end":{"line":57,"column":2}},"9":{"start":{"line":59,"column":0},"end":{"line":136,"column":2}}},"fnMap":{"0":{"name":"(anonymous_0)","decl":{"start":{"line":12,"column":17},"end":{"line":12,"column":18}},"loc":{"start":{"line":12,"column":28},"end":{"line":44,"column":1}},"line":12},"1":{"name":"(anonymous_1)","decl":{"start":{"line":15,"column":13},"end":{"line":15,"column":14}},"loc":{"start":{"line":15,"column":27},"end":{"line":41,"column":13}},"line":15}},"branchMap":{"0":{"loc":{"start":{"line":16,"column":16},"end":{"line":18,"column":17}},"type":"if","locations":[{"start":{"line":16,"column":16},"end":{"line":18,"column":17}},{"start":{"line":16,"column":16},"end":{"line":18,"column":17}}],"line":16}},"s":{"0":1,"1":9,"2":31,"3":0,"4":31,"5":31,"6":31,"7":1,"8":1,"9":1},"f":{"0":9,"1":31},"b":{"0":[0,31]},"_coverageSchema":"1a1c01bbd47fc00a2c39e90264f33305004495a9","hash":"bb97acb31d72f0d65d9fea40a399e49c8023cb23"}
,"/Users/vikramgupta/Unbxd/react-search-JS-SDK/src/modules/products/ProductsContainer.js": {"path":"/Users/vikramgupta/Unbxd/react-search-JS-SDK/src/modules/products/ProductsContainer.js","statementMap":{"0":{"start":{"line":19,"column":12},"end":{"line":19,"column":22}},"1":{"start":{"line":22,"column":31},"end":{"line":22,"column":59}},"2":{"start":{"line":23,"column":30},"end":{"line":26,"column":9}},"3":{"start":{"line":27,"column":38},"end":{"line":27,"column":65}},"4":{"start":{"line":31,"column":8},"end":{"line":39,"column":11}},"5":{"start":{"line":69,"column":12},"end":{"line":69,"column":22}},"6":{"start":{"line":71,"column":29},"end":{"line":71,"column":67}},"7":{"start":{"line":72,"column":34},"end":{"line":72,"column":77}},"8":{"start":{"line":73,"column":27},"end":{"line":73,"column":63}},"9":{"start":{"line":74,"column":38},"end":{"line":76,"column":9}},"10":{"start":{"line":77,"column":38},"end":{"line":77,"column":52}},"11":{"start":{"line":79,"column":22},"end":{"line":79,"column":54}},"12":{"start":{"line":81,"column":12},"end":{"line":81,"column":46}},"13":{"start":{"line":83,"column":28},"end":{"line":95,"column":9}},"14":{"start":{"line":84,"column":36},"end":{"line":84,"column":55}},"15":{"start":{"line":85,"column":35},"end":{"line":85,"column":64}},"16":{"start":{"line":87,"column":16},"end":{"line":87,"column":67}},"17":{"start":{"line":89,"column":16},"end":{"line":91,"column":51}},"18":{"start":{"line":93,"column":12},"end":{"line":93,"column":35}},"19":{"start":{"line":94,"column":12},"end":{"line":94,"column":25}},"20":{"start":{"line":97,"column":31},"end":{"line":122,"column":9}},"21":{"start":{"line":98,"column":36},"end":{"line":98,"column":65}},"22":{"start":{"line":99,"column":12},"end":{"line":121,"column":13}},"23":{"start":{"line":100,"column":34},"end":{"line":100,"column":54}},"24":{"start":{"line":101,"column":39},"end":{"line":104,"column":17}},"25":{"start":{"line":106,"column":16},"end":{"line":120,"column":17}},"26":{"start":{"line":107,"column":20},"end":{"line":114,"column":21}},"27":{"start":{"line":108,"column":24},"end":{"line":111,"column":26}},"28":{"start":{"line":113,"column":24},"end":{"line":113,"column":47}},"29":{"start":{"line":116,"column":20},"end":{"line":119,"column":22}},"30":{"start":{"line":124,"column":40},"end":{"line":130,"column":10}},"31":{"start":{"line":124,"column":68},"end":{"line":130,"column":9}},"32":{"start":{"line":126,"column":16},"end":{"line":126,"column":33}},"33":{"start":{"line":127,"column":16},"end":{"line":127,"column":26}},"34":{"start":{"line":132,"column":21},"end":{"line":153,"column":9}},"35":{"start":{"line":155,"column":24},"end":{"line":166,"column":9}},"36":{"start":{"line":168,"column":8},"end":{"line":168,"column":39}},"37":{"start":{"line":172,"column":30},"end":{"line":172,"column":45}},"38":{"start":{"line":173,"column":29},"end":{"line":173,"column":33}},"39":{"start":{"line":175,"column":8},"end":{"line":180,"column":10}},"40":{"start":{"line":184,"column":0},"end":{"line":210,"column":2}}},"fnMap":{"0":{"name":"(anonymous_0)","decl":{"start":{"line":8,"column":4},"end":{"line":8,"column":5}},"loc":{"start":{"line":8,"column":24},"end":{"line":40,"column":5}},"line":8},"1":{"name":"(anonymous_1)","decl":{"start":{"line":42,"column":4},"end":{"line":42,"column":5}},"loc":{"start":{"line":42,"column":22},"end":{"line":169,"column":5}},"line":42},"2":{"name":"(anonymous_2)","decl":{"start":{"line":83,"column":28},"end":{"line":83,"column":29}},"loc":{"start":{"line":83,"column":34},"end":{"line":95,"column":9}},"line":83},"3":{"name":"(anonymous_3)","decl":{"start":{"line":97,"column":31},"end":{"line":97,"column":32}},"loc":{"start":{"line":97,"column":42},"end":{"line":122,"column":9}},"line":97},"4":{"name":"(anonymous_4)","decl":{"start":{"line":124,"column":40},"end":{"line":124,"column":41}},"loc":{"start":{"line":124,"column":68},"end":{"line":130,"column":9}},"line":124},"5":{"name":"(anonymous_5)","decl":{"start":{"line":125,"column":21},"end":{"line":125,"column":22}},"loc":{"start":{"line":125,"column":27},"end":{"line":128,"column":13}},"line":125},"6":{"name":"(anonymous_6)","decl":{"start":{"line":171,"column":4},"end":{"line":171,"column":5}},"loc":{"start":{"line":171,"column":13},"end":{"line":181,"column":5}},"line":171}},"branchMap":{"0":{"loc":{"start":{"line":11,"column":12},"end":{"line":11,"column":30}},"type":"default-arg","locations":[{"start":{"line":11,"column":28},"end":{"line":11,"column":30}}],"line":11},"1":{"loc":{"start":{"line":14,"column":12},"end":{"line":14,"column":37}},"type":"default-arg","locations":[{"start":{"line":14,"column":35},"end":{"line":14,"column":37}}],"line":14},"2":{"loc":{"start":{"line":15,"column":12},"end":{"line":15,"column":36}},"type":"default-arg","locations":[{"start":{"line":15,"column":34},"end":{"line":15,"column":36}}],"line":15},"3":{"loc":{"start":{"line":59,"column":12},"end":{"line":59,"column":30}},"type":"default-arg","locations":[{"start":{"line":59,"column":28},"end":{"line":59,"column":30}}],"line":59},"4":{"loc":{"start":{"line":62,"column":12},"end":{"line":62,"column":37}},"type":"default-arg","locations":[{"start":{"line":62,"column":35},"end":{"line":62,"column":37}}],"line":62},"5":{"loc":{"start":{"line":64,"column":12},"end":{"line":64,"column":36}},"type":"default-arg","locations":[{"start":{"line":64,"column":34},"end":{"line":64,"column":36}}],"line":64},"6":{"loc":{"start":{"line":79,"column":22},"end":{"line":79,"column":54}},"type":"binary-expr","locations":[{"start":{"line":79,"column":22},"end":{"line":79,"column":48}},{"start":{"line":79,"column":52},"end":{"line":79,"column":54}}],"line":79},"7":{"loc":{"start":{"line":80,"column":16},"end":{"line":80,"column":36}},"type":"default-arg","locations":[{"start":{"line":80,"column":35},"end":{"line":80,"column":36}}],"line":80},"8":{"loc":{"start":{"line":80,"column":38},"end":{"line":80,"column":51}},"type":"default-arg","locations":[{"start":{"line":80,"column":49},"end":{"line":80,"column":51}}],"line":80},"9":{"loc":{"start":{"line":80,"column":53},"end":{"line":80,"column":62}},"type":"default-arg","locations":[{"start":{"line":80,"column":61},"end":{"line":80,"column":62}}],"line":80},"10":{"loc":{"start":{"line":81,"column":12},"end":{"line":81,"column":46}},"type":"binary-expr","locations":[{"start":{"line":81,"column":12},"end":{"line":81,"column":40}},{"start":{"line":81,"column":44},"end":{"line":81,"column":46}}],"line":81},"11":{"loc":{"start":{"line":87,"column":16},"end":{"line":87,"column":67}},"type":"binary-expr","locations":[{"start":{"line":87,"column":17},"end":{"line":87,"column":31}},{"start":{"line":87,"column":35},"end":{"line":87,"column":54}},{"start":{"line":87,"column":59},"end":{"line":87,"column":67}}],"line":87},"12":{"loc":{"start":{"line":89,"column":16},"end":{"line":91,"column":51}},"type":"cond-expr","locations":[{"start":{"line":90,"column":22},"end":{"line":90,"column":37}},{"start":{"line":91,"column":22},"end":{"line":91,"column":51}}],"line":89},"13":{"loc":{"start":{"line":99,"column":12},"end":{"line":121,"column":13}},"type":"if","locations":[{"start":{"line":99,"column":12},"end":{"line":121,"column":13}},{"start":{"line":99,"column":12},"end":{"line":121,"column":13}}],"line":99},"14":{"loc":{"start":{"line":106,"column":16},"end":{"line":120,"column":17}},"type":"if","locations":[{"start":{"line":106,"column":16},"end":{"line":120,"column":17}},{"start":{"line":106,"column":16},"end":{"line":120,"column":17}}],"line":106},"15":{"loc":{"start":{"line":107,"column":20},"end":{"line":114,"column":21}},"type":"if","locations":[{"start":{"line":107,"column":20},"end":{"line":114,"column":21}},{"start":{"line":107,"column":20},"end":{"line":114,"column":21}}],"line":107}},"s":{"0":9,"1":9,"2":9,"3":9,"4":9,"5":31,"6":31,"7":31,"8":31,"9":31,"10":31,"11":31,"12":31,"13":31,"14":2,"15":2,"16":2,"17":2,"18":2,"19":2,"20":31,"21":1,"22":1,"23":1,"24":1,"25":1,"26":1,"27":0,"28":1,"29":0,"30":31,"31":0,"32":0,"33":0,"34":31,"35":31,"36":31,"37":31,"38":31,"39":31,"40":1},"f":{"0":9,"1":31,"2":2,"3":1,"4":0,"5":0,"6":31},"b":{"0":[0],"1":[9],"2":[9],"3":[0],"4":[31],"5":[31],"6":[31,18],"7":[18],"8":[18],"9":[18],"10":[31,18],"11":[2,2,0],"12":[0,2],"13":[1,0],"14":[1,0],"15":[0,1]},"_coverageSchema":"1a1c01bbd47fc00a2c39e90264f33305004495a9","hash":"c1f8b327a46b799807b220e2a2f7d9050a171b3e"}
,"/Users/vikramgupta/Unbxd/react-search-JS-SDK/src/modules/products/index.js": {"path":"/Users/vikramgupta/Unbxd/react-search-JS-SDK/src/modules/products/index.js","statementMap":{},"fnMap":{},"branchMap":{},"s":{},"f":{},"b":{},"_coverageSchema":"1a1c01bbd47fc00a2c39e90264f33305004495a9","hash":"7d06b1d9329a4e5f8b98c41b60d0e93412ddc270"}
,"/Users/vikramgupta/Unbxd/react-search-JS-SDK/src/modules/products/__tests__/mocks/searchMock.js": {"path":"/Users/vikramgupta/Unbxd/react-search-JS-SDK/src/modules/products/__tests__/mocks/searchMock.js","statementMap":{"0":{"start":{"line":1,"column":35},"end":{"line":43,"column":1}},"1":{"start":{"line":45,"column":30},"end":{"line":595,"column":1}}},"fnMap":{},"branchMap":{},"s":{"0":1,"1":1},"f":{},"b":{},"_coverageSchema":"1a1c01bbd47fc00a2c39e90264f33305004495a9","hash":"98142a295fbe7d079051b357cd1ce13e81b0f26c"}
,"/Users/vikramgupta/Unbxd/react-search-JS-SDK/src/modules/products/productsWrapper/NoProducts.js": {"path":"/Users/vikramgupta/Unbxd/react-search-JS-SDK/src/modules/products/productsWrapper/NoProducts.js","statementMap":{"0":{"start":{"line":3,"column":19},"end":{"line":9,"column":1}},"1":{"start":{"line":4,"column":4},"end":{"line":8,"column":6}}},"fnMap":{"0":{"name":"(anonymous_0)","decl":{"start":{"line":3,"column":19},"end":{"line":3,"column":20}},"loc":{"start":{"line":3,"column":25},"end":{"line":9,"column":1}},"line":3}},"branchMap":{},"s":{"0":1,"1":10},"f":{"0":10},"b":{},"_coverageSchema":"1a1c01bbd47fc00a2c39e90264f33305004495a9","hash":"38cee3bdc6aa12d5557450ee5ed3f1ee1617d5de"}
,"/Users/vikramgupta/Unbxd/react-search-JS-SDK/src/modules/products/productsWrapper/ProductsWrapper.js": {"path":"/Users/vikramgupta/Unbxd/react-search-JS-SDK/src/modules/products/productsWrapper/ProductsWrapper.js","statementMap":{"0":{"start":{"line":15,"column":8},"end":{"line":15,"column":21}},"1":{"start":{"line":17,"column":29},"end":{"line":17,"column":39}},"2":{"start":{"line":18,"column":8},"end":{"line":22,"column":10}},"3":{"start":{"line":24,"column":8},"end":{"line":24,"column":48}},"4":{"start":{"line":27,"column":23},"end":{"line":42,"column":21}},"5":{"start":{"line":28,"column":61},"end":{"line":28,"column":71}},"6":{"start":{"line":30,"column":39},"end":{"line":31,"column":25}},"7":{"start":{"line":32,"column":31},"end":{"line":32,"column":68}},"8":{"start":{"line":34,"column":12},"end":{"line":34,"column":67}},"9":{"start":{"line":36,"column":8},"end":{"line":41,"column":9}},"10":{"start":{"line":40,"column":12},"end":{"line":40,"column":26}},"11":{"start":{"line":44,"column":23},"end":{"line":47,"column":5}},"12":{"start":{"line":45,"column":32},"end":{"line":45,"column":42}},"13":{"start":{"line":46,"column":8},"end":{"line":46,"column":22}},"14":{"start":{"line":50,"column":35},"end":{"line":50,"column":45}},"15":{"start":{"line":51,"column":8},"end":{"line":53,"column":9}},"16":{"start":{"line":52,"column":12},"end":{"line":52,"column":69}},"17":{"start":{"line":69,"column":12},"end":{"line":69,"column":22}},"18":{"start":{"line":70,"column":44},"end":{"line":70,"column":58}},"19":{"start":{"line":72,"column":12},"end":{"line":75,"column":32}},"20":{"start":{"line":77,"column":8},"end":{"line":160,"column":9}},"21":{"start":{"line":81,"column":12},"end":{"line":92,"column":13}},"22":{"start":{"line":82,"column":16},"end":{"line":86,"column":19}},"23":{"start":{"line":87,"column":16},"end":{"line":90,"column":18}},"24":{"start":{"line":91,"column":16},"end":{"line":91,"column":23}},"25":{"start":{"line":94,"column":12},"end":{"line":100,"column":13}},"26":{"start":{"line":99,"column":16},"end":{"line":99,"column":76}},"27":{"start":{"line":102,"column":12},"end":{"line":112,"column":13}},"28":{"start":{"line":103,"column":16},"end":{"line":105,"column":17}},"29":{"start":{"line":104,"column":20},"end":{"line":104,"column":27}},"30":{"start":{"line":107,"column":16},"end":{"line":111,"column":17}},"31":{"start":{"line":108,"column":20},"end":{"line":108,"column":61}},"32":{"start":{"line":110,"column":20},"end":{"line":110,"column":27}},"33":{"start":{"line":114,"column":12},"end":{"line":116,"column":13}},"34":{"start":{"line":115,"column":16},"end":{"line":115,"column":23}},"35":{"start":{"line":118,"column":12},"end":{"line":150,"column":13}},"36":{"start":{"line":123,"column":16},"end":{"line":126,"column":18}},"37":{"start":{"line":128,"column":16},"end":{"line":136,"column":17}},"38":{"start":{"line":129,"column":20},"end":{"line":129,"column":80}},"39":{"start":{"line":130,"column":23},"end":{"line":136,"column":17}},"40":{"start":{"line":134,"column":20},"end":{"line":134,"column":80}},"41":{"start":{"line":135,"column":20},"end":{"line":135,"column":77}},"42":{"start":{"line":137,"column":16},"end":{"line":147,"column":23}},"43":{"start":{"line":149,"column":16},"end":{"line":149,"column":23}},"44":{"start":{"line":152,"column":12},"end":{"line":159,"column":13}},"45":{"start":{"line":153,"column":16},"end":{"line":156,"column":18}},"46":{"start":{"line":157,"column":16},"end":{"line":157,"column":61}},"47":{"start":{"line":158,"column":16},"end":{"line":158,"column":23}},"48":{"start":{"line":162,"column":8},"end":{"line":180,"column":9}},"49":{"start":{"line":167,"column":12},"end":{"line":170,"column":13}},"50":{"start":{"line":168,"column":16},"end":{"line":168,"column":76}},"51":{"start":{"line":169,"column":16},"end":{"line":169,"column":73}},"52":{"start":{"line":172,"column":12},"end":{"line":179,"column":13}},"53":{"start":{"line":176,"column":16},"end":{"line":178,"column":19}},"54":{"start":{"line":184,"column":35},"end":{"line":184,"column":45}},"55":{"start":{"line":185,"column":8},"end":{"line":187,"column":9}},"56":{"start":{"line":186,"column":12},"end":{"line":186,"column":72}},"57":{"start":{"line":191,"column":8},"end":{"line":191,"column":16}},"58":{"start":{"line":214,"column":12},"end":{"line":214,"column":22}},"59":{"start":{"line":215,"column":45},"end":{"line":215,"column":55}},"60":{"start":{"line":218,"column":8},"end":{"line":224,"column":9}},"61":{"start":{"line":223,"column":12},"end":{"line":223,"column":65}},"62":{"start":{"line":227,"column":8},"end":{"line":232,"column":9}},"63":{"start":{"line":228,"column":12},"end":{"line":230,"column":13}},"64":{"start":{"line":229,"column":16},"end":{"line":229,"column":37}},"65":{"start":{"line":231,"column":12},"end":{"line":231,"column":34}},"66":{"start":{"line":235,"column":12},"end":{"line":237,"column":50}},"67":{"start":{"line":239,"column":12},"end":{"line":239,"column":66}},"68":{"start":{"line":241,"column":26},"end":{"line":255,"column":9}},"69":{"start":{"line":258,"column":12},"end":{"line":262,"column":29}},"70":{"start":{"line":265,"column":8},"end":{"line":286,"column":10}},"71":{"start":{"line":290,"column":0},"end":{"line":311,"column":2}}},"fnMap":{"0":{"name":"(anonymous_0)","decl":{"start":{"line":14,"column":4},"end":{"line":14,"column":5}},"loc":{"start":{"line":14,"column":23},"end":{"line":25,"column":5}},"line":14},"1":{"name":"(anonymous_1)","decl":{"start":{"line":27,"column":32},"end":{"line":27,"column":33}},"loc":{"start":{"line":27,"column":38},"end":{"line":42,"column":5}},"line":27},"2":{"name":"(anonymous_2)","decl":{"start":{"line":44,"column":23},"end":{"line":44,"column":24}},"loc":{"start":{"line":44,"column":29},"end":{"line":47,"column":5}},"line":44},"3":{"name":"(anonymous_3)","decl":{"start":{"line":49,"column":4},"end":{"line":49,"column":5}},"loc":{"start":{"line":49,"column":24},"end":{"line":54,"column":5}},"line":49},"4":{"name":"(anonymous_4)","decl":{"start":{"line":56,"column":4},"end":{"line":56,"column":5}},"loc":{"start":{"line":56,"column":45},"end":{"line":181,"column":5}},"line":56},"5":{"name":"(anonymous_5)","decl":{"start":{"line":183,"column":4},"end":{"line":183,"column":5}},"loc":{"start":{"line":183,"column":27},"end":{"line":188,"column":5}},"line":183},"6":{"name":"(anonymous_6)","decl":{"start":{"line":190,"column":4},"end":{"line":190,"column":5}},"loc":{"start":{"line":190,"column":13},"end":{"line":287,"column":5}},"line":190}},"branchMap":{"0":{"loc":{"start":{"line":36,"column":8},"end":{"line":41,"column":9}},"type":"if","locations":[{"start":{"line":36,"column":8},"end":{"line":41,"column":9}},{"start":{"line":36,"column":8},"end":{"line":41,"column":9}}],"line":36},"1":{"loc":{"start":{"line":37,"column":12},"end":{"line":38,"column":49}},"type":"binary-expr","locations":[{"start":{"line":37,"column":12},"end":{"line":37,"column":71}},{"start":{"line":38,"column":12},"end":{"line":38,"column":49}}],"line":37},"2":{"loc":{"start":{"line":51,"column":8},"end":{"line":53,"column":9}},"type":"if","locations":[{"start":{"line":51,"column":8},"end":{"line":53,"column":9}},{"start":{"line":51,"column":8},"end":{"line":53,"column":9}}],"line":51},"3":{"loc":{"start":{"line":59,"column":12},"end":{"line":59,"column":25}},"type":"default-arg","locations":[{"start":{"line":59,"column":23},"end":{"line":59,"column":25}}],"line":59},"4":{"loc":{"start":{"line":72,"column":12},"end":{"line":75,"column":32}},"type":"cond-expr","locations":[{"start":{"line":73,"column":18},"end":{"line":73,"column":54}},{"start":{"line":74,"column":18},"end":{"line":75,"column":32}}],"line":72},"5":{"loc":{"start":{"line":77,"column":8},"end":{"line":160,"column":9}},"type":"if","locations":[{"start":{"line":77,"column":8},"end":{"line":160,"column":9}},{"start":{"line":77,"column":8},"end":{"line":160,"column":9}}],"line":77},"6":{"loc":{"start":{"line":78,"column":12},"end":{"line":79,"column":39}},"type":"binary-expr","locations":[{"start":{"line":78,"column":12},"end":{"line":78,"column":51}},{"start":{"line":79,"column":12},"end":{"line":79,"column":39}}],"line":78},"7":{"loc":{"start":{"line":81,"column":12},"end":{"line":92,"column":13}},"type":"if","locations":[{"start":{"line":81,"column":12},"end":{"line":92,"column":13}},{"start":{"line":81,"column":12},"end":{"line":92,"column":13}}],"line":81},"8":{"loc":{"start":{"line":81,"column":16},"end":{"line":81,"column":67}},"type":"binary-expr","locations":[{"start":{"line":81,"column":16},"end":{"line":81,"column":48}},{"start":{"line":81,"column":52},"end":{"line":81,"column":67}}],"line":81},"9":{"loc":{"start":{"line":94,"column":12},"end":{"line":100,"column":13}},"type":"if","locations":[{"start":{"line":94,"column":12},"end":{"line":100,"column":13}},{"start":{"line":94,"column":12},"end":{"line":100,"column":13}}],"line":94},"10":{"loc":{"start":{"line":95,"column":16},"end":{"line":97,"column":66}},"type":"binary-expr","locations":[{"start":{"line":95,"column":16},"end":{"line":95,"column":37}},{"start":{"line":96,"column":16},"end":{"line":96,"column":27}},{"start":{"line":97,"column":16},"end":{"line":97,"column":66}}],"line":95},"11":{"loc":{"start":{"line":102,"column":12},"end":{"line":112,"column":13}},"type":"if","locations":[{"start":{"line":102,"column":12},"end":{"line":112,"column":13}},{"start":{"line":102,"column":12},"end":{"line":112,"column":13}}],"line":102},"12":{"loc":{"start":{"line":102,"column":16},"end":{"line":102,"column":71}},"type":"binary-expr","locations":[{"start":{"line":102,"column":16},"end":{"line":102,"column":46}},{"start":{"line":102,"column":50},"end":{"line":102,"column":71}}],"line":102},"13":{"loc":{"start":{"line":103,"column":16},"end":{"line":105,"column":17}},"type":"if","locations":[{"start":{"line":103,"column":16},"end":{"line":105,"column":17}},{"start":{"line":103,"column":16},"end":{"line":105,"column":17}}],"line":103},"14":{"loc":{"start":{"line":107,"column":16},"end":{"line":111,"column":17}},"type":"if","locations":[{"start":{"line":107,"column":16},"end":{"line":111,"column":17}},{"start":{"line":107,"column":16},"end":{"line":111,"column":17}}],"line":107},"15":{"loc":{"start":{"line":114,"column":12},"end":{"line":116,"column":13}},"type":"if","locations":[{"start":{"line":114,"column":12},"end":{"line":116,"column":13}},{"start":{"line":114,"column":12},"end":{"line":116,"column":13}}],"line":114},"16":{"loc":{"start":{"line":118,"column":12},"end":{"line":150,"column":13}},"type":"if","locations":[{"start":{"line":118,"column":12},"end":{"line":150,"column":13}},{"start":{"line":118,"column":12},"end":{"line":150,"column":13}}],"line":118},"17":{"loc":{"start":{"line":119,"column":16},"end":{"line":121,"column":70}},"type":"binary-expr","locations":[{"start":{"line":119,"column":17},"end":{"line":119,"column":42}},{"start":{"line":119,"column":46},"end":{"line":119,"column":57}},{"start":{"line":120,"column":17},"end":{"line":120,"column":67}},{"start":{"line":121,"column":20},"end":{"line":121,"column":69}}],"line":119},"18":{"loc":{"start":{"line":128,"column":16},"end":{"line":136,"column":17}},"type":"if","locations":[{"start":{"line":128,"column":16},"end":{"line":136,"column":17}},{"start":{"line":128,"column":16},"end":{"line":136,"column":17}}],"line":128},"19":{"loc":{"start":{"line":130,"column":23},"end":{"line":136,"column":17}},"type":"if","locations":[{"start":{"line":130,"column":23},"end":{"line":136,"column":17}},{"start":{"line":130,"column":23},"end":{"line":136,"column":17}}],"line":130},"20":{"loc":{"start":{"line":131,"column":20},"end":{"line":132,"column":70}},"type":"binary-expr","locations":[{"start":{"line":131,"column":20},"end":{"line":131,"column":37}},{"start":{"line":132,"column":20},"end":{"line":132,"column":70}}],"line":131},"21":{"loc":{"start":{"line":137,"column":16},"end":{"line":147,"column":22}},"type":"cond-expr","locations":[{"start":{"line":138,"column":22},"end":{"line":142,"column":22}},{"start":{"line":143,"column":22},"end":{"line":147,"column":22}}],"line":137},"22":{"loc":{"start":{"line":152,"column":12},"end":{"line":159,"column":13}},"type":"if","locations":[{"start":{"line":152,"column":12},"end":{"line":159,"column":13}},{"start":{"line":152,"column":12},"end":{"line":159,"column":13}}],"line":152},"23":{"loc":{"start":{"line":152,"column":16},"end":{"line":152,"column":70}},"type":"binary-expr","locations":[{"start":{"line":152,"column":16},"end":{"line":152,"column":47}},{"start":{"line":152,"column":51},"end":{"line":152,"column":70}}],"line":152},"24":{"loc":{"start":{"line":162,"column":8},"end":{"line":180,"column":9}},"type":"if","locations":[{"start":{"line":162,"column":8},"end":{"line":180,"column":9}},{"start":{"line":162,"column":8},"end":{"line":180,"column":9}}],"line":162},"25":{"loc":{"start":{"line":163,"column":12},"end":{"line":165,"column":35}},"type":"binary-expr","locations":[{"start":{"line":163,"column":12},"end":{"line":163,"column":43}},{"start":{"line":164,"column":12},"end":{"line":164,"column":43}},{"start":{"line":165,"column":12},"end":{"line":165,"column":35}}],"line":163},"26":{"loc":{"start":{"line":167,"column":12},"end":{"line":170,"column":13}},"type":"if","locations":[{"start":{"line":167,"column":12},"end":{"line":170,"column":13}},{"start":{"line":167,"column":12},"end":{"line":170,"column":13}}],"line":167},"27":{"loc":{"start":{"line":172,"column":12},"end":{"line":179,"column":13}},"type":"if","locations":[{"start":{"line":172,"column":12},"end":{"line":179,"column":13}},{"start":{"line":172,"column":12},"end":{"line":179,"column":13}}],"line":172},"28":{"loc":{"start":{"line":173,"column":16},"end":{"line":174,"column":65}},"type":"binary-expr","locations":[{"start":{"line":173,"column":16},"end":{"line":173,"column":66}},{"start":{"line":174,"column":16},"end":{"line":174,"column":65}}],"line":173},"29":{"loc":{"start":{"line":185,"column":8},"end":{"line":187,"column":9}},"type":"if","locations":[{"start":{"line":185,"column":8},"end":{"line":187,"column":9}},{"start":{"line":185,"column":8},"end":{"line":187,"column":9}}],"line":185},"30":{"loc":{"start":{"line":218,"column":8},"end":{"line":224,"column":9}},"type":"if","locations":[{"start":{"line":218,"column":8},"end":{"line":224,"column":9}},{"start":{"line":218,"column":8},"end":{"line":224,"column":9}}],"line":218},"31":{"loc":{"start":{"line":219,"column":12},"end":{"line":221,"column":50}},"type":"binary-expr","locations":[{"start":{"line":219,"column":12},"end":{"line":219,"column":34}},{"start":{"line":220,"column":12},"end":{"line":220,"column":32}},{"start":{"line":221,"column":12},"end":{"line":221,"column":50}}],"line":219},"32":{"loc":{"start":{"line":227,"column":8},"end":{"line":232,"column":9}},"type":"if","locations":[{"start":{"line":227,"column":8},"end":{"line":232,"column":9}},{"start":{"line":227,"column":8},"end":{"line":232,"column":9}}],"line":227},"33":{"loc":{"start":{"line":227,"column":12},"end":{"line":227,"column":76}},"type":"binary-expr","locations":[{"start":{"line":227,"column":12},"end":{"line":227,"column":34}},{"start":{"line":227,"column":38},"end":{"line":227,"column":76}}],"line":227},"34":{"loc":{"start":{"line":228,"column":12},"end":{"line":230,"column":13}},"type":"if","locations":[{"start":{"line":228,"column":12},"end":{"line":230,"column":13}},{"start":{"line":228,"column":12},"end":{"line":230,"column":13}}],"line":228},"35":{"loc":{"start":{"line":235,"column":12},"end":{"line":237,"column":50}},"type":"binary-expr","locations":[{"start":{"line":235,"column":12},"end":{"line":235,"column":61}},{"start":{"line":236,"column":12},"end":{"line":236,"column":26}},{"start":{"line":237,"column":12},"end":{"line":237,"column":50}}],"line":235},"36":{"loc":{"start":{"line":239,"column":12},"end":{"line":239,"column":66}},"type":"binary-expr","locations":[{"start":{"line":239,"column":12},"end":{"line":239,"column":52}},{"start":{"line":239,"column":56},"end":{"line":239,"column":66}}],"line":239},"37":{"loc":{"start":{"line":259,"column":17},"end":{"line":259,"column":75}},"type":"binary-expr","locations":[{"start":{"line":259,"column":17},"end":{"line":259,"column":44}},{"start":{"line":259,"column":48},"end":{"line":259,"column":75}}],"line":259},"38":{"loc":{"start":{"line":261,"column":17},"end":{"line":261,"column":75}},"type":"binary-expr","locations":[{"start":{"line":261,"column":17},"end":{"line":261,"column":44}},{"start":{"line":261,"column":48},"end":{"line":261,"column":75}}],"line":261},"39":{"loc":{"start":{"line":269,"column":17},"end":{"line":282,"column":26}},"type":"binary-expr","locations":[{"start":{"line":269,"column":17},"end":{"line":269,"column":43}},{"start":{"line":270,"column":21},"end":{"line":282,"column":25}}],"line":269},"40":{"loc":{"start":{"line":270,"column":21},"end":{"line":282,"column":25}},"type":"cond-expr","locations":[{"start":{"line":271,"column":24},"end":{"line":273,"column":26}},{"start":{"line":275,"column":28},"end":{"line":281,"column":30}}],"line":270},"41":{"loc":{"start":{"line":284,"column":17},"end":{"line":284,"column":49}},"type":"binary-expr","locations":[{"start":{"line":284,"column":17},"end":{"line":284,"column":30}},{"start":{"line":284,"column":34},"end":{"line":284,"column":49}}],"line":284}},"s":{"0":9,"1":9,"2":9,"3":9,"4":9,"5":0,"6":0,"7":0,"8":0,"9":0,"10":0,"11":9,"12":2,"13":2,"14":9,"15":9,"16":0,"17":30,"18":30,"19":30,"20":30,"21":11,"22":6,"23":6,"24":6,"25":5,"26":0,"27":5,"28":0,"29":0,"30":0,"31":0,"32":0,"33":5,"34":0,"35":5,"36":2,"37":2,"38":0,"39":2,"40":0,"41":0,"42":2,"43":2,"44":3,"45":0,"46":0,"47":0,"48":22,"49":0,"50":0,"51":0,"52":0,"53":0,"54":8,"55":8,"56":0,"57":39,"58":39,"59":39,"60":39,"61":2,"62":37,"63":10,"64":2,"65":10,"66":27,"67":27,"68":27,"69":27,"70":27,"71":1},"f":{"0":9,"1":0,"2":2,"3":9,"4":30,"5":8,"6":39},"b":{"0":[0,0],"1":[0,0],"2":[0,9],"3":[0],"4":[30,0],"5":[11,19],"6":[30,11],"7":[6,5],"8":[11,9],"9":[0,5],"10":[5,3,0],"11":[0,5],"12":[5,2],"13":[0,0],"14":[0,0],"15":[0,5],"16":[2,3],"17":[5,5,5,5],"18":[0,2],"19":[0,2],"20":[2,2],"21":[2,0],"22":[0,3],"23":[3,3],"24":[0,22],"25":[22,22,22],"26":[0,0],"27":[0,0],"28":[0,0],"29":[0,8],"30":[2,37],"31":[39,21,3],"32":[10,27],"33":[37,19],"34":[2,8],"35":[27,12,12],"36":[27,11],"37":[27,27],"38":[27,0],"39":[27,8],"40":[4,4],"41":[27,1]},"_coverageSchema":"1a1c01bbd47fc00a2c39e90264f33305004495a9","hash":"fd8f5bd682583a9a17966fab03293a7b0e8cff59"}
,"/Users/vikramgupta/Unbxd/react-search-JS-SDK/src/modules/products/productsWrapper/index.js": {"path":"/Users/vikramgupta/Unbxd/react-search-JS-SDK/src/modules/products/productsWrapper/index.js","statementMap":{},"fnMap":{},"branchMap":{},"s":{},"f":{},"b":{},"_coverageSchema":"1a1c01bbd47fc00a2c39e90264f33305004495a9","hash":"bb260aaf88d064f125aaec837298e74ddb679ffb"}
,"/Users/vikramgupta/Unbxd/react-search-JS-SDK/src/modules/products/productsWrapper/productCards/GridProductCard.js": {"path":"/Users/vikramgupta/Unbxd/react-search-JS-SDK/src/modules/products/productsWrapper/productCards/GridProductCard.js","statementMap":{"0":{"start":{"line":10,"column":8},"end":{"line":10,"column":21}},"1":{"start":{"line":20,"column":12},"end":{"line":20,"column":22}},"2":{"start":{"line":23,"column":30},"end":{"line":31,"column":10}},"3":{"start":{"line":33,"column":8},"end":{"line":33,"column":39}},"4":{"start":{"line":36,"column":20},"end":{"line":55,"column":5}},"5":{"start":{"line":37,"column":32},"end":{"line":37,"column":66}},"6":{"start":{"line":39,"column":8},"end":{"line":54,"column":11}},"7":{"start":{"line":40,"column":12},"end":{"line":53,"column":14}},"8":{"start":{"line":45,"column":28},"end":{"line":49,"column":29}},"9":{"start":{"line":46,"column":32},"end":{"line":46,"column":77}},"10":{"start":{"line":48,"column":32},"end":{"line":48,"column":78}},"11":{"start":{"line":58,"column":65},"end":{"line":58,"column":75}},"12":{"start":{"line":59,"column":34},"end":{"line":59,"column":44}},"13":{"start":{"line":60,"column":29},"end":{"line":62,"column":10}},"14":{"start":{"line":61,"column":12},"end":{"line":61,"column":37}},"15":{"start":{"line":64,"column":24},"end":{"line":64,"column":61}},"16":{"start":{"line":73,"column":12},"end":{"line":73,"column":19}},"17":{"start":{"line":75,"column":22},"end":{"line":75,"column":29}},"18":{"start":{"line":78,"column":8},"end":{"line":133,"column":10}},"19":{"start":{"line":137,"column":0},"end":{"line":149,"column":2}}},"fnMap":{"0":{"name":"(anonymous_0)","decl":{"start":{"line":9,"column":4},"end":{"line":9,"column":5}},"loc":{"start":{"line":9,"column":23},"end":{"line":34,"column":5}},"line":9},"1":{"name":"(anonymous_1)","decl":{"start":{"line":36,"column":20},"end":{"line":36,"column":21}},"loc":{"start":{"line":36,"column":31},"end":{"line":55,"column":5}},"line":36},"2":{"name":"(anonymous_2)","decl":{"start":{"line":39,"column":22},"end":{"line":39,"column":23}},"loc":{"start":{"line":39,"column":40},"end":{"line":54,"column":9}},"line":39},"3":{"name":"(anonymous_3)","decl":{"start":{"line":44,"column":24},"end":{"line":44,"column":25}},"loc":{"start":{"line":44,"column":42},"end":{"line":50,"column":25}},"line":44},"4":{"name":"(anonymous_4)","decl":{"start":{"line":57,"column":4},"end":{"line":57,"column":5}},"loc":{"start":{"line":57,"column":13},"end":{"line":134,"column":5}},"line":57},"5":{"name":"(anonymous_5)","decl":{"start":{"line":60,"column":60},"end":{"line":60,"column":61}},"loc":{"start":{"line":60,"column":72},"end":{"line":62,"column":9}},"line":60}},"branchMap":{"0":{"loc":{"start":{"line":45,"column":28},"end":{"line":49,"column":29}},"type":"if","locations":[{"start":{"line":45,"column":28},"end":{"line":49,"column":29}},{"start":{"line":45,"column":28},"end":{"line":49,"column":29}}],"line":45},"1":{"loc":{"start":{"line":98,"column":34},"end":{"line":98,"column":67}},"type":"binary-expr","locations":[{"start":{"line":98,"column":34},"end":{"line":98,"column":53}},{"start":{"line":98,"column":57},"end":{"line":98,"column":67}}],"line":98},"2":{"loc":{"start":{"line":118,"column":25},"end":{"line":123,"column":25}},"type":"binary-expr","locations":[{"start":{"line":118,"column":25},"end":{"line":118,"column":37}},{"start":{"line":119,"column":28},"end":{"line":122,"column":35}}],"line":118},"3":{"loc":{"start":{"line":124,"column":25},"end":{"line":129,"column":25}},"type":"binary-expr","locations":[{"start":{"line":124,"column":25},"end":{"line":124,"column":30}},{"start":{"line":124,"column":34},"end":{"line":124,"column":56}},{"start":{"line":125,"column":28},"end":{"line":128,"column":35}}],"line":124}},"s":{"0":60,"1":60,"2":60,"3":60,"4":60,"5":0,"6":0,"7":0,"8":0,"9":0,"10":0,"11":120,"12":120,"13":120,"14":0,"15":120,"16":120,"17":120,"18":120,"19":1},"f":{"0":60,"1":0,"2":0,"3":0,"4":120,"5":0},"b":{"0":[0,0],"1":[120,120],"2":[120,0],"3":[120,0,0]},"_coverageSchema":"1a1c01bbd47fc00a2c39e90264f33305004495a9","hash":"1fa539326b94d4d7c66c566636908289ee1e3d29"}
,"/Users/vikramgupta/Unbxd/react-search-JS-SDK/src/modules/products/productsWrapper/productCards/ListProductCard.js": {"path":"/Users/vikramgupta/Unbxd/react-search-JS-SDK/src/modules/products/productsWrapper/productCards/ListProductCard.js","statementMap":{"0":{"start":{"line":10,"column":8},"end":{"line":10,"column":21}},"1":{"start":{"line":20,"column":12},"end":{"line":20,"column":22}},"2":{"start":{"line":23,"column":30},"end":{"line":31,"column":10}},"3":{"start":{"line":33,"column":8},"end":{"line":33,"column":39}},"4":{"start":{"line":36,"column":20},"end":{"line":55,"column":5}},"5":{"start":{"line":37,"column":32},"end":{"line":37,"column":66}},"6":{"start":{"line":39,"column":8},"end":{"line":54,"column":11}},"7":{"start":{"line":40,"column":12},"end":{"line":53,"column":14}},"8":{"start":{"line":45,"column":28},"end":{"line":49,"column":29}},"9":{"start":{"line":46,"column":32},"end":{"line":46,"column":77}},"10":{"start":{"line":48,"column":32},"end":{"line":48,"column":78}},"11":{"start":{"line":58,"column":65},"end":{"line":58,"column":75}},"12":{"start":{"line":59,"column":34},"end":{"line":59,"column":44}},"13":{"start":{"line":60,"column":29},"end":{"line":62,"column":10}},"14":{"start":{"line":61,"column":12},"end":{"line":61,"column":37}},"15":{"start":{"line":64,"column":24},"end":{"line":64,"column":61}},"16":{"start":{"line":73,"column":12},"end":{"line":73,"column":19}},"17":{"start":{"line":75,"column":22},"end":{"line":75,"column":29}},"18":{"start":{"line":77,"column":8},"end":{"line":130,"column":10}},"19":{"start":{"line":134,"column":0},"end":{"line":146,"column":2}}},"fnMap":{"0":{"name":"(anonymous_0)","decl":{"start":{"line":9,"column":4},"end":{"line":9,"column":5}},"loc":{"start":{"line":9,"column":23},"end":{"line":34,"column":5}},"line":9},"1":{"name":"(anonymous_1)","decl":{"start":{"line":36,"column":20},"end":{"line":36,"column":21}},"loc":{"start":{"line":36,"column":31},"end":{"line":55,"column":5}},"line":36},"2":{"name":"(anonymous_2)","decl":{"start":{"line":39,"column":22},"end":{"line":39,"column":23}},"loc":{"start":{"line":39,"column":40},"end":{"line":54,"column":9}},"line":39},"3":{"name":"(anonymous_3)","decl":{"start":{"line":44,"column":24},"end":{"line":44,"column":25}},"loc":{"start":{"line":44,"column":42},"end":{"line":50,"column":25}},"line":44},"4":{"name":"(anonymous_4)","decl":{"start":{"line":57,"column":4},"end":{"line":57,"column":5}},"loc":{"start":{"line":57,"column":13},"end":{"line":131,"column":5}},"line":57},"5":{"name":"(anonymous_5)","decl":{"start":{"line":60,"column":60},"end":{"line":60,"column":61}},"loc":{"start":{"line":60,"column":72},"end":{"line":62,"column":9}},"line":60}},"branchMap":{"0":{"loc":{"start":{"line":45,"column":28},"end":{"line":49,"column":29}},"type":"if","locations":[{"start":{"line":45,"column":28},"end":{"line":49,"column":29}},{"start":{"line":45,"column":28},"end":{"line":49,"column":29}}],"line":45},"1":{"loc":{"start":{"line":97,"column":38},"end":{"line":97,"column":71}},"type":"binary-expr","locations":[{"start":{"line":97,"column":38},"end":{"line":97,"column":57}},{"start":{"line":97,"column":61},"end":{"line":97,"column":71}}],"line":97},"2":{"loc":{"start":{"line":115,"column":25},"end":{"line":120,"column":25}},"type":"binary-expr","locations":[{"start":{"line":115,"column":25},"end":{"line":115,"column":37}},{"start":{"line":116,"column":28},"end":{"line":119,"column":35}}],"line":115},"3":{"loc":{"start":{"line":121,"column":25},"end":{"line":126,"column":25}},"type":"binary-expr","locations":[{"start":{"line":121,"column":25},"end":{"line":121,"column":30}},{"start":{"line":121,"column":34},"end":{"line":121,"column":56}},{"start":{"line":122,"column":28},"end":{"line":125,"column":35}}],"line":121}},"s":{"0":0,"1":0,"2":0,"3":0,"4":0,"5":0,"6":0,"7":0,"8":0,"9":0,"10":0,"11":0,"12":0,"13":0,"14":0,"15":0,"16":0,"17":0,"18":0,"19":1},"f":{"0":0,"1":0,"2":0,"3":0,"4":0,"5":0},"b":{"0":[0,0],"1":[0,0],"2":[0,0],"3":[0,0,0]},"_coverageSchema":"1a1c01bbd47fc00a2c39e90264f33305004495a9","hash":"e4827e66594f4eab9b016aa7012fd71fe794b83d"}
,"/Users/vikramgupta/Unbxd/react-search-JS-SDK/src/modules/products/productsWrapper/productCards/index.js": {"path":"/Users/vikramgupta/Unbxd/react-search-JS-SDK/src/modules/products/productsWrapper/productCards/index.js","statementMap":{},"fnMap":{},"branchMap":{},"s":{},"f":{},"b":{},"_coverageSchema":"1a1c01bbd47fc00a2c39e90264f33305004495a9","hash":"6c4fcaf64eea45552aba1dcca35334e3f275b1e5"}
,"/Users/vikramgupta/Unbxd/react-search-JS-SDK/src/modules/products/productsWrapper/swatches/SwatchItem.js": {"path":"/Users/vikramgupta/Unbxd/react-search-JS-SDK/src/modules/products/productsWrapper/swatches/SwatchItem.js","statementMap":{"0":{"start":{"line":4,"column":19},"end":{"line":19,"column":1}},"1":{"start":{"line":5,"column":53},"end":{"line":5,"column":61}},"2":{"start":{"line":6,"column":4},"end":{"line":18,"column":6}},"3":{"start":{"line":21,"column":0},"end":{"line":24,"column":2}}},"fnMap":{"0":{"name":"(anonymous_0)","decl":{"start":{"line":4,"column":19},"end":{"line":4,"column":20}},"loc":{"start":{"line":4,"column":46},"end":{"line":19,"column":1}},"line":4}},"branchMap":{"0":{"loc":{"start":{"line":8,"column":43},"end":{"line":8,"column":72}},"type":"cond-expr","locations":[{"start":{"line":8,"column":56},"end":{"line":8,"column":67}},{"start":{"line":8,"column":70},"end":{"line":8,"column":72}}],"line":8}},"s":{"0":1,"1":0,"2":0,"3":1},"f":{"0":0},"b":{"0":[0,0]},"_coverageSchema":"1a1c01bbd47fc00a2c39e90264f33305004495a9","hash":"4ad1bd146e566fcbcd2f35b7fae042511d2b6663"}
,"/Users/vikramgupta/Unbxd/react-search-JS-SDK/src/modules/products/productsWrapper/swatches/index.js": {"path":"/Users/vikramgupta/Unbxd/react-search-JS-SDK/src/modules/products/productsWrapper/swatches/index.js","statementMap":{},"fnMap":{},"branchMap":{},"s":{},"f":{},"b":{},"_coverageSchema":"1a1c01bbd47fc00a2c39e90264f33305004495a9","hash":"7e6f93e00c9cb8e590fd25ef82963e57f2876abf"}
,"/Users/vikramgupta/Unbxd/react-search-JS-SDK/src/modules/products/productsWrapper/views/GridView.js": {"path":"/Users/vikramgupta/Unbxd/react-search-JS-SDK/src/modules/products/productsWrapper/views/GridView.js","statementMap":{"0":{"start":{"line":7,"column":17},"end":{"line":44,"column":1}},"1":{"start":{"line":22,"column":8},"end":{"line":22,"column":13}},"2":{"start":{"line":24,"column":4},"end":{"line":43,"column":6}},"3":{"start":{"line":46,"column":0},"end":{"line":60,"column":2}}},"fnMap":{"0":{"name":"(anonymous_0)","decl":{"start":{"line":7,"column":17},"end":{"line":7,"column":18}},"loc":{"start":{"line":7,"column":28},"end":{"line":44,"column":1}},"line":7}},"branchMap":{"0":{"loc":{"start":{"line":9,"column":8},"end":{"line":9,"column":21}},"type":"default-arg","locations":[{"start":{"line":9,"column":19},"end":{"line":9,"column":21}}],"line":9},"1":{"loc":{"start":{"line":29,"column":26},"end":{"line":29,"column":65}},"type":"binary-expr","locations":[{"start":{"line":29,"column":26},"end":{"line":29,"column":46}},{"start":{"line":29,"column":50},"end":{"line":29,"column":65}}],"line":29}},"s":{"0":1,"1":27,"2":27,"3":1},"f":{"0":27},"b":{"0":[0],"1":[27,27]},"_coverageSchema":"1a1c01bbd47fc00a2c39e90264f33305004495a9","hash":"af949a9430540158a5cfa73827fdba6cbacf53e0"}
,"/Users/vikramgupta/Unbxd/react-search-JS-SDK/src/modules/products/productsWrapper/views/ListView.js": {"path":"/Users/vikramgupta/Unbxd/react-search-JS-SDK/src/modules/products/productsWrapper/views/ListView.js","statementMap":{"0":{"start":{"line":7,"column":17},"end":{"line":43,"column":1}},"1":{"start":{"line":21,"column":8},"end":{"line":21,"column":13}},"2":{"start":{"line":23,"column":4},"end":{"line":42,"column":6}},"3":{"start":{"line":44,"column":0},"end":{"line":57,"column":2}}},"fnMap":{"0":{"name":"(anonymous_0)","decl":{"start":{"line":7,"column":17},"end":{"line":7,"column":18}},"loc":{"start":{"line":7,"column":28},"end":{"line":43,"column":1}},"line":7}},"branchMap":{"0":{"loc":{"start":{"line":9,"column":8},"end":{"line":9,"column":21}},"type":"default-arg","locations":[{"start":{"line":9,"column":19},"end":{"line":9,"column":21}}],"line":9},"1":{"loc":{"start":{"line":28,"column":26},"end":{"line":28,"column":65}},"type":"binary-expr","locations":[{"start":{"line":28,"column":26},"end":{"line":28,"column":46}},{"start":{"line":28,"column":50},"end":{"line":28,"column":65}}],"line":28}},"s":{"0":1,"1":0,"2":0,"3":1},"f":{"0":0},"b":{"0":[0],"1":[0,0]},"_coverageSchema":"1a1c01bbd47fc00a2c39e90264f33305004495a9","hash":"9a15b30cf7a5bfe3bbeadaf2d5aaab5d0da560e7"}
,"/Users/vikramgupta/Unbxd/react-search-JS-SDK/src/modules/products/utils/constants.js": {"path":"/Users/vikramgupta/Unbxd/react-search-JS-SDK/src/modules/products/utils/constants.js","statementMap":{"0":{"start":{"line":1,"column":29},"end":{"line":1,"column":32}}},"fnMap":{},"branchMap":{},"s":{"0":1},"f":{},"b":{},"_coverageSchema":"1a1c01bbd47fc00a2c39e90264f33305004495a9","hash":"6b6b4a84bd8003627d1d06a04dca2795b862f9d0"}
,"/Users/vikramgupta/Unbxd/react-search-JS-SDK/src/modules/products/utils/index.js": {"path":"/Users/vikramgupta/Unbxd/react-search-JS-SDK/src/modules/products/utils/index.js","statementMap":{},"fnMap":{},"branchMap":{},"s":{},"f":{},"b":{},"_coverageSchema":"1a1c01bbd47fc00a2c39e90264f33305004495a9","hash":"98de4e72e8b63c8676e2bc8c0b02e8faa4b2dda1"}
[...]
},"end":{"line":66,"column":69}},"line":66}},"branchMap":{"0":{"loc":{"start":{"line":6,"column":4},"end":{"line":6,"column":21}},"type":"default-arg","locations":[{"start":{"line":6,"column":19},"end":{"line":6,"column":21}}],"line":6},"1":{"loc":{"start":{"line":7,"column":4},"end":{"line":7,"column":26}},"type":"default-arg","locations":[{"start":{"line":7,"column":24},"end":{"line":7,"column":26}}],"line":7},"2":{"loc":{"start":{"line":8,"column":4},"end":{"line":8,"column":23}},"type":"default-arg","locations":[{"start":{"line":8,"column":22},"end":{"line":8,"column":23}}],"line":8},"3":{"loc":{"start":{"line":19,"column":8},"end":{"line":154,"column":9}},"type":"switch","locations":[{"start":{"line":20,"column":12},"end":{"line":57,"column":22}},{"start":{"line":59,"column":12},"end":{"line":96,"column":22}},{"start":{"line":98,"column":12},"end":{"line":111,"column":13}},{"start":{"line":113,"column":12},"end":{"line":127,"column":13}},{"start":{"line":129,"column":12},"end":{"line":147,"column":13}},{"start":{"line":148,"column":12},"end":{"line":151,"column":13}},{"start":{"line":152,"column":12},"end":{"line":153,"column":28}}],"line":19},"4":{"loc":{"start":{"line":23,"column":45},"end":{"line":23,"column":69}},"type":"default-arg","locations":[{"start":{"line":23,"column":67},"end":{"line":23,"column":69}}],"line":23},"5":{"loc":{"start":{"line":32,"column":45},"end":{"line":32,"column":72}},"type":"default-arg","locations":[{"start":{"line":32,"column":70},"end":{"line":32,"column":72}}],"line":32},"6":{"loc":{"start":{"line":62,"column":45},"end":{"line":62,"column":69}},"type":"default-arg","locations":[{"start":{"line":62,"column":67},"end":{"line":62,"column":69}}],"line":62},"7":{"loc":{"start":{"line":70,"column":45},"end":{"line":70,"column":72}},"type":"default-arg","locations":[{"start":{"line":70,"column":70},"end":{"line":70,"column":72}}],"line":70}},"s":{"0":0,"1":0,"2":0,"3":0,"4":0,"5":0,"6":0,"7":0,"8":0,"9":0,"10":0,"11":0,"12":0,"13":0,"14":0,"15":0,"16":0,"17":0,"18":0,"19":0,"20":0,"21":0,"22":0,"23":0,"24":0,"25":0,"26":0,"27":0,"28":0,"29":0,"30":0,"31":0,"32":0,"33":0,"34":0,"35":0,"36":0,"37":0,"38":0,"39":0,"40":0,"41":0},"f":{"0":0,"1":0,"2":0,"3":0},"b":{"0":[0],"1":[0],"2":[0],"3":[0,0,0,0,0,0,0],"4":[0],"5":[0],"6":[0],"7":[0]},"_coverageSchema":"1a1c01bbd47fc00a2c39e90264f33305004495a9","hash":"a49bb8710e7e4df1320144369c7d93cb00961ab6"}
,"/Users/vikramgupta/Unbxd/react-search-JS-SDK/src/utils/resetSearch.js": {"path":"/Users/vikramgupta/Unbxd/react-search-JS-SDK/src/utils/resetSearch.js","statementMap":{"0":{"start":{"line":7,"column":8},"end":{"line":7,"column":18}},"1":{"start":{"line":9,"column":4},"end":{"line":11,"column":5}},"2":{"start":{"line":10,"column":8},"end":{"line":10,"column":42}},"3":{"start":{"line":12,"column":4},"end":{"line":12,"column":63}},"4":{"start":{"line":13,"column":4},"end":{"line":13,"column":64}},"5":{"start":{"line":14,"column":4},"end":{"line":14,"column":40}},"6":{"start":{"line":15,"column":4},"end":{"line":15,"column":36}},"7":{"start":{"line":16,"column":4},"end":{"line":16,"column":30}},"8":{"start":{"line":17,"column":4},"end":{"line":17,"column":40}},"9":{"start":{"line":18,"column":4},"end":{"line":18,"column":37}}},"fnMap":{"0":{"name":"resetSearch","decl":{"start":{"line":3,"column":9},"end":{"line":3,"column":20}},"loc":{"start":{"line":3,"column":23},"end":{"line":19,"column":1}},"line":3}},"branchMap":{"0":{"loc":{"start":{"line":9,"column":4},"end":{"line":11,"column":5}},"type":"if","locations":[{"start":{"line":9,"column":4},"end":{"line":11,"column":5}},{"start":{"line":9,"column":4},"end":{"line":11,"column":5}}],"line":9}},"s":{"0":0,"1":0,"2":0,"3":0,"4":0,"5":0,"6":0,"7":0,"8":0,"9":0},"f":{"0":0},"b":{"0":[0,0]},"_coverageSchema":"1a1c01bbd47fc00a2c39e90264f33305004495a9","hash":"93183635efe3c032b2b241cf8ad1665d3f1d96d2"}
,"/Users/vikramgupta/Unbxd/react-search-JS-SDK/src/utils/setCategoryPath.js": {"path":"/Users/vikramgupta/Unbxd/react-search-JS-SDK/src/utils/setCategoryPath.js","statementMap":{"0":{"start":{"line":1,"column":24},"end":{"line":11,"column":1}},"1":{"start":{"line":2,"column":4},"end":{"line":10,"column":6}}},"fnMap":{"0":{"name":"(anonymous_0)","decl":{"start":{"line":1,"column":24},"end":{"line":1,"column":25}},"loc":{"start":{"line":1,"column":30},"end":{"line":11,"column":1}},"line":1}},"branchMap":{},"s":{"0":1,"1":0},"f":{"0":0},"b":{},"_coverageSchema":"1a1c01bbd47fc00a2c39e90264f33305004495a9","hash":"ceadadfcc4c49c4b7391331abc346d4c04345989"}
,"/Users/vikramgupta/Unbxd/react-search-JS-SDK/src/utils/setFacetsActionConfiguration.js": {"path":"/Users/vikramgupta/Unbxd/react-search-JS-SDK/src/utils/setFacetsActionConfiguration.js","statementMap":{"0":{"start":{"line":2,"column":31},"end":{"line":2,"column":37}},"1":{"start":{"line":3,"column":4},"end":{"line":3,"column":63}}},"fnMap":{"0":{"name":"setFacetsActionConfiguration","decl":{"start":{"line":1,"column":9},"end":{"line":1,"column":37}},"loc":{"start":{"line":1,"column":46},"end":{"line":4,"column":1}},"line":1}},"branchMap":{"0":{"loc":{"start":{"line":2,"column":12},"end":{"line":2,"column":26}},"type":"default-arg","locations":[{"start":{"line":2,"column":21},"end":{"line":2,"column":26}}],"line":2}},"s":{"0":0,"1":0},"f":{"0":0},"b":{"0":[0]},"_coverageSchema":"1a1c01bbd47fc00a2c39e90264f33305004495a9","hash":"a508efde15ae27fc080529517c7fb8de1a3dcba7"}
,"/Users/vikramgupta/Unbxd/react-search-JS-SDK/src/utils/setMultilevelFacetsConfiguration.js": {"path":"/Users/vikramgupta/Unbxd/react-search-JS-SDK/src/utils/setMultilevelFacetsConfiguration.js","statementMap":{"0":{"start":{"line":2,"column":39},"end":{"line":2,"column":45}},"1":{"start":{"line":4,"column":4},"end":{"line":6,"column":19}},"2":{"start":{"line":7,"column":4},"end":{"line":9,"column":19}}},"fnMap":{"0":{"name":"setMultilevelFacetsConfiguration","decl":{"start":{"line":1,"column":9},"end":{"line":1,"column":41}},"loc":{"start":{"line":1,"column":50},"end":{"line":10,"column":1}},"line":1}},"branchMap":{},"s":{"0":0,"1":0,"2":0},"f":{"0":0},"b":{},"_coverageSchema":"1a1c01bbd47fc00a2c39e90264f33305004495a9","hash":"2b79fa46c6e055ca166663e2a8fc44ce65a33af4"}
,"/Users/vikramgupta/Unbxd/react-search-JS-SDK/src/utils/setPageSizeConfiguration.js": {"path":"/Users/vikramgupta/Unbxd/react-search-JS-SDK/src/utils/setPageSizeConfiguration.js","statementMap":{"0":{"start":{"line":2,"column":21},"end":{"line":2,"column":27}},"1":{"start":{"line":3,"column":26},"end":{"line":3,"column":36}},"2":{"start":{"line":4,"column":4},"end":{"line":4,"column":32}},"3":{"start":{"line":5,"column":4},"end":{"line":10,"column":7}},"4":{"start":{"line":6,"column":8},"end":{"line":9,"column":10}},"5":{"start":{"line":12,"column":4},"end":{"line":17,"column":5}},"6":{"start":{"line":13,"column":8},"end":{"line":13,"column":34}},"7":{"start":{"line":14,"column":8},"end":{"line":14,"column":31}},"8":{"start":{"line":16,"column":8},"end":{"line":16,"column":34}}},"fnMap":{"0":{"name":"setPageSizeConfiguration","decl":{"start":{"line":1,"column":9},"end":{"line":1,"column":33}},"loc":{"start":{"line":1,"column":66},"end":{"line":18,"column":1}},"line":1},"1":{"name":"(anonymous_1)","decl":{"start":{"line":5,"column":18},"end":{"line":5,"column":19}},"loc":{"start":{"line":5,"column":37},"end":{"line":10,"column":5}},"line":5}},"branchMap":{"0":{"loc":{"start":{"line":1,"column":42},"end":{"line":1,"column":64}},"type":"default-arg","locations":[{"start":{"line":1,"column":59},"end":{"line":1,"column":64}}],"line":1},"1":{"loc":{"start":{"line":12,"column":4},"end":{"line":17,"column":5}},"type":"if","locations":[{"start":{"line":12,"column":4},"end":{"line":17,"column":5}},{"start":{"line":12,"column":4},"end":{"line":17,"column":5}}],"line":12}},"s":{"0":0,"1":0,"2":0,"3":0,"4":0,"5":0,"6":0,"7":0,"8":0},"f":{"0":0,"1":0},"b":{"0":[0],"1":[0,0]},"_coverageSchema":"1a1c01bbd47fc00a2c39e90264f33305004495a9","hash":"1c79ab0c8e73c89192b53b3190b53865f9fe848e"}
,"/Users/vikramgupta/Unbxd/react-search-JS-SDK/src/utils/setProductConfiguration.js": {"path":"/Users/vikramgupta/Unbxd/react-search-JS-SDK/src/utils/setProductConfiguration.js","statementMap":{"0":{"start":{"line":12,"column":8},"end":{"line":12,"column":14}},"1":{"start":{"line":14,"column":4},"end":{"line":14,"column":62}},"2":{"start":{"line":15,"column":4},"end":{"line":15,"column":55}},"3":{"start":{"line":16,"column":4},"end":{"line":16,"column":57}},"4":{"start":{"line":17,"column":4},"end":{"line":17,"column":69}},"5":{"start":{"line":18,"column":4},"end":{"line":18,"column":53}},"6":{"start":{"line":20,"column":4},"end":{"line":29,"column":5}},"7":{"start":{"line":25,"column":8},"end":{"line":25,"column":70}},"8":{"start":{"line":27,"column":8},"end":{"line":28,"column":45}},"9":{"start":{"line":31,"column":4},"end":{"line":36,"column":5}},"10":{"start":{"line":35,"column":8},"end":{"line":35,"column":51}},"11":{"start":{"line":38,"column":4},"end":{"line":43,"column":7}},"12":{"start":{"line":39,"column":8},"end":{"line":42,"column":10}}},"fnMap":{"0":{"name":"setProductConfiguration","decl":{"start":{"line":3,"column":9},"end":{"line":3,"column":32}},"loc":{"start":{"line":3,"column":41},"end":{"line":44,"column":1}},"line":3},"1":{"name":"(anonymous_1)","decl":{"start":{"line":38,"column":18},"end":{"line":38,"column":19}},"loc":{"start":{"line":38,"column":36},"end":{"line":43,"column":5}},"line":38}},"branchMap":{"0":{"loc":{"start":{"line":20,"column":4},"end":{"line":29,"column":5}},"type":"if","locations":[{"start":{"line":20,"column":4},"end":{"line":29,"column":5}},{"start":{"line":20,"column":4},"end":{"line":29,"column":5}}],"line":20},"1":{"loc":{"start":{"line":21,"column":8},"end":{"line":23,"column":59}},"type":"binary-expr","locations":[{"start":{"line":21,"column":8},"end":{"line":21,"column":58}},{"start":{"line":22,"column":8},"end":{"line":22,"column":57}},{"start":{"line":23,"column":8},"end":{"line":23,"column":59}}],"line":21},"2":{"loc":{"start":{"line":31,"column":4},"end":{"line":36,"column":5}},"type":"if","locations":[{"start":{"line":31,"column":4},"end":{"line":36,"column":5}},{"start":{"line":31,"column":4},"end":{"line":36,"column":5}}],"line":31},"3":{"loc":{"start":{"line":32,"column":8},"end":{"line":33,"column":57}},"type":"binary-expr","locations":[{"start":{"line":32,"column":8},"end":{"line":32,"column":58}},{"start":{"line":33,"column":8},"end":{"line":33,"column":57}}],"line":32}},"s":{"0":9,"1":9,"2":9,"3":9,"4":9,"5":9,"6":9,"7":9,"8":0,"9":9,"10":2,"11":9,"12":9},"f":{"0":9,"1":9},"b":{"0":[9,0],"1":[9,9,7],"2":[2,7],"3":[9,9]},"_coverageSchema":"1a1c01bbd47fc00a2c39e90264f33305004495a9","hash":"02ae473576ab6d262bc3f806edda8a879bd5c398"}
,"/Users/vikramgupta/Unbxd/react-search-JS-SDK/src/utils/setRangeFacetsConfiguration.js": {"path":"/Users/vikramgupta/Unbxd/react-search-JS-SDK/src/utils/setRangeFacetsConfiguration.js","statementMap":{"0":{"start":{"line":2,"column":30},"end":{"line":2,"column":36}},"1":{"start":{"line":4,"column":4},"end":{"line":9,"column":7}},"2":{"start":{"line":5,"column":8},"end":{"line":8,"column":10}}},"fnMap":{"0":{"name":"setRangeFacetsConfiguration","decl":{"start":{"line":1,"column":9},"end":{"line":1,"column":36}},"loc":{"start":{"line":1,"column":45},"end":{"line":10,"column":1}},"line":1},"1":{"name":"(anonymous_1)","decl":{"start":{"line":4,"column":18},"end":{"line":4,"column":19}},"loc":{"start":{"line":4,"column":37},"end":{"line":9,"column":5}},"line":4}},"branchMap":{},"s":{"0":0,"1":0,"2":0},"f":{"0":0,"1":0},"b":{},"_coverageSchema":"1a1c01bbd47fc00a2c39e90264f33305004495a9","hash":"32abb90f453dc57c8139c8c1d778a75c551fb9a9"}
,"/Users/vikramgupta/Unbxd/react-search-JS-SDK/src/utils/setSearchBoxConfiguration.js": {"path":"/Users/vikramgupta/Unbxd/react-search-JS-SDK/src/utils/setSearchBoxConfiguration.js","statementMap":{"0":{"start":{"line":7,"column":8},"end":{"line":7,"column":18}},"1":{"start":{"line":8,"column":4},"end":{"line":8,"column":56}},"2":{"start":{"line":9,"column":4},"end":{"line":9,"column":30}},"3":{"start":{"line":10,"column":4},"end":{"line":16,"column":7}},"4":{"start":{"line":11,"column":8},"end":{"line":15,"column":10}}},"fnMap":{"0":{"name":"setSearchBoxConfiguration","decl":{"start":{"line":3,"column":9},"end":{"line":3,"column":34}},"loc":{"start":{"line":3,"column":43},"end":{"line":17,"column":1}},"line":3},"1":{"name":"(anonymous_1)","decl":{"start":{"line":10,"column":18},"end":{"line":10,"column":19}},"loc":{"start":{"line":10,"column":37},"end":{"line":16,"column":5}},"line":10}},"branchMap":{},"s":{"0":9,"1":9,"2":9,"3":9,"4":9},"f":{"0":9,"1":9},"b":{},"_coverageSchema":"1a1c01bbd47fc00a2c39e90264f33305004495a9","hash":"695211deeb04a45618996252da44568ca6f5cd93"}
,"/Users/vikramgupta/Unbxd/react-search-JS-SDK/src/utils/setSortConfiguration.js": {"path":"/Users/vikramgupta/Unbxd/react-search-JS-SDK/src/utils/setSortConfiguration.js","statementMap":{"0":{"start":{"line":2,"column":23},"end":{"line":2,"column":29}},"1":{"start":{"line":3,"column":4},"end":{"line":8,"column":7}},"2":{"start":{"line":4,"column":8},"end":{"line":7,"column":10}},"3":{"start":{"line":10,"column":4},"end":{"line":14,"column":5}},"4":{"start":{"line":11,"column":8},"end":{"line":11,"column":47}},"5":{"start":{"line":13,"column":8},"end":{"line":13,"column":45}}},"fnMap":{"0":{"name":"setSortConfiguration","decl":{"start":{"line":1,"column":9},"end":{"line":1,"column":29}},"loc":{"start":{"line":1,"column":62},"end":{"line":15,"column":1}},"line":1},"1":{"name":"(anonymous_1)","decl":{"start":{"line":3,"column":18},"end":{"line":3,"column":19}},"loc":{"start":{"line":3,"column":37},"end":{"line":8,"column":5}},"line":3}},"branchMap":{"0":{"loc":{"start":{"line":1,"column":38},"end":{"line":1,"column":60}},"type":"default-arg","locations":[{"start":{"line":1,"column":55},"end":{"line":1,"column":60}}],"line":1},"1":{"loc":{"start":{"line":10,"column":4},"end":{"line":14,"column":5}},"type":"if","locations":[{"start":{"line":10,"column":4},"end":{"line":14,"column":5}},{"start":{"line":10,"column":4},"end":{"line":14,"column":5}}],"line":10}},"s":{"0":0,"1":0,"2":0,"3":0,"4":0,"5":0},"f":{"0":0,"1":0},"b":{"0":[0],"1":[0,0]},"_coverageSchema":"1a1c01bbd47fc00a2c39e90264f33305004495a9","hash":"fe09a2bcae4d7f7360f2619458c916ae89ccec7e"}
,"/Users/vikramgupta/Unbxd/react-search-JS-SDK/src/utils/setSpellCheckConfiguration.js": {"path":"/Users/vikramgupta/Unbxd/react-search-JS-SDK/src/utils/setSpellCheckConfiguration.js","statementMap":{"0":{"start":{"line":2,"column":31},"end":{"line":2,"column":37}},"1":{"start":{"line":3,"column":26},"end":{"line":3,"column":36}},"2":{"start":{"line":5,"column":4},"end":{"line":5,"column":36}}},"fnMap":{"0":{"name":"setSpellCheckConfiguration","decl":{"start":{"line":1,"column":9},"end":{"line":1,"column":35}},"loc":{"start":{"line":1,"column":44},"end":{"line":6,"column":1}},"line":1}},"branchMap":{"0":{"loc":{"start":{"line":2,"column":12},"end":{"line":2,"column":26}},"type":"default-arg","locations":[{"start":{"line":2,"column":21},"end":{"line":2,"column":26}}],"line":2}},"s":{"0":0,"1":0,"2":0},"f":{"0":0},"b":{"0":[0]},"_coverageSchema":"1a1c01bbd47fc00a2c39e90264f33305004495a9","hash":"f5d89ac67d4c7cd8246e1e75a93addd8a6cefd29"}
,"/Users/vikramgupta/Unbxd/react-search-JS-SDK/src/utils/setViewTypeConfiguration.js": {"path":"/Users/vikramgupta/Unbxd/react-search-JS-SDK/src/utils/setViewTypeConfiguration.js","statementMap":{"0":{"start":{"line":2,"column":25},"end":{"line":2,"column":31}},"1":{"start":{"line":3,"column":4},"end":{"line":8,"column":7}},"2":{"start":{"line":4,"column":8},"end":{"line":7,"column":10}},"3":{"start":{"line":9,"column":4},"end":{"line":13,"column":5}},"4":{"start":{"line":10,"column":30},"end":{"line":10,"column":40}},"5":{"start":{"line":11,"column":8},"end":{"line":11,"column":61}},"6":{"start":{"line":12,"column":8},"end":{"line":12,"column":31}}},"fnMap":{"0":{"name":"setViewTypeConfiguration","decl":{"start":{"line":1,"column":9},"end":{"line":1,"column":33}},"loc":{"start":{"line":1,"column":66},"end":{"line":14,"column":1}},"line":1},"1":{"name":"(anonymous_1)","decl":{"start":{"line":3,"column":18},"end":{"line":3,"column":19}},"loc":{"start":{"line":3,"column":36},"end":{"line":8,"column":5}},"line":3}},"branchMap":{"0":{"loc":{"start":{"line":1,"column":42},"end":{"line":1,"column":64}},"type":"default-arg","locations":[{"start":{"line":1,"column":59},"end":{"line":1,"column":64}}],"line":1},"1":{"loc":{"start":{"line":9,"column":4},"end":{"line":13,"column":5}},"type":"if","locations":[{"start":{"line":9,"column":4},"end":{"line":13,"column":5}},{"start":{"line":9,"column":4},"end":{"line":13,"column":5}}],"line":9}},"s":{"0":0,"1":0,"2":0,"3":0,"4":0,"5":0,"6":0},"f":{"0":0,"1":0},"b":{"0":[0],"1":[0,0]},"_coverageSchema":"1a1c01bbd47fc00a2c39e90264f33305004495a9","hash":"daa590cd68853ab9fba2621dd867e51e11342197"}
,"/Users/vikramgupta/Unbxd/react-search-JS-SDK/src/utils/unbxdCallBack.js": {"path":"/Users/vikramgupta/Unbxd/react-search-JS-SDK/src/utils/unbxdCallBack.js","statementMap":{"0":{"start":{"line":5,"column":4},"end":{"line":10,"column":5}},"1":{"start":{"line":6,"column":8},"end":{"line":9,"column":11}},"2":{"start":{"line":12,"column":4},"end":{"line":17,"column":5}},"3":{"start":{"line":13,"column":8},"end":{"line":16,"column":11}},"4":{"start":{"line":19,"column":4},"end":{"line":24,"column":5}},"5":{"start":{"line":20,"column":8},"end":{"line":23,"column":11}},"6":{"start":{"line":26,"column":4},"end":{"line":37,"column":5}},"7":{"start":{"line":30,"column":12},"end":{"line":30,"column":22}},"8":{"start":{"line":31,"column":36},"end":{"line":31,"column":50}},"9":{"start":{"line":32,"column":39},"end":{"line":32,"column":49}},"10":{"start":{"line":33,"column":22},"end":{"line":33,"column":59}},"11":{"start":{"line":34,"column":8},"end":{"line":36,"column":9}},"12":{"start":{"line":35,"column":12},"end":{"line":35,"column":68}},"13":{"start":{"line":39,"column":4},"end":{"line":39,"column":51}}},"fnMap":{"0":{"name":"unbxdCallBack","decl":{"start":{"line":4,"column":9},"end":{"line":4,"column":22}},"loc":{"start":{"line":4,"column":56},"end":{"line":40,"column":1}},"line":4}},"branchMap":{"0":{"loc":{"start":{"line":5,"column":4},"end":{"line":10,"column":5}},"type":"if","locations":[{"start":{"line":5,"column":4},"end":{"line":10,"column":5}},{"start":{"line":5,"column":4},"end":{"line":10,"column":5}}],"line":5},"1":{"loc":{"start":{"line":12,"column":4},"end":{"line":17,"column":5}},"type":"if","locations":[{"start":{"line":12,"column":4},"end":{"line":17,"column":5}},{"start":{"line":12,"column":4},"end":{"line":17,"column":5}}],"line":12},"2":{"loc":{"start":{"line":19,"column":4},"end":{"line":24,"column":5}},"type":"if","locations":[{"start":{"line":19,"column":4},"end":{"line":24,"column":5}},{"start":{"line":19,"column":4},"end":{"line":24,"column":5}}],"line":19},"3":{"loc":{"start":{"line":26,"column":4},"end":{"line":37,"column":5}},"type":"if","locations":[{"start":{"line":26,"column":4},"end":{"line":37,"column":5}},{"start":{"line":26,"column":4},"end":{"line":37,"column":5}}],"line":26},"4":{"loc":{"start":{"line":33,"column":22},"end":{"line":33,"column":59}},"type":"binary-expr","locations":[{"start":{"line":33,"column":22},"end":{"line":33,"column":53}},{"start":{"line":33,"column":57},"end":{"line":33,"column":59}}],"line":33},"5":{"loc":{"start":{"line":34,"column":8},"end":{"line":36,"column":9}},"type":"if","locations":[{"start":{"line":34,"column":8},"end":{"line":36,"column":9}},{"start":{"line":34,"column":8},"end":{"line":36,"column":9}}],"line":34}},"s":{"0":26,"1":11,"2":26,"3":11,"4":26,"5":0,"6":26,"7":0,"8":0,"9":0,"10":0,"11":0,"12":0,"13":26},"f":{"0":26},"b":{"0":[11,15],"1":[11,15],"2":[0,26],"3":[0,26],"4":[0,0],"5":[0,0]},"_coverageSchema":"1a1c01bbd47fc00a2c39e90264f33305004495a9","hash":"fc13902bbbefb7f441cb919c1d79ed82718adf25"}
}
