TN:
SF:src/UnbxdSearchWrapper.js
FN:50,(anonymous_0)
FN:125,(anonymous_1)
FN:137,(anonymous_2)
FN:153,(anonymous_3)
FN:170,(anonymous_4)
FN:189,(anonymous_5)
FN:215,(anonymous_6)
FN:234,(anonymous_7)
FN:242,(anonymous_8)
FNF:9
FNH:6
FNDA:9,(anonymous_0)
FNDA:9,(anonymous_1)
FNDA:0,(anonymous_2)
FNDA:0,(anonymous_3)
FNDA:22,(anonymous_4)
FNDA:0,(anonymous_5)
FNDA:31,(anonymous_6)
FNDA:31,(anonymous_7)
FNDA:31,(anonymous_8)
DA:38,1
DA:51,9
DA:60,9
DA:62,9
DA:63,9
DA:64,9
DA:65,9
DA:68,9
DA:71,9
DA:74,9
DA:75,9
DA:76,9
DA:77,9
DA:78,9
DA:79,9
DA:80,9
DA:81,9
DA:82,9
DA:83,9
DA:85,9
DA:122,9
DA:126,9
DA:127,9
DA:129,9
DA:133,9
DA:134,9
DA:136,9
DA:137,0
DA:138,0
DA:148,9
DA:153,0
DA:154,0
DA:160,0
DA:161,0
DA:162,0
DA:165,9
DA:166,9
DA:171,22
DA:172,22
DA:173,22
DA:174,22
DA:176,22
DA:177,22
DA:178,22
DA:180,22
DA:183,22
DA:189,0
DA:190,0
DA:196,0
DA:197,0
DA:198,0
DA:200,0
DA:201,0
DA:203,0
DA:204,22
DA:208,8
DA:209,14
DA:210,0
DA:211,0
DA:223,31
DA:224,31
DA:235,31
DA:236,0
DA:239,31
DA:243,31
DA:244,31
DA:246,31
DA:264,1
DA:270,1
LF:69
LH:51
BRDA:129,0,0,9
BRDA:129,0,1,0
BRDA:133,1,0,9
BRDA:133,1,1,1
BRDA:136,2,0,0
BRDA:136,2,1,9
BRDA:148,3,0,0
BRDA:148,3,1,9
BRDA:149,4,0,9
BRDA:149,4,1,0
BRDA:149,4,2,0
BRDA:165,5,0,9
BRDA:165,5,1,0
BRDA:180,6,0,22
BRDA:180,6,1,0
BRDA:183,7,0,0
BRDA:183,7,1,22
BRDA:184,8,0,22
BRDA:184,8,1,22
BRDA:184,8,2,0
BRDA:184,8,3,0
BRDA:197,9,0,0
BRDA:197,9,1,0
BRDA:197,10,0,0
BRDA:197,10,1,0
BRDA:204,11,0,8
BRDA:204,11,1,14
BRDA:205,12,0,22
BRDA:205,12,1,9
BRDA:209,13,0,0
BRDA:209,13,1,14
BRDA:235,14,0,0
BRDA:235,14,1,31
BRDA:248,15,0,31
BRDA:248,15,1,11
BRDA:248,15,2,0
BRDA:252,16,0,31
BRDA:252,16,1,0
BRDA:252,16,2,0
BRF:39
BRH:20
end_of_record
TN:
SF:src/common/utils.js
FN:5,(anonymous_0)
FN:33,(anonymous_1)
FN:43,(anonymous_2)
FN:45,(anonymous_3)
FN:48,(anonymous_4)
FN:59,(anonymous_5)
FN:63,(anonymous_6)
FN:64,(anonymous_7)
FN:73,(anonymous_8)
FN:77,(anonymous_9)
FN:81,(anonymous_10)
FN:88,(anonymous_11)
FN:94,(anonymous_12)
FN:96,(anonymous_13)
FN:102,(anonymous_14)
FNF:15
FNH:4
FNDA:71,(anonymous_0)
FNDA:0,(anonymous_1)
FNDA:9,(anonymous_2)
FNDA:0,(anonymous_3)
FNDA:0,(anonymous_4)
FNDA:0,(anonymous_5)
FNDA:0,(anonymous_6)
FNDA:0,(anonymous_7)
FNDA:120,(anonymous_8)
FNDA:6,(anonymous_9)
FNDA:0,(anonymous_10)
FNDA:0,(anonymous_11)
FNDA:0,(anonymous_12)
FNDA:0,(anonymous_13)
FNDA:0,(anonymous_14)
DA:5,1
DA:11,71
DA:12,71
DA:14,71
DA:19,0
DA:22,71
DA:33,1
DA:34,0
DA:35,0
DA:36,0
DA:39,0
DA:43,1
DA:45,9
DA:46,0
DA:47,0
DA:48,0
DA:49,0
DA:50,0
DA:52,0
DA:53,0
DA:54,0
DA:55,0
DA:59,1
DA:60,0
DA:63,1
DA:64,0
DA:65,0
DA:66,0
DA:68,0
DA:73,1
DA:74,120
DA:77,1
DA:78,6
DA:81,1
DA:86,0
DA:88,0
DA:89,0
DA:91,0
DA:95,0
DA:96,0
DA:102,0
DA:103,0
DA:104,0
DA:105,0
DA:110,0
DA:113,0
LF:46
LH:15
BRDA:12,0,0,0
BRDA:14,1,0,0
BRDA:14,1,1,71
BRDA:15,2,0,71
BRDA:15,2,1,22
BRDA:15,2,2,1
BRDA:22,3,0,0
BRDA:22,3,1,71
BRDA:23,4,0,0
BRDA:23,4,1,0
BRDA:34,5,0,0
BRDA:34,5,1,0
BRDA:35,6,0,0
BRDA:35,6,1,0
BRDA:50,7,0,0
BRDA:50,7,1,0
BRDA:52,8,0,0
BRDA:52,8,1,0
BRDA:55,9,0,0
BRDA:55,9,1,0
BRDA:59,10,0,0
BRDA:84,11,0,0
BRDA:89,12,0,0
BRDA:89,12,1,0
BRDA:103,13,0,0
BRDA:103,13,1,0
BRDA:104,14,0,0
BRDA:104,14,1,0
BRDA:106,15,0,0
BRDA:106,15,1,0
BRF:30
BRH:5
end_of_record
TN:
SF:src/common/context/AppContext.js
FNF:0
FNH:0
DA:3,1
DA:5,1
DA:6,1
LF:3
LH:3
BRF:0
BRH:0
end_of_record
TN:
SF:src/common/context/index.js
FNF:0
FNH:0
LF:0
LH:0
BRF:0
BRH:0
end_of_record
TN:
SF:src/components/Button.js
FN:4,(anonymous_0)
FNF:1
FNH:1
FNDA:40,(anonymous_0)
DA:4,40
DA:6,1
LF:2
LH:2
BRF:0
BRH:0
end_of_record
TN:
SF:src/components/Input.js
FN:7,(anonymous_0)
FN:14,(anonymous_1)
FN:21,(anonymous_2)
FNF:3
FNH:2
FNDA:9,(anonymous_0)
FNDA:0,(anonymous_1)
FNDA:18,(anonymous_2)
DA:5,9
DA:8,9
DA:9,9
DA:10,0
DA:14,9
DA:15,0
DA:16,0
DA:18,0
DA:31,18
DA:32,18
DA:34,18
DA:62,1
DA:70,1
LF:13
LH:9
BRDA:9,0,0,0
BRDA:9,0,1,9
BRDA:32,1,0,18
BRDA:32,1,1,9
BRDA:32,1,2,9
BRDA:40,2,0,18
BRDA:40,2,1,0
BRDA:44,3,0,18
BRDA:44,3,1,0
BRDA:45,4,0,0
BRDA:45,4,1,0
BRF:11
BRH:6
end_of_record
TN:
SF:src/components/List.js
FN:7,(anonymous_0)
FN:19,(anonymous_1)
FNF:2
FNH:2
FNDA:147,(anonymous_0)
FNDA:120,(anonymous_1)
DA:7,1
DA:17,147
DA:21,120
DA:24,120
DA:25,0
DA:35,120
DA:50,1
LF:7
LH:6
BRDA:10,0,0,0
BRDA:11,1,0,0
BRDA:13,2,0,147
BRDA:21,3,0,0
BRDA:21,3,1,120
BRDA:24,4,0,0
BRDA:24,4,1,120
BRDA:28,5,0,0
BRDA:28,5,1,0
BRDA:39,6,0,120
BRDA:39,6,1,0
BRF:11
BRH:4
end_of_record
TN:
SF:src/components/Loader.js
FN:3,(anonymous_0)
FNF:1
FNH:0
FNDA:0,(anonymous_0)
DA:3,1
DA:4,0
LF:2
LH:1
BRF:0
BRH:0
end_of_record
TN:
SF:src/components/ViewMore.js
FN:3,(anonymous_0)
FNF:1
FNH:0
FNDA:0,(anonymous_0)
DA:3,1
DA:4,0
LF:2
LH:1
BRDA:4,0,0,0
BRDA:4,0,1,0
BRF:2
BRH:0
end_of_record
TN:
SF:src/components/index.js
FNF:0
FNH:0
LF:0
LH:0
BRF:0
BRH:0
end_of_record
TN:
SF:src/components/utils/constants.js
FNF:0
FNH:0
DA:1,1
LF:1
LH:1
BRF:0
BRH:0
end_of_record
TN:
SF:src/components/utils/index.js
FNF:0
FNH:0
LF:0
LH:0
BRF:0
BRH:0
end_of_record
TN:
SF:src/config/constants.js
FNF:0
FNH:0
DA:1,1
DA:7,1
DA:14,1
DA:20,1
DA:25,1
DA:30,1
DA:39,1
DA:45,1
LF:8
LH:8
BRF:0
BRH:0
end_of_record
TN:
SF:src/config/index.js
FNF:0
FNH:0
LF:0
LH:0
BRF:0
BRH:0
end_of_record
TN:
SF:src/config/searchConfigurations.js
FN:31,(anonymous_0)
FN:32,(anonymous_1)
FNF:2
FNH:0
FNDA:0,(anonymous_0)
FNDA:0,(anonymous_1)
DA:1,1
LF:1
LH:1
BRF:0
BRH:0
end_of_record
TN:
SF:src/modules/products/Products.js
FN:12,(anonymous_0)
FN:15,(anonymous_1)
FNF:2
FNH:2
FNDA:9,(anonymous_0)
FNDA:31,(anonymous_1)
DA:12,1
DA:13,9
DA:16,31
DA:17,0
DA:26,31
DA:27,31
DA:29,31
DA:46,1
DA:48,1
DA:59,1
LF:10
LH:9
BRDA:16,0,0,0
BRDA:16,0,1,31
BRF:2
BRH:1
end_of_record
TN:
SF:src/modules/products/ProductsContainer.js
FN:8,(anonymous_0)
FN:42,(anonymous_1)
FN:83,(anonymous_2)
FN:97,(anonymous_3)
FN:124,(anonymous_4)
FN:125,(anonymous_5)
FN:171,(anonymous_6)
FNF:7
FNH:5
FNDA:9,(anonymous_0)
FNDA:31,(anonymous_1)
FNDA:2,(anonymous_2)
FNDA:1,(anonymous_3)
FNDA:0,(anonymous_4)
FNDA:0,(anonymous_5)
FNDA:31,(anonymous_6)
DA:19,9
DA:22,9
DA:23,9
DA:27,9
DA:31,9
DA:69,31
DA:71,31
DA:72,31
DA:73,31
DA:74,31
DA:77,31
DA:79,31
DA:81,31
DA:83,31
DA:84,2
DA:85,2
DA:87,2
DA:89,2
DA:93,2
DA:94,2
DA:97,31
DA:98,1
DA:99,1
DA:100,1
DA:101,1
DA:106,1
DA:107,1
DA:108,0
DA:113,1
DA:116,0
DA:124,31
DA:126,0
DA:127,0
DA:132,31
DA:155,31
DA:168,31
DA:172,31
DA:173,31
DA:175,31
DA:184,1
LF:40
LH:36
BRDA:11,0,0,0
BRDA:14,1,0,9
BRDA:15,2,0,9
BRDA:59,3,0,0
BRDA:62,4,0,31
BRDA:64,5,0,31
BRDA:79,6,0,31
BRDA:79,6,1,18
BRDA:80,7,0,18
BRDA:80,8,0,18
BRDA:80,9,0,18
BRDA:81,10,0,31
BRDA:81,10,1,18
BRDA:87,11,0,2
BRDA:87,11,1,2
BRDA:87,11,2,0
BRDA:89,12,0,0
BRDA:89,12,1,2
BRDA:99,13,0,1
BRDA:99,13,1,0
BRDA:106,14,0,1
BRDA:106,14,1,0
BRDA:107,15,0,0
BRDA:107,15,1,1
BRF:24
BRH:17
end_of_record
TN:
SF:src/modules/products/index.js
FNF:0
FNH:0
LF:0
LH:0
BRF:0
BRH:0
end_of_record
TN:
SF:src/modules/products/__tests__/mocks/searchMock.js
FNF:0
FNH:0
DA:1,1
DA:45,1
LF:2
LH:2
BRF:0
BRH:0
end_of_record
TN:
SF:src/modules/products/productsWrapper/NoProducts.js
FN:3,(anonymous_0)
FNF:1
FNH:1
FNDA:10,(anonymous_0)
DA:3,1
DA:4,10
LF:2
LH:2
BRF:0
BRH:0
end_of_record
TN:
SF:src/modules/products/productsWrapper/ProductsWrapper.js
FN:14,(anonymous_0)
FN:27,(anonymous_1)
FN:44,(anonymous_2)
FN:49,(anonymous_3)
FN:56,(anonymous_4)
FN:183,(anonymous_5)
FN:190,(anonymous_6)
FNF:7
FNH:6
FNDA:9,(anonymous_0)
FNDA:0,(anonymous_1)
FNDA:2,(anonymous_2)
FNDA:9,(anonymous_3)
FNDA:30,(anonymous_4)
FNDA:8,(anonymous_5)
FNDA:39,(anonymous_6)
DA:15,9
DA:17,9
DA:18,9
DA:24,9
DA:27,9
DA:28,0
DA:30,0
DA:32,0
DA:34,0
DA:36,0
DA:40,0
DA:44,9
DA:45,2
DA:46,2
DA:50,9
DA:51,9
DA:52,0
DA:69,30
DA:70,30
DA:72,30
DA:77,30
DA:81,11
DA:82,6
DA:87,6
DA:91,6
DA:94,5
DA:99,0
DA:102,5
DA:103,0
DA:104,0
DA:107,0
DA:108,0
DA:110,0
DA:114,5
DA:115,0
DA:118,5
DA:123,2
DA:128,2
DA:129,0
DA:130,2
DA:134,0
DA:135,0
DA:137,2
DA:149,2
DA:152,3
DA:153,0
DA:157,0
DA:158,0
DA:162,22
DA:167,0
DA:168,0
DA:169,0
DA:172,0
DA:176,0
DA:184,8
DA:185,8
DA:186,0
DA:191,39
DA:214,39
DA:215,39
DA:218,39
DA:223,2
DA:227,37
DA:228,10
DA:229,2
DA:231,10
DA:235,27
DA:239,27
DA:241,27
DA:258,27
DA:265,27
DA:290,1
LF:72
LH:46
BRDA:36,0,0,0
BRDA:36,0,1,0
BRDA:37,1,0,0
BRDA:37,1,1,0
BRDA:51,2,0,0
BRDA:51,2,1,9
BRDA:59,3,0,0
BRDA:72,4,0,30
BRDA:72,4,1,0
BRDA:77,5,0,11
BRDA:77,5,1,19
BRDA:78,6,0,30
BRDA:78,6,1,11
BRDA:81,7,0,6
BRDA:81,7,1,5
BRDA:81,8,0,11
BRDA:81,8,1,9
BRDA:94,9,0,0
BRDA:94,9,1,5
BRDA:95,10,0,5
BRDA:95,10,1,3
BRDA:95,10,2,0
BRDA:102,11,0,0
BRDA:102,11,1,5
BRDA:102,12,0,5
BRDA:102,12,1,2
BRDA:103,13,0,0
BRDA:103,13,1,0
BRDA:107,14,0,0
BRDA:107,14,1,0
BRDA:114,15,0,0
BRDA:114,15,1,5
BRDA:118,16,0,2
BRDA:118,16,1,3
BRDA:119,17,0,5
BRDA:119,17,1,5
BRDA:119,17,2,5
BRDA:119,17,3,5
BRDA:128,18,0,0
BRDA:128,18,1,2
BRDA:130,19,0,0
BRDA:130,19,1,2
BRDA:131,20,0,2
BRDA:131,20,1,2
BRDA:137,21,0,2
BRDA:137,21,1,0
BRDA:152,22,0,0
BRDA:152,22,1,3
BRDA:152,23,0,3
BRDA:152,23,1,3
BRDA:162,24,0,0
BRDA:162,24,1,22
BRDA:163,25,0,22
BRDA:163,25,1,22
BRDA:163,25,2,22
BRDA:167,26,0,0
BRDA:167,26,1,0
BRDA:172,27,0,0
BRDA:172,27,1,0
BRDA:173,28,0,0
BRDA:173,28,1,0
BRDA:185,29,0,0
BRDA:185,29,1,8
BRDA:218,30,0,2
BRDA:218,30,1,37
BRDA:219,31,0,39
BRDA:219,31,1,21
BRDA:219,31,2,3
BRDA:227,32,0,10
BRDA:227,32,1,27
BRDA:227,33,0,37
BRDA:227,33,1,19
BRDA:228,34,0,2
BRDA:228,34,1,8
BRDA:235,35,0,27
BRDA:235,35,1,12
BRDA:235,35,2,12
BRDA:239,36,0,27
BRDA:239,36,1,11
BRDA:259,37,0,27
BRDA:259,37,1,27
BRDA:261,38,0,27
BRDA:261,38,1,0
BRDA:269,39,0,27
BRDA:269,39,1,8
BRDA:270,40,0,4
BRDA:270,40,1,4
BRDA:284,41,0,27
BRDA:284,41,1,1
BRF:89
BRH:61
end_of_record
TN:
SF:src/modules/products/productsWrapper/index.js
FNF:0
FNH:0
LF:0
LH:0
BRF:0
BRH:0
end_of_record
TN:
SF:src/modules/products/productsWrapper/productCards/GridProductCard.js
FN:9,(anonymous_0)
FN:36,(anonymous_1)
FN:39,(anonymous_2)
FN:44,(anonymous_3)
FN:57,(anonymous_4)
FN:60,(anonymous_5)
FNF:6
FNH:2
FNDA:60,(anonymous_0)
FNDA:0,(anonymous_1)
FNDA:0,(anonymous_2)
FNDA:0,(anonymous_3)
FNDA:120,(anonymous_4)
FNDA:0,(anonymous_5)
DA:10,60
DA:20,60
DA:23,60
DA:33,60
DA:36,60
DA:37,0
DA:39,0
DA:40,0
DA:45,0
DA:46,0
DA:48,0
DA:58,120
DA:59,120
DA:60,120
DA:61,0
DA:64,120
DA:73,120
DA:75,120
DA:78,120
DA:137,1
LF:20
LH:13
BRDA:45,0,0,0
BRDA:45,0,1,0
BRDA:98,1,0,120
BRDA:98,1,1,120
BRDA:118,2,0,120
BRDA:118,2,1,0
BRDA:124,3,0,120
BRDA:124,3,1,0
BRDA:124,3,2,0
BRF:9
BRH:4
end_of_record
TN:
SF:src/modules/products/productsWrapper/productCards/ListProductCard.js
FN:9,(anonymous_0)
FN:36,(anonymous_1)
FN:39,(anonymous_2)
FN:44,(anonymous_3)
FN:57,(anonymous_4)
FN:60,(anonymous_5)
FNF:6
FNH:0
FNDA:0,(anonymous_0)
FNDA:0,(anonymous_1)
FNDA:0,(anonymous_2)
FNDA:0,(anonymous_3)
FNDA:0,(anonymous_4)
FNDA:0,(anonymous_5)
DA:10,0
DA:20,0
DA:23,0
DA:33,0
DA:36,0
DA:37,0
DA:39,0
DA:40,0
DA:45,0
DA:46,0
DA:48,0
DA:58,0
DA:59,0
DA:60,0
DA:61,0
DA:64,0
DA:73,0
DA:75,0
DA:77,0
DA:134,1
LF:20
LH:1
BRDA:45,0,0,0
BRDA:45,0,1,0
BRDA:97,1,0,0
BRDA:97,1,1,0
BRDA:115,2,0,0
BRDA:115,2,1,0
BRDA:121,3,0,0
BRDA:121,3,1,0
BRDA:121,3,2,0
BRF:9
BRH:0
end_of_record
TN:
SF:src/modules/products/productsWrapper/productCards/index.js
FNF:0
FNH:0
LF:0
LH:0
BRF:0
BRH:0
end_of_record
TN:
SF:src/modules/products/productsWrapper/swatches/SwatchItem.js
FN:4,(anonymous_0)
FNF:1
FNH:0
FNDA:0,(anonymous_0)
DA:4,1
DA:5,0
DA:6,0
DA:21,1
LF:4
LH:2
BRDA:8,0,0,0
BRDA:8,0,1,0
BRF:2
BRH:0
end_of_record
TN:
SF:src/modules/products/productsWrapper/swatches/index.js
FNF:0
FNH:0
LF:0
LH:0
BRF:0
BRH:0
end_of_record
TN:
SF:src/modules/products/productsWrapper/views/GridView.js
FN:7,(anonymous_0)
FNF:1
FNH:1
FNDA:27,(anonymous_0)
DA:7,1
DA:22,27
DA:24,27
DA:46,1
LF:4
LH:4
BRDA:9,0,0,0
BRDA:29,1,0,27
BRDA:29,1,1,27
BRF:3
BRH:2
end_of_record
TN:
SF:src/modules/products/productsWrapper/views/ListView.js
FN:7,(anonymous_0)
FNF:1
FNH:0
FNDA:0,(anonymous_0)
DA:7,1
DA:21,0
DA:23,0
DA:44,1
LF:4
LH:2
BRDA:9,0,0,0
BRDA:28,1,0,0
BRDA:28,1,1,0
BRF:3
BRH:0
end_of_record
TN:
SF:src/modules/products/utils/constants.js
FNF:0
FNH:0
DA:1,1
LF:1
LH:1
BRF:0
BRH:0
end_of_record
TN:
SF:src/modules/products/utils/index.js
FNF:0
FNH:0
LF:0
LH:0
BRF:0
BRH:0
end_of_record
TN:
SF:src/modules/products/utils/utils.js
FN:1,(anonymous_0)
FN:45,(anonymous_1)
FN:79,(anonymous_2)
FN:80,(anonymous_3)
FNF:4
FNH:3
FNDA:60,(anonymous_0)
FNDA:0,(anonymous_1)
FNDA:8,(anonymous_2)
FNDA:80,(anonymous_3)
DA:1,1
DA:10,60
DA:20,60
DA:21,60
DA:22,60
DA:23,420
DA:24,420
DA:25,0
DA:27,0
DA:28,0
DA:31,0
DA:34,420
DA:35,60
DA:36,60
DA:39,360
DA:44,60
DA:45,0
DA:46,0
DA:47,0
DA:49,0
DA:51,0
DA:53,0
DA:54,0
DA:55,0
DA:57,0
DA:58,0
DA:59,0
DA:62,0
DA:66,0
DA:68,0
DA:69,0
DA:71,0
DA:75,60
DA:76,60
DA:79,1
DA:80,8
DA:81,80
DA:84,8
LF:38
LH:18
BRDA:24,0,0,0
BRDA:24,0,1,420
BRDA:24,1,0,420
BRDA:24,1,1,0
BRDA:25,2,0,0
BRDA:25,2,1,0
BRDA:29,3,0,0
BRDA:29,3,1,0
BRDA:29,4,0,0
BRDA:29,4,1,0
BRDA:34,5,0,60
BRDA:34,5,1,360
BRDA:37,6,0,60
BRDA:37,6,1,0
BRDA:37,7,0,60
BRDA:37,7,1,60
BRDA:44,8,0,0
BRDA:44,8,1,60
BRDA:57,9,0,0
BRDA:57,9,1,0
BRDA:60,10,0,0
BRDA:60,10,1,0
BRDA:60,11,0,0
BRDA:60,11,1,0
BRDA:68,12,0,0
BRDA:68,12,1,0
BRF:26
BRH:8
end_of_record
TN:
SF:src/modules/rangeFacets/utils/index.js
FNF:0
FNH:0
LF:0
LH:0
BRF:0
BRH:0
end_of_record
TN:
SF:src/modules/rangeFacets/utils/utils.js
FN:3,(anonymous_0)
FN:6,(anonymous_1)
FN:8,(anonymous_2)
FN:28,(anonymous_3)
FN:29,(anonymous_4)
FN:50,(anonymous_5)
FN:56,(anonymous_6)
FN:93,(anonymous_7)
FN:111,(anonymous_8)
FNF:9
FNH:0
FNDA:0,(anonymous_0)
FNDA:0,(anonymous_1)
FNDA:0,(anonymous_2)
FNDA:0,(anonymous_3)
FNDA:0,(anonymous_4)
FNDA:0,(anonymous_5)
FNDA:0,(anonymous_6)
FNDA:0,(anonymous_7)
FNDA:0,(anonymous_8)
DA:3,1
DA:4,0
DA:6,0
DA:7,0
DA:8,0
DA:9,0
DA:13,0
DA:14,0
DA:16,0
DA:25,0
DA:28,1
DA:29,0
DA:30,0
DA:32,0
DA:33,0
DA:34,0
DA:35,0
DA:37,0
DA:38,0
DA:49,0
DA:50,0
DA:51,0
DA:52,0
DA:53,0
DA:54,0
DA:56,0
DA:57,0
DA:58,0
DA:59,0
DA:60,0
DA:63,0
DA:64,0
DA:65,0
DA:66,0
DA:74,0
DA:76,0
DA:77,0
DA:79,0
DA:80,0
DA:81,0
DA:82,0
DA:93,0
DA:94,0
DA:95,0
DA:96,0
DA:97,0
DA:98,0
DA:104,0
DA:105,0
DA:108,0
DA:111,1
DA:112,0
DA:113,0
DA:114,0
DA:115,0
DA:116,0
DA:117,0
DA:118,0
DA:120,0
LF:59
LH:3
BRDA:13,0,0,0
BRDA:13,0,1,0
BRDA:32,1,0,0
BRDA:32,1,1,0
BRDA:36,2,0,0
BRDA:36,3,0,0
BRDA:37,4,0,0
BRDA:37,4,1,0
BRDA:60,5,0,0
BRDA:60,5,1,0
BRDA:63,6,0,0
BRDA:63,6,1,0
BRF:12
BRH:0
end_of_record
TN:
SF:src/modules/searchBox/SearchBox.js
FN:11,(anonymous_0)
FN:14,(anonymous_1)
FNF:2
FNH:2
FNDA:9,(anonymous_0)
FNDA:31,(anonymous_1)
DA:11,1
DA:12,9
DA:15,31
DA:16,0
DA:24,31
DA:26,31
DA:40,1
DA:42,1
DA:48,1
LF:9
LH:8
BRDA:15,0,0,0
BRDA:15,0,1,31
BRF:2
BRH:1
end_of_record
TN:
SF:src/modules/searchBox/SearchBoxContainer.js
FN:12,(anonymous_0)
FN:23,(anonymous_1)
FN:33,(anonymous_2)
FN:38,(anonymous_3)
FN:42,(anonymous_4)
FN:53,(anonymous_5)
FN:95,(anonymous_6)
FN:135,(anonymous_7)
FNF:8
FNH:5
FNDA:9,(anonymous_0)
FNDA:9,(anonymous_1)
FNDA:0,(anonymous_2)
FNDA:9,(anonymous_3)
FNDA:0,(anonymous_4)
FNDA:0,(anonymous_5)
FNDA:40,(anonymous_6)
FNDA:40,(anonymous_7)
DA:13,9
DA:15,9
DA:16,9
DA:17,9
DA:18,9
DA:20,9
DA:26,9
DA:27,9
DA:28,9
DA:29,9
DA:34,0
DA:35,0
DA:39,9
DA:43,0
DA:44,0
DA:46,0
DA:47,0
DA:49,0
DA:54,0
DA:57,0
DA:58,0
DA:59,0
DA:63,0
DA:70,0
DA:71,0
DA:72,0
DA:74,0
DA:78,0
DA:79,0
DA:80,0
DA:81,0
DA:83,0
DA:85,0
DA:86,0
DA:87,0
DA:89,0
DA:91,0
DA:92,0
DA:107,40
DA:109,40
DA:111,40
DA:122,40
DA:132,40
DA:136,40
DA:138,40
DA:146,1
LF:46
LH:19
BRDA:27,0,0,0
BRDA:28,1,0,9
BRDA:28,1,1,0
BRDA:28,2,0,9
BRDA:28,2,1,9
BRDA:46,3,0,0
BRDA:46,3,1,0
BRDA:47,4,0,0
BRDA:47,4,1,0
BRDA:71,5,0,0
BRDA:71,5,1,0
BRDA:78,6,0,0
BRDA:78,6,1,0
BRDA:79,7,0,0
BRDA:79,7,1,0
BRDA:79,8,0,0
BRDA:79,8,1,0
BRDA:85,9,0,0
BRDA:85,9,1,0
BRDA:109,10,0,40
BRDA:109,10,1,18
BRF:21
BRH:5
end_of_record
TN:
SF:src/modules/searchBox/SearchBoxWrapper.js
FN:7,(anonymous_0)
FNF:1
FNH:1
FNDA:40,(anonymous_0)
DA:7,1
DA:22,40
DA:23,40
DA:49,1
LF:4
LH:4
BRF:0
BRH:0
end_of_record
TN:
SF:src/modules/searchBox/index.js
FNF:0
FNH:0
LF:0
LH:0
BRF:0
BRH:0
end_of_record
TN:
SF:src/modules/searchBox/searchButton/SearchButton.js
FN:7,(anonymous_0)
FNF:1
FNH:1
FNDA:40,(anonymous_0)
DA:7,1
DA:8,40
DA:10,40
DA:19,1
LF:4
LH:4
BRDA:10,0,0,0
BRDA:10,0,1,40
BRF:2
BRH:1
end_of_record
TN:
SF:src/modules/searchBox/searchButton/index.js
FNF:0
FNH:0
LF:0
LH:0
BRF:0
BRH:0
end_of_record
TN:
SF:src/modules/searchBox/searchInput/RenderInput.js
FN:8,(anonymous_0)
FN:28,(anonymous_1)
FNF:2
FNH:2
FNDA:31,(anonymous_0)
FNDA:40,(anonymous_1)
DA:14,31
DA:15,31
DA:20,9
DA:21,0
DA:23,9
DA:37,40
DA:39,40
DA:54,1
LF:8
LH:7
BRDA:15,0,0,9
BRDA:15,0,1,22
BRDA:16,1,0,31
BRDA:16,1,1,9
BRDA:16,1,2,22
BRDA:20,2,0,0
BRDA:20,2,1,9
BRDA:23,3,0,9
BRDA:23,3,1,9
BRF:9
BRH:8
end_of_record
TN:
SF:src/modules/searchBox/searchInput/SearchInput.js
FN:6,(anonymous_0)
FNF:1
FNH:1
FNDA:40,(anonymous_0)
DA:6,1
DA:19,40
DA:21,40
DA:36,40
DA:43,1
LF:5
LH:5
BRDA:36,0,0,0
BRDA:36,0,1,40
BRF:2
BRH:1
end_of_record
TN:
SF:src/modules/searchBox/searchInput/index.js
FNF:0
FNH:0
LF:0
LH:0
BRF:0
BRH:0
end_of_record
TN:
SF:src/modules/textFacets/utils/index.js
FNF:0
FNH:0
LF:0
LH:0
BRF:0
BRH:0
end_of_record
TN:
SF:src/modules/textFacets/utils/utils.js
FN:3,(anonymous_0)
FN:4,(anonymous_1)
FN:7,(anonymous_2)
FN:8,(anonymous_3)
FN:18,(anonymous_4)
FN:20,(anonymous_5)
FN:41,(anonymous_6)
FN:54,(anonymous_7)
FNF:8
FNH:0
FNDA:0,(anonymous_0)
FNDA:0,(anonymous_1)
FNDA:0,(anonymous_2)
FNDA:0,(anonymous_3)
FNDA:0,(anonymous_4)
FNDA:0,(anonymous_5)
FNDA:0,(anonymous_6)
FNDA:0,(anonymous_7)
DA:3,1
DA:4,0
DA:7,1
DA:8,0
DA:9,0
DA:10,0
DA:11,0
DA:17,0
DA:18,0
DA:19,0
DA:20,0
DA:22,0
DA:23,0
DA:29,0
DA:34,0
DA:35,0
DA:37,0
DA:41,0
DA:42,0
DA:47,0
DA:48,0
DA:51,0
DA:54,1
DA:55,0
DA:56,0
DA:57,0
DA:58,0
DA:59,0
DA:60,0
DA:61,0
DA:62,0
DA:63,0
DA:65,0
LF:33
LH:3
BRDA:10,0,0,0
BRDA:10,0,1,0
BRDA:22,1,0,0
BRDA:22,1,1,0
BRF:4
BRH:0
end_of_record
TN:
SF:src/utils/getActiveFacets.js
FN:1,(anonymous_0)
FN:9,(anonymous_1)
FN:12,(anonymous_2)
FN:21,(anonymous_3)
FNF:4
FNH:0
FNDA:0,(anonymous_0)
FNDA:0,(anonymous_1)
FNDA:0,(anonymous_2)
FNDA:0,(anonymous_3)
DA:1,1
DA:2,0
DA:3,0
DA:4,0
DA:5,0
DA:6,0
DA:8,0
DA:9,0
DA:10,0
DA:11,0
DA:12,0
DA:13,0
DA:15,0
DA:18,0
DA:20,0
DA:21,0
DA:22,0
DA:23,0
DA:24,0
DA:25,0
DA:29,0
DA:35,0
LF:22
LH:1
BRDA:23,0,0,0
BRDA:23,0,1,0
BRF:2
BRH:0
end_of_record
TN:
SF:src/utils/getAnalytics.js
FN:3,getAnalytics
FN:6,(anonymous_1)
FN:10,(anonymous_2)
FN:20,(anonymous_3)
FN:30,(anonymous_4)
FN:43,(anonymous_5)
FN:56,(anonymous_6)
FNF:7
FNH:2
FNDA:92,getAnalytics
FNDA:0,(anonymous_1)
FNDA:0,(anonymous_2)
FNDA:0,(anonymous_3)
FNDA:0,(anonymous_4)
FNDA:8,(anonymous_5)
FNDA:0,(anonymous_6)
DA:4,92
DA:6,92
DA:7,0
DA:10,92
DA:11,0
DA:12,0
DA:13,0
DA:15,0
DA:20,92
DA:21,0
DA:22,0
DA:23,0
DA:25,0
DA:30,92
DA:31,0
DA:32,0
DA:33,0
DA:38,0
DA:43,92
DA:44,8
DA:45,0
DA:46,0
DA:51,0
DA:56,92
DA:57,0
DA:58,0
DA:59,0
DA:64,0
DA:69,92
LF:29
LH:9
BRDA:11,0,0,0
BRDA:11,0,1,0
BRDA:21,1,0,0
BRDA:21,1,1,0
BRDA:31,2,0,0
BRDA:31,2,1,0
BRDA:44,3,0,0
BRDA:44,3,1,8
BRDA:57,4,0,0
BRDA:57,4,1,0
BRF:10
BRH:1
end_of_record
TN:
SF:src/utils/getUpdatedResults.js
FN:1,getUpdatedResults
FNF:1
FNH:1
FNDA:9,getUpdatedResults
DA:2,9
DA:3,9
DA:4,9
DA:5,9
LF:4
LH:4
BRDA:1,0,0,0
BRF:1
BRH:0
end_of_record
TN:
SF:src/utils/handleViewTypeClick.js
FN:3,handleViewTypeClick
FN:16,(anonymous_1)
FNF:2
FNH:0
FNDA:0,handleViewTypeClick
FNDA:0,(anonymous_1)
DA:4,0
DA:7,0
DA:8,0
DA:9,0
DA:13,0
DA:15,0
DA:16,0
DA:17,0
DA:18,0
DA:25,0
LF:10
LH:0
BRDA:4,0,0,0
BRDA:4,0,1,0
BRDA:9,1,0,0
BRDA:9,1,1,0
BRDA:10,2,0,0
BRDA:10,2,1,0
BRDA:17,3,0,0
BRDA:17,3,1,0
BRF:8
BRH:0
end_of_record
TN:
SF:src/utils/index.js
FNF:0
FNH:0
LF:0
LH:0
BRF:0
BRH:0
end_of_record
TN:
SF:src/utils/manageRangeFacets.js
FN:8,manageRangeFacets
FN:14,(anonymous_1)
FN:43,(anonymous_2)
FN:73,(anonymous_3)
FNF:4
FNH:0
FNDA:0,manageRangeFacets
FNDA:0,(anonymous_1)
FNDA:0,(anonymous_2)
FNDA:0,(anonymous_3)
DA:14,0
DA:15,0
DA:16,0
DA:17,0
DA:18,0
DA:19,0
DA:20,0
DA:23,0
DA:24,0
DA:26,0
DA:32,0
DA:33,0
DA:41,0
DA:42,0
DA:43,0
DA:46,0
DA:57,0
DA:62,0
DA:64,0
DA:71,0
DA:72,0
DA:73,0
DA:79,0
DA:80,0
DA:85,0
DA:96,0
DA:101,0
DA:103,0
DA:106,0
DA:111,0
DA:116,0
DA:118,0
DA:122,0
DA:126,0
DA:131,0
DA:133,0
DA:141,0
DA:147,0
DA:148,0
DA:153,0
DA:156,0
DA:157,0
DA:160,0
DA:163,0
LF:44
LH:0
BRDA:9,0,0,0
BRDA:10,1,0,0
BRDA:11,2,0,0
BRDA:23,3,0,0
BRDA:23,3,1,0
BRDA:24,4,0,0
BRDA:24,4,1,0
BRDA:26,5,0,0
BRDA:26,5,1,0
BRDA:26,5,2,0
BRDA:26,5,3,0
BRDA:26,5,4,0
BRDA:26,5,5,0
BRDA:26,5,6,0
BRDA:30,6,0,0
BRDA:39,7,0,0
BRDA:69,8,0,0
BRDA:77,9,0,0
BRF:18
BRH:0
end_of_record
TN:
SF:src/utils/manageTextFacets.js
FN:5,manageTextFacets
FN:11,(anonymous_1)
FN:36,(anonymous_2)
FN:66,(anonymous_3)
FNF:4
FNH:0
FNDA:0,manageTextFacets
FNDA:0,(anonymous_1)
FNDA:0,(anonymous_2)
FNDA:0,(anonymous_3)
DA:11,0
DA:12,0
DA:13,0
DA:14,0
DA:15,0
DA:16,0
DA:17,0
DA:19,0
DA:25,0
DA:26,0
DA:34,0
DA:35,0
DA:36,0
DA:39,0
DA:50,0
DA:55,0
DA:57,0
DA:64,0
DA:65,0
DA:66,0
DA:72,0
DA:73,0
DA:78,0
DA:89,0
DA:94,0
DA:96,0
DA:99,0
DA:103,0
DA:108,0
DA:110,0
DA:114,0
DA:119,0
DA:124,0
DA:126,0
DA:134,0
DA:140,0
DA:141,0
DA:146,0
DA:149,0
DA:150,0
DA:153,0
DA:156,0
LF:42
LH:0
BRDA:6,0,0,0
BRDA:7,1,0,0
BRDA:8,2,0,0
BRDA:19,3,0,0
BRDA:19,3,1,0
BRDA:19,3,2,0
BRDA:19,3,3,0
BRDA:19,3,4,0
BRDA:19,3,5,0
BRDA:19,3,6,0
BRDA:23,4,0,0
BRDA:32,5,0,0
BRDA:62,6,0,0
BRDA:70,7,0,0
BRF:14
BRH:0
end_of_record
TN:
SF:src/utils/resetSearch.js
FN:3,resetSearch
FNF:1
FNH:0
FNDA:0,resetSearch
DA:7,0
DA:9,0
DA:10,0
DA:12,0
DA:13,0
DA:14,0
DA:15,0
DA:16,0
DA:17,0
DA:18,0
LF:10
LH:0
BRDA:9,0,0,0
BRDA:9,0,1,0
BRF:2
BRH:0
end_of_record
TN:
SF:src/utils/setCategoryPath.js
FN:1,(anonymous_0)
FNF:1
FNH:0
FNDA:0,(anonymous_0)
DA:1,1
DA:2,0
LF:2
LH:1
BRF:0
BRH:0
end_of_record
TN:
SF:src/utils/setFacetsActionConfiguration.js
FN:1,setFacetsActionConfiguration
FNF:1
FNH:0
FNDA:0,setFacetsActionConfiguration
DA:2,0
DA:3,0
LF:2
LH:0
BRDA:2,0,0,0
BRF:1
BRH:0
end_of_record
TN:
SF:src/utils/setMultilevelFacetsConfiguration.js
FN:1,setMultilevelFacetsConfiguration
FNF:1
FNH:0
FNDA:0,setMultilevelFacetsConfiguration
DA:2,0
DA:4,0
DA:7,0
LF:3
LH:0
BRF:0
BRH:0
end_of_record
TN:
SF:src/utils/setPageSizeConfiguration.js
FN:1,setPageSizeConfiguration
FN:5,(anonymous_1)
FNF:2
FNH:0
FNDA:0,setPageSizeConfiguration
FNDA:0,(anonymous_1)
DA:2,0
DA:3,0
DA:4,0
DA:5,0
DA:6,0
DA:12,0
DA:13,0
DA:14,0
DA:16,0
LF:9
LH:0
BRDA:1,0,0,0
BRDA:12,1,0,0
BRDA:12,1,1,0
BRF:3
BRH:0
end_of_record
TN:
SF:src/utils/setProductConfiguration.js
FN:3,setProductConfiguration
FN:38,(anonymous_1)
FNF:2
FNH:2
FNDA:9,setProductConfiguration
FNDA:9,(anonymous_1)
DA:12,9
DA:14,9
DA:15,9
DA:16,9
DA:17,9
DA:18,9
DA:20,9
DA:25,9
DA:27,0
DA:31,9
DA:35,2
DA:38,9
DA:39,9
LF:13
LH:12
BRDA:20,0,0,9
BRDA:20,0,1,0
BRDA:21,1,0,9
BRDA:21,1,1,9
BRDA:21,1,2,7
BRDA:31,2,0,2
BRDA:31,2,1,7
BRDA:32,3,0,9
BRDA:32,3,1,9
BRF:9
BRH:8
end_of_record
TN:
SF:src/utils/setRangeFacetsConfiguration.js
FN:1,setRangeFacetsConfiguration
FN:4,(anonymous_1)
FNF:2
FNH:0
FNDA:0,setRangeFacetsConfiguration
FNDA:0,(anonymous_1)
DA:2,0
DA:4,0
DA:5,0
LF:3
LH:0
BRF:0
BRH:0
end_of_record
TN:
SF:src/utils/setSearchBoxConfiguration.js
FN:3,setSearchBoxConfiguration
FN:10,(anonymous_1)
FNF:2
FNH:2
FNDA:9,setSearchBoxConfiguration
FNDA:9,(anonymous_1)
DA:7,9
DA:8,9
DA:9,9
DA:10,9
DA:11,9
LF:5
LH:5
BRF:0
BRH:0
end_of_record
TN:
SF:src/utils/setSortConfiguration.js
FN:1,setSortConfiguration
FN:3,(anonymous_1)
FNF:2
FNH:0
FNDA:0,setSortConfiguration
FNDA:0,(anonymous_1)
DA:2,0
DA:3,0
DA:4,0
DA:10,0
DA:11,0
DA:13,0
LF:6
LH:0
BRDA:1,0,0,0
BRDA:10,1,0,0
BRDA:10,1,1,0
BRF:3
BRH:0
end_of_record
TN:
SF:src/utils/setSpellCheckConfiguration.js
FN:1,setSpellCheckConfiguration
FNF:1
FNH:0
FNDA:0,setSpellCheckConfiguration
DA:2,0
DA:3,0
DA:5,0
LF:3
LH:0
BRDA:2,0,0,0
BRF:1
BRH:0
end_of_record
TN:
SF:src/utils/setViewTypeConfiguration.js
FN:1,setViewTypeConfiguration
FN:3,(anonymous_1)
FNF:2
FNH:0
FNDA:0,setViewTypeConfiguration
FNDA:0,(anonymous_1)
DA:2,0
DA:3,0
DA:4,0
DA:9,0
DA:10,0
DA:11,0
DA:12,0
LF:7
LH:0
BRDA:1,0,0,0
BRDA:9,1,0,0
BRDA:9,1,1,0
BRF:3
BRH:0
end_of_record
TN:
SF:src/utils/unbxdCallBack.js
FN:4,unbxdCallBack
FNF:1
FNH:1
FNDA:26,unbxdCallBack
DA:5,26
DA:6,11
DA:12,26
DA:13,11
DA:19,26
DA:20,0
DA:26,26
DA:30,0
DA:31,0
DA:32,0
DA:33,0
DA:34,0
DA:35,0
DA:39,26
LF:14
LH:7
BRDA:5,0,0,11
BRDA:5,0,1,15
BRDA:12,1,0,11
BRDA:12,1,1,15
BRDA:19,2,0,0
BRDA:19,2,1,26
BRDA:26,3,0,0
BRDA:26,3,1,26
BRDA:33,4,0,0
BRDA:33,4,1,0
BRDA:34,5,0,0
BRDA:34,5,1,0
BRF:12
BRH:6
end_of_record
